Random seed: -8896676560734276106
./executor.sh          -cp /tmp/tmp.5MWZMLqNU5:./verifier-stub/target/verifier-stub-1.0.jar -Dconcolic.execution=true -Ddse.witness=false -Ddse.b64encode=true -Dtaint.flow=OFF Shifting2
Decision{condition=(1 bvsgt '__int_0'), branches=2, branchId=1, assumption=false}
OK: 
./executor.sh     -Dconcolic.ints=[b64]MjE0NzQ4MzY0Nw==     -cp /tmp/tmp.5MWZMLqNU5:./verifier-stub/target/verifier-stub-1.0.jar -Dconcolic.execution=true -Ddse.witness=false -Ddse.b64encode=true -Dtaint.flow=OFF Shifting2
Decision{condition=(1 bvsle '__int_0'), branches=2, branchId=0, assumption=false}
Decision{condition=(100 bvslt '__int_0'), branches=2, branchId=0, assumption=false}
OK: 
./executor.sh     -Dconcolic.ints=[b64]Mzc=     -cp /tmp/tmp.5MWZMLqNU5:./verifier-stub/target/verifier-stub-1.0.jar -Dconcolic.execution=true -Ddse.witness=false -Ddse.b64encode=true -Dtaint.flow=OFF Shifting2
Decision{condition=(1 bvsle '__int_0'), branches=2, branchId=0, assumption=false}
Decision{condition=(100 bvsge '__int_0'), branches=2, branchId=1, assumption=false}
Decision{condition=(1 != (1 << ('__int_0' & 31))), branches=2, branchId=1, assumption=false}
OK: 
./executor.sh     -Dconcolic.ints=[b64]MzI=     -cp /tmp/tmp.5MWZMLqNU5:./verifier-stub/target/verifier-stub-1.0.jar -Dconcolic.execution=true -Ddse.witness=false -Ddse.b64encode=true -Dtaint.flow=OFF Shifting2
Decision{condition=(1 bvsle '__int_0'), branches=2, branchId=0, assumption=false}
Decision{condition=(100 bvsge '__int_0'), branches=2, branchId=1, assumption=false}
Decision{condition=(1 == (1 << ('__int_0' & 31))), branches=2, branchId=0, assumption=false}
ERROR: java/lang/AssertionError
Config.isCoverageReport: trueTRYING TO WRITE FILE: /mnt/c/PrivateProjects/BA_24/gdart-fork/coverage-report/src/test/java/Shifting2Test.java
Successfully saved file: /mnt/c/PrivateProjects/BA_24/gdart-fork/coverage-report/src/test/java/Shifting2Test.java

+ 0 : (1 bvsle '__int_0')
  + 0 : (100 bvslt '__int_0')
    + OK[complete path:true] . __int_0:=2147483647
  + 1 : (100 bvsge '__int_0')
    + 0 : (1 == (1 << ('__int_0' & 31)))
      + ERROR[complete path:true] . __int_0:=32 . java/lang/AssertionError
    + 1 : (1 != (1 << ('__int_0' & 31)))
      + OK[complete path:true] . __int_0:=37
+ 1 : (1 bvsgt '__int_0')
  + OK[complete path:true] . 

Flows recorded for 4 paths. Using 4 (1.0) paths for information flow analysis.
[END OF OUTPUT]
