Feb 16, 2025 10:40:06 PM tools.aqua.dse.tree.ConstraintsTree <init>
INFO: Exploration Strategy: tools.aqua.dse.tree.DFSExplorationStrategy@6fdb1f78
Feb 16, 2025 10:40:06 PM tools.aqua.dse.tree.ConstraintsTree <init>
INFO: Incremental solving: true
Feb 16, 2025 10:40:06 PM tools.aqua.dse.tree.ConstraintsTree <init>
INFO: Solver: CVC5SolverContext
SLF4J: Failed to load class "org.slf4j.impl.StaticLoggerBinder".
SLF4J: Defaulting to no-operation (NOP) logger implementation
SLF4J: See http://www.slf4j.org/codes.html#StaticLoggerBinder for further details.
Feb 16, 2025 10:46:52 PM tools.aqua.dse.testgeneration.TestGeneratorImpl lambda$generateTestsBasedOnValuations$1
INFO: Valuation mit 0 folgenden Entries:
Feb 16, 2025 10:46:52 PM tools.aqua.dse.testgeneration.TestGeneratorImpl lambda$generateTestsBasedOnValuations$1
INFO: Valuation mit 2 folgenden Entries:
Feb 16, 2025 10:46:52 PM tools.aqua.dse.testgeneration.TestGeneratorImpl lambda$generateTestsBasedOnValuations$0
INFO: Variable: '__int_0'
Wert: 9984
Feb 16, 2025 10:46:52 PM tools.aqua.dse.testgeneration.TestGeneratorImpl lambda$generateTestsBasedOnValuations$0
INFO: Variable: '__int_1'
Wert: 9999
Feb 16, 2025 10:46:52 PM tools.aqua.dse.testgeneration.TestGeneratorImpl lambda$generateTestsBasedOnValuations$1
INFO: Valuation mit 2 folgenden Entries:
Feb 16, 2025 10:46:52 PM tools.aqua.dse.testgeneration.TestGeneratorImpl lambda$generateTestsBasedOnValuations$0
INFO: Variable: '__int_0'
Wert: 9984
Feb 16, 2025 10:46:52 PM tools.aqua.dse.testgeneration.TestGeneratorImpl lambda$generateTestsBasedOnValuations$0
INFO: Variable: '__int_1'
Wert: 150
Feb 16, 2025 10:46:52 PM tools.aqua.dse.testgeneration.TestGeneratorImpl lambda$generateTestsBasedOnValuations$1
INFO: Valuation mit 2 folgenden Entries:
Feb 16, 2025 10:46:52 PM tools.aqua.dse.testgeneration.TestGeneratorImpl lambda$generateTestsBasedOnValuations$0
INFO: Variable: '__int_0'
Wert: 9984
Feb 16, 2025 10:46:52 PM tools.aqua.dse.testgeneration.TestGeneratorImpl lambda$generateTestsBasedOnValuations$0
INFO: Variable: '__int_1'
Wert: 149
Feb 16, 2025 10:46:52 PM tools.aqua.dse.testgeneration.TestGeneratorImpl lambda$generateTestsBasedOnValuations$1
INFO: Valuation mit 2 folgenden Entries:
Feb 16, 2025 10:46:52 PM tools.aqua.dse.testgeneration.TestGeneratorImpl lambda$generateTestsBasedOnValuations$0
INFO: Variable: '__int_0'
Wert: 9984
Feb 16, 2025 10:46:52 PM tools.aqua.dse.testgeneration.TestGeneratorImpl lambda$generateTestsBasedOnValuations$0
INFO: Variable: '__int_1'
Wert: 148
Feb 16, 2025 10:46:52 PM tools.aqua.dse.testgeneration.TestGeneratorImpl lambda$generateTestsBasedOnValuations$1
INFO: Valuation mit 2 folgenden Entries:
Feb 16, 2025 10:46:52 PM tools.aqua.dse.testgeneration.TestGeneratorImpl lambda$generateTestsBasedOnValuations$0
INFO: Variable: '__int_0'
Wert: 9984
Feb 16, 2025 10:46:52 PM tools.aqua.dse.testgeneration.TestGeneratorImpl lambda$generateTestsBasedOnValuations$0
INFO: Variable: '__int_1'
Wert: 147
Feb 16, 2025 10:46:52 PM tools.aqua.dse.testgeneration.TestGeneratorImpl lambda$generateTestsBasedOnValuations$1
INFO: Valuation mit 2 folgenden Entries:
Feb 16, 2025 10:46:52 PM tools.aqua.dse.testgeneration.TestGeneratorImpl lambda$generateTestsBasedOnValuations$0
INFO: Variable: '__int_0'
Wert: 9984
Feb 16, 2025 10:46:52 PM tools.aqua.dse.testgeneration.TestGeneratorImpl lambda$generateTestsBasedOnValuations$0
INFO: Variable: '__int_1'
Wert: 146
Feb 16, 2025 10:46:52 PM tools.aqua.dse.testgeneration.TestGeneratorImpl lambda$generateTestsBasedOnValuations$1
INFO: Valuation mit 2 folgenden Entries:
Feb 16, 2025 10:46:52 PM tools.aqua.dse.testgeneration.TestGeneratorImpl lambda$generateTestsBasedOnValuations$0
INFO: Variable: '__int_0'
Wert: 9984
Feb 16, 2025 10:46:52 PM tools.aqua.dse.testgeneration.TestGeneratorImpl lambda$generateTestsBasedOnValuations$0
INFO: Variable: '__int_1'
Wert: 145
Feb 16, 2025 10:46:52 PM tools.aqua.dse.testgeneration.TestGeneratorImpl lambda$generateTestsBasedOnValuations$1
INFO: Valuation mit 2 folgenden Entries:
Feb 16, 2025 10:46:52 PM tools.aqua.dse.testgeneration.TestGeneratorImpl lambda$generateTestsBasedOnValuations$0
INFO: Variable: '__int_0'
Wert: 9984
Feb 16, 2025 10:46:52 PM tools.aqua.dse.testgeneration.TestGeneratorImpl lambda$generateTestsBasedOnValuations$0
INFO: Variable: '__int_1'
Wert: 144
Feb 16, 2025 10:46:52 PM tools.aqua.dse.testgeneration.TestGeneratorImpl lambda$generateTestsBasedOnValuations$1
INFO: Valuation mit 2 folgenden Entries:
Feb 16, 2025 10:46:52 PM tools.aqua.dse.testgeneration.TestGeneratorImpl lambda$generateTestsBasedOnValuations$0
INFO: Variable: '__int_0'
Wert: 9984
Feb 16, 2025 10:46:52 PM tools.aqua.dse.testgeneration.TestGeneratorImpl lambda$generateTestsBasedOnValuations$0
INFO: Variable: '__int_1'
Wert: 143
Feb 16, 2025 10:46:52 PM tools.aqua.dse.testgeneration.TestGeneratorImpl lambda$generateTestsBasedOnValuations$1
INFO: Valuation mit 2 folgenden Entries:
Feb 16, 2025 10:46:52 PM tools.aqua.dse.testgeneration.TestGeneratorImpl lambda$generateTestsBasedOnValuations$0
INFO: Variable: '__int_0'
Wert: 9984
Feb 16, 2025 10:46:52 PM tools.aqua.dse.testgeneration.TestGeneratorImpl lambda$generateTestsBasedOnValuations$0
INFO: Variable: '__int_1'
Wert: 142
Feb 16, 2025 10:46:52 PM tools.aqua.dse.testgeneration.TestGeneratorImpl lambda$generateTestsBasedOnValuations$1
INFO: Valuation mit 2 folgenden Entries:
Feb 16, 2025 10:46:52 PM tools.aqua.dse.testgeneration.TestGeneratorImpl lambda$generateTestsBasedOnValuations$0
INFO: Variable: '__int_0'
Wert: 9984
Feb 16, 2025 10:46:52 PM tools.aqua.dse.testgeneration.TestGeneratorImpl lambda$generateTestsBasedOnValuations$0
INFO: Variable: '__int_1'
Wert: 141
Feb 16, 2025 10:46:52 PM tools.aqua.dse.testgeneration.TestGeneratorImpl lambda$generateTestsBasedOnValuations$1
INFO: Valuation mit 2 folgenden Entries:
Feb 16, 2025 10:46:52 PM tools.aqua.dse.testgeneration.TestGeneratorImpl lambda$generateTestsBasedOnValuations$0
INFO: Variable: '__int_0'
Wert: 9984
Feb 16, 2025 10:46:52 PM tools.aqua.dse.testgeneration.TestGeneratorImpl lambda$generateTestsBasedOnValuations$0
INFO: Variable: '__int_1'
Wert: 140
Feb 16, 2025 10:46:52 PM tools.aqua.dse.testgeneration.TestGeneratorImpl lambda$generateTestsBasedOnValuations$1
INFO: Valuation mit 2 folgenden Entries:
Feb 16, 2025 10:46:52 PM tools.aqua.dse.testgeneration.TestGeneratorImpl lambda$generateTestsBasedOnValuations$0
INFO: Variable: '__int_0'
Wert: 9984
Feb 16, 2025 10:46:52 PM tools.aqua.dse.testgeneration.TestGeneratorImpl lambda$generateTestsBasedOnValuations$0
INFO: Variable: '__int_1'
Wert: 139
Feb 16, 2025 10:46:52 PM tools.aqua.dse.testgeneration.TestGeneratorImpl lambda$generateTestsBasedOnValuations$1
INFO: Valuation mit 2 folgenden Entries:
Feb 16, 2025 10:46:52 PM tools.aqua.dse.testgeneration.TestGeneratorImpl lambda$generateTestsBasedOnValuations$0
INFO: Variable: '__int_0'
Wert: 9984
Feb 16, 2025 10:46:52 PM tools.aqua.dse.testgeneration.TestGeneratorImpl lambda$generateTestsBasedOnValuations$0
INFO: Variable: '__int_1'
Wert: 138
Feb 16, 2025 10:46:52 PM tools.aqua.dse.testgeneration.TestGeneratorImpl lambda$generateTestsBasedOnValuations$1
INFO: Valuation mit 2 folgenden Entries:
Feb 16, 2025 10:46:52 PM tools.aqua.dse.testgeneration.TestGeneratorImpl lambda$generateTestsBasedOnValuations$0
INFO: Variable: '__int_0'
Wert: 9984
Feb 16, 2025 10:46:52 PM tools.aqua.dse.testgeneration.TestGeneratorImpl lambda$generateTestsBasedOnValuations$0
INFO: Variable: '__int_1'
Wert: 137
Feb 16, 2025 10:46:52 PM tools.aqua.dse.testgeneration.TestGeneratorImpl lambda$generateTestsBasedOnValuations$1
INFO: Valuation mit 2 folgenden Entries:
Feb 16, 2025 10:46:52 PM tools.aqua.dse.testgeneration.TestGeneratorImpl lambda$generateTestsBasedOnValuations$0
INFO: Variable: '__int_0'
Wert: 9984
Feb 16, 2025 10:46:52 PM tools.aqua.dse.testgeneration.TestGeneratorImpl lambda$generateTestsBasedOnValuations$0
INFO: Variable: '__int_1'
Wert: 136
Feb 16, 2025 10:46:52 PM tools.aqua.dse.testgeneration.TestGeneratorImpl lambda$generateTestsBasedOnValuations$1
INFO: Valuation mit 2 folgenden Entries:
Feb 16, 2025 10:46:52 PM tools.aqua.dse.testgeneration.TestGeneratorImpl lambda$generateTestsBasedOnValuations$0
INFO: Variable: '__int_0'
Wert: 9984
Feb 16, 2025 10:46:52 PM tools.aqua.dse.testgeneration.TestGeneratorImpl lambda$generateTestsBasedOnValuations$0
INFO: Variable: '__int_1'
Wert: 135
Feb 16, 2025 10:46:52 PM tools.aqua.dse.testgeneration.TestGeneratorImpl lambda$generateTestsBasedOnValuations$1
INFO: Valuation mit 2 folgenden Entries:
Feb 16, 2025 10:46:52 PM tools.aqua.dse.testgeneration.TestGeneratorImpl lambda$generateTestsBasedOnValuations$0
INFO: Variable: '__int_0'
Wert: 9984
Feb 16, 2025 10:46:52 PM tools.aqua.dse.testgeneration.TestGeneratorImpl lambda$generateTestsBasedOnValuations$0
INFO: Variable: '__int_1'
Wert: 134
Feb 16, 2025 10:46:52 PM tools.aqua.dse.testgeneration.TestGeneratorImpl lambda$generateTestsBasedOnValuations$1
INFO: Valuation mit 2 folgenden Entries:
Feb 16, 2025 10:46:52 PM tools.aqua.dse.testgeneration.TestGeneratorImpl lambda$generateTestsBasedOnValuations$0
INFO: Variable: '__int_0'
Wert: 9984
Feb 16, 2025 10:46:52 PM tools.aqua.dse.testgeneration.TestGeneratorImpl lambda$generateTestsBasedOnValuations$0
INFO: Variable: '__int_1'
Wert: 133
Feb 16, 2025 10:46:52 PM tools.aqua.dse.testgeneration.TestGeneratorImpl lambda$generateTestsBasedOnValuations$1
INFO: Valuation mit 2 folgenden Entries:
Feb 16, 2025 10:46:52 PM tools.aqua.dse.testgeneration.TestGeneratorImpl lambda$generateTestsBasedOnValuations$0
INFO: Variable: '__int_0'
Wert: 9984
Feb 16, 2025 10:46:52 PM tools.aqua.dse.testgeneration.TestGeneratorImpl lambda$generateTestsBasedOnValuations$0
INFO: Variable: '__int_1'
Wert: 132
Feb 16, 2025 10:46:52 PM tools.aqua.dse.testgeneration.TestGeneratorImpl lambda$generateTestsBasedOnValuations$1
INFO: Valuation mit 2 folgenden Entries:
Feb 16, 2025 10:46:52 PM tools.aqua.dse.testgeneration.TestGeneratorImpl lambda$generateTestsBasedOnValuations$0
INFO: Variable: '__int_0'
Wert: 9984
Feb 16, 2025 10:46:52 PM tools.aqua.dse.testgeneration.TestGeneratorImpl lambda$generateTestsBasedOnValuations$0
INFO: Variable: '__int_1'
Wert: 131
Feb 16, 2025 10:46:52 PM tools.aqua.dse.testgeneration.TestGeneratorImpl lambda$generateTestsBasedOnValuations$1
INFO: Valuation mit 2 folgenden Entries:
Feb 16, 2025 10:46:52 PM tools.aqua.dse.testgeneration.TestGeneratorImpl lambda$generateTestsBasedOnValuations$0
INFO: Variable: '__int_0'
Wert: 9984
Feb 16, 2025 10:46:52 PM tools.aqua.dse.testgeneration.TestGeneratorImpl lambda$generateTestsBasedOnValuations$0
INFO: Variable: '__int_1'
Wert: 130
Feb 16, 2025 10:46:52 PM tools.aqua.dse.testgeneration.TestGeneratorImpl lambda$generateTestsBasedOnValuations$1
INFO: Valuation mit 2 folgenden Entries:
Feb 16, 2025 10:46:52 PM tools.aqua.dse.testgeneration.TestGeneratorImpl lambda$generateTestsBasedOnValuations$0
INFO: Variable: '__int_0'
Wert: 9984
Feb 16, 2025 10:46:52 PM tools.aqua.dse.testgeneration.TestGeneratorImpl lambda$generateTestsBasedOnValuations$0
INFO: Variable: '__int_1'
Wert: 129
Feb 16, 2025 10:46:52 PM tools.aqua.dse.testgeneration.TestGeneratorImpl lambda$generateTestsBasedOnValuations$1
INFO: Valuation mit 2 folgenden Entries:
Feb 16, 2025 10:46:52 PM tools.aqua.dse.testgeneration.TestGeneratorImpl lambda$generateTestsBasedOnValuations$0
INFO: Variable: '__int_0'
Wert: 9984
Feb 16, 2025 10:46:52 PM tools.aqua.dse.testgeneration.TestGeneratorImpl lambda$generateTestsBasedOnValuations$0
INFO: Variable: '__int_1'
Wert: 128
Feb 16, 2025 10:46:52 PM tools.aqua.dse.testgeneration.TestGeneratorImpl lambda$generateTestsBasedOnValuations$1
INFO: Valuation mit 2 folgenden Entries:
Feb 16, 2025 10:46:52 PM tools.aqua.dse.testgeneration.TestGeneratorImpl lambda$generateTestsBasedOnValuations$0
INFO: Variable: '__int_0'
Wert: 9984
Feb 16, 2025 10:46:52 PM tools.aqua.dse.testgeneration.TestGeneratorImpl lambda$generateTestsBasedOnValuations$0
INFO: Variable: '__int_1'
Wert: 127
Feb 16, 2025 10:46:52 PM tools.aqua.dse.testgeneration.TestGeneratorImpl lambda$generateTestsBasedOnValuations$1
INFO: Valuation mit 2 folgenden Entries:
Feb 16, 2025 10:46:52 PM tools.aqua.dse.testgeneration.TestGeneratorImpl lambda$generateTestsBasedOnValuations$0
INFO: Variable: '__int_0'
Wert: 9984
Feb 16, 2025 10:46:52 PM tools.aqua.dse.testgeneration.TestGeneratorImpl lambda$generateTestsBasedOnValuations$0
INFO: Variable: '__int_1'
Wert: 126
Feb 16, 2025 10:46:52 PM tools.aqua.dse.testgeneration.TestGeneratorImpl lambda$generateTestsBasedOnValuations$1
INFO: Valuation mit 2 folgenden Entries:
Feb 16, 2025 10:46:52 PM tools.aqua.dse.testgeneration.TestGeneratorImpl lambda$generateTestsBasedOnValuations$0
INFO: Variable: '__int_0'
Wert: 9984
Feb 16, 2025 10:46:52 PM tools.aqua.dse.testgeneration.TestGeneratorImpl lambda$generateTestsBasedOnValuations$0
INFO: Variable: '__int_1'
Wert: 125
Feb 16, 2025 10:46:52 PM tools.aqua.dse.testgeneration.TestGeneratorImpl lambda$generateTestsBasedOnValuations$1
INFO: Valuation mit 2 folgenden Entries:
Feb 16, 2025 10:46:52 PM tools.aqua.dse.testgeneration.TestGeneratorImpl lambda$generateTestsBasedOnValuations$0
INFO: Variable: '__int_0'
Wert: 9984
Feb 16, 2025 10:46:52 PM tools.aqua.dse.testgeneration.TestGeneratorImpl lambda$generateTestsBasedOnValuations$0
INFO: Variable: '__int_1'
Wert: 124
Feb 16, 2025 10:46:52 PM tools.aqua.dse.testgeneration.TestGeneratorImpl lambda$generateTestsBasedOnValuations$1
INFO: Valuation mit 2 folgenden Entries:
Feb 16, 2025 10:46:52 PM tools.aqua.dse.testgeneration.TestGeneratorImpl lambda$generateTestsBasedOnValuations$0
INFO: Variable: '__int_0'
Wert: 9984
Feb 16, 2025 10:46:52 PM tools.aqua.dse.testgeneration.TestGeneratorImpl lambda$generateTestsBasedOnValuations$0
INFO: Variable: '__int_1'
Wert: 123
Feb 16, 2025 10:46:52 PM tools.aqua.dse.testgeneration.TestGeneratorImpl lambda$generateTestsBasedOnValuations$1
INFO: Valuation mit 2 folgenden Entries:
Feb 16, 2025 10:46:52 PM tools.aqua.dse.testgeneration.TestGeneratorImpl lambda$generateTestsBasedOnValuations$0
INFO: Variable: '__int_0'
Wert: 9984
Feb 16, 2025 10:46:52 PM tools.aqua.dse.testgeneration.TestGeneratorImpl lambda$generateTestsBasedOnValuations$0
INFO: Variable: '__int_1'
Wert: 122
Feb 16, 2025 10:46:52 PM tools.aqua.dse.testgeneration.TestGeneratorImpl lambda$generateTestsBasedOnValuations$1
INFO: Valuation mit 2 folgenden Entries:
Feb 16, 2025 10:46:52 PM tools.aqua.dse.testgeneration.TestGeneratorImpl lambda$generateTestsBasedOnValuations$0
INFO: Variable: '__int_0'
Wert: 9984
Feb 16, 2025 10:46:52 PM tools.aqua.dse.testgeneration.TestGeneratorImpl lambda$generateTestsBasedOnValuations$0
INFO: Variable: '__int_1'
Wert: 121
Feb 16, 2025 10:46:52 PM tools.aqua.dse.testgeneration.TestGeneratorImpl lambda$generateTestsBasedOnValuations$1
INFO: Valuation mit 2 folgenden Entries:
Feb 16, 2025 10:46:52 PM tools.aqua.dse.testgeneration.TestGeneratorImpl lambda$generateTestsBasedOnValuations$0
INFO: Variable: '__int_0'
Wert: 9984
Feb 16, 2025 10:46:52 PM tools.aqua.dse.testgeneration.TestGeneratorImpl lambda$generateTestsBasedOnValuations$0
INFO: Variable: '__int_1'
Wert: 120
Feb 16, 2025 10:46:52 PM tools.aqua.dse.testgeneration.TestGeneratorImpl lambda$generateTestsBasedOnValuations$1
INFO: Valuation mit 2 folgenden Entries:
Feb 16, 2025 10:46:52 PM tools.aqua.dse.testgeneration.TestGeneratorImpl lambda$generateTestsBasedOnValuations$0
INFO: Variable: '__int_0'
Wert: 9984
Feb 16, 2025 10:46:52 PM tools.aqua.dse.testgeneration.TestGeneratorImpl lambda$generateTestsBasedOnValuations$0
INFO: Variable: '__int_1'
Wert: 119
Feb 16, 2025 10:46:52 PM tools.aqua.dse.testgeneration.TestGeneratorImpl lambda$generateTestsBasedOnValuations$1
INFO: Valuation mit 2 folgenden Entries:
Feb 16, 2025 10:46:52 PM tools.aqua.dse.testgeneration.TestGeneratorImpl lambda$generateTestsBasedOnValuations$0
INFO: Variable: '__int_0'
Wert: 9984
Feb 16, 2025 10:46:52 PM tools.aqua.dse.testgeneration.TestGeneratorImpl lambda$generateTestsBasedOnValuations$0
INFO: Variable: '__int_1'
Wert: 118
Feb 16, 2025 10:46:52 PM tools.aqua.dse.testgeneration.TestGeneratorImpl lambda$generateTestsBasedOnValuations$1
INFO: Valuation mit 2 folgenden Entries:
Feb 16, 2025 10:46:52 PM tools.aqua.dse.testgeneration.TestGeneratorImpl lambda$generateTestsBasedOnValuations$0
INFO: Variable: '__int_0'
Wert: 9984
Feb 16, 2025 10:46:52 PM tools.aqua.dse.testgeneration.TestGeneratorImpl lambda$generateTestsBasedOnValuations$0
INFO: Variable: '__int_1'
Wert: 117
Feb 16, 2025 10:46:52 PM tools.aqua.dse.testgeneration.TestGeneratorImpl lambda$generateTestsBasedOnValuations$1
INFO: Valuation mit 2 folgenden Entries:
Feb 16, 2025 10:46:52 PM tools.aqua.dse.testgeneration.TestGeneratorImpl lambda$generateTestsBasedOnValuations$0
INFO: Variable: '__int_0'
Wert: 9984
Feb 16, 2025 10:46:52 PM tools.aqua.dse.testgeneration.TestGeneratorImpl lambda$generateTestsBasedOnValuations$0
INFO: Variable: '__int_1'
Wert: 116
Feb 16, 2025 10:46:52 PM tools.aqua.dse.testgeneration.TestGeneratorImpl lambda$generateTestsBasedOnValuations$1
INFO: Valuation mit 2 folgenden Entries:
Feb 16, 2025 10:46:52 PM tools.aqua.dse.testgeneration.TestGeneratorImpl lambda$generateTestsBasedOnValuations$0
INFO: Variable: '__int_0'
Wert: 9984
Feb 16, 2025 10:46:52 PM tools.aqua.dse.testgeneration.TestGeneratorImpl lambda$generateTestsBasedOnValuations$0
INFO: Variable: '__int_1'
Wert: 115
Feb 16, 2025 10:46:52 PM tools.aqua.dse.testgeneration.TestGeneratorImpl lambda$generateTestsBasedOnValuations$1
INFO: Valuation mit 2 folgenden Entries:
Feb 16, 2025 10:46:52 PM tools.aqua.dse.testgeneration.TestGeneratorImpl lambda$generateTestsBasedOnValuations$0
INFO: Variable: '__int_0'
Wert: 9984
Feb 16, 2025 10:46:52 PM tools.aqua.dse.testgeneration.TestGeneratorImpl lambda$generateTestsBasedOnValuations$0
INFO: Variable: '__int_1'
Wert: 114
Feb 16, 2025 10:46:52 PM tools.aqua.dse.testgeneration.TestGeneratorImpl lambda$generateTestsBasedOnValuations$1
INFO: Valuation mit 2 folgenden Entries:
Feb 16, 2025 10:46:52 PM tools.aqua.dse.testgeneration.TestGeneratorImpl lambda$generateTestsBasedOnValuations$0
INFO: Variable: '__int_0'
Wert: 9984
Feb 16, 2025 10:46:52 PM tools.aqua.dse.testgeneration.TestGeneratorImpl lambda$generateTestsBasedOnValuations$0
INFO: Variable: '__int_1'
Wert: 113
Feb 16, 2025 10:46:52 PM tools.aqua.dse.testgeneration.TestGeneratorImpl lambda$generateTestsBasedOnValuations$1
INFO: Valuation mit 2 folgenden Entries:
Feb 16, 2025 10:46:52 PM tools.aqua.dse.testgeneration.TestGeneratorImpl lambda$generateTestsBasedOnValuations$0
INFO: Variable: '__int_0'
Wert: 9984
Feb 16, 2025 10:46:52 PM tools.aqua.dse.testgeneration.TestGeneratorImpl lambda$generateTestsBasedOnValuations$0
INFO: Variable: '__int_1'
Wert: 112
Feb 16, 2025 10:46:52 PM tools.aqua.dse.testgeneration.TestGeneratorImpl lambda$generateTestsBasedOnValuations$1
INFO: Valuation mit 2 folgenden Entries:
Feb 16, 2025 10:46:52 PM tools.aqua.dse.testgeneration.TestGeneratorImpl lambda$generateTestsBasedOnValuations$0
INFO: Variable: '__int_0'
Wert: 9984
Feb 16, 2025 10:46:52 PM tools.aqua.dse.testgeneration.TestGeneratorImpl lambda$generateTestsBasedOnValuations$0
INFO: Variable: '__int_1'
Wert: 111
Feb 16, 2025 10:46:52 PM tools.aqua.dse.testgeneration.TestGeneratorImpl lambda$generateTestsBasedOnValuations$1
INFO: Valuation mit 2 folgenden Entries:
Feb 16, 2025 10:46:52 PM tools.aqua.dse.testgeneration.TestGeneratorImpl lambda$generateTestsBasedOnValuations$0
INFO: Variable: '__int_0'
Wert: 9984
Feb 16, 2025 10:46:52 PM tools.aqua.dse.testgeneration.TestGeneratorImpl lambda$generateTestsBasedOnValuations$0
INFO: Variable: '__int_1'
Wert: 110
Feb 16, 2025 10:46:52 PM tools.aqua.dse.testgeneration.TestGeneratorImpl lambda$generateTestsBasedOnValuations$1
INFO: Valuation mit 2 folgenden Entries:
Feb 16, 2025 10:46:52 PM tools.aqua.dse.testgeneration.TestGeneratorImpl lambda$generateTestsBasedOnValuations$0
INFO: Variable: '__int_0'
Wert: 9984
Feb 16, 2025 10:46:52 PM tools.aqua.dse.testgeneration.TestGeneratorImpl lambda$generateTestsBasedOnValuations$0
INFO: Variable: '__int_1'
Wert: 109
Feb 16, 2025 10:46:52 PM tools.aqua.dse.testgeneration.TestGeneratorImpl lambda$generateTestsBasedOnValuations$1
INFO: Valuation mit 2 folgenden Entries:
Feb 16, 2025 10:46:52 PM tools.aqua.dse.testgeneration.TestGeneratorImpl lambda$generateTestsBasedOnValuations$0
INFO: Variable: '__int_0'
Wert: 9984
Feb 16, 2025 10:46:52 PM tools.aqua.dse.testgeneration.TestGeneratorImpl lambda$generateTestsBasedOnValuations$0
INFO: Variable: '__int_1'
Wert: 108
Feb 16, 2025 10:46:52 PM tools.aqua.dse.testgeneration.TestGeneratorImpl lambda$generateTestsBasedOnValuations$1
INFO: Valuation mit 2 folgenden Entries:
Feb 16, 2025 10:46:52 PM tools.aqua.dse.testgeneration.TestGeneratorImpl lambda$generateTestsBasedOnValuations$0
INFO: Variable: '__int_0'
Wert: 9984
Feb 16, 2025 10:46:52 PM tools.aqua.dse.testgeneration.TestGeneratorImpl lambda$generateTestsBasedOnValuations$0
INFO: Variable: '__int_1'
Wert: 107
Feb 16, 2025 10:46:52 PM tools.aqua.dse.testgeneration.TestGeneratorImpl lambda$generateTestsBasedOnValuations$1
INFO: Valuation mit 2 folgenden Entries:
Feb 16, 2025 10:46:52 PM tools.aqua.dse.testgeneration.TestGeneratorImpl lambda$generateTestsBasedOnValuations$0
INFO: Variable: '__int_0'
Wert: 9984
Feb 16, 2025 10:46:52 PM tools.aqua.dse.testgeneration.TestGeneratorImpl lambda$generateTestsBasedOnValuations$0
INFO: Variable: '__int_1'
Wert: 106
Feb 16, 2025 10:46:52 PM tools.aqua.dse.testgeneration.TestGeneratorImpl lambda$generateTestsBasedOnValuations$1
INFO: Valuation mit 2 folgenden Entries:
Feb 16, 2025 10:46:52 PM tools.aqua.dse.testgeneration.TestGeneratorImpl lambda$generateTestsBasedOnValuations$0
INFO: Variable: '__int_0'
Wert: 9984
Feb 16, 2025 10:46:52 PM tools.aqua.dse.testgeneration.TestGeneratorImpl lambda$generateTestsBasedOnValuations$0
INFO: Variable: '__int_1'
Wert: 105
Feb 16, 2025 10:46:52 PM tools.aqua.dse.testgeneration.TestGeneratorImpl lambda$generateTestsBasedOnValuations$1
INFO: Valuation mit 2 folgenden Entries:
Feb 16, 2025 10:46:52 PM tools.aqua.dse.testgeneration.TestGeneratorImpl lambda$generateTestsBasedOnValuations$0
INFO: Variable: '__int_0'
Wert: 9984
Feb 16, 2025 10:46:52 PM tools.aqua.dse.testgeneration.TestGeneratorImpl lambda$generateTestsBasedOnValuations$0
INFO: Variable: '__int_1'
Wert: 104
Feb 16, 2025 10:46:52 PM tools.aqua.dse.testgeneration.TestGeneratorImpl lambda$generateTestsBasedOnValuations$1
INFO: Valuation mit 2 folgenden Entries:
Feb 16, 2025 10:46:52 PM tools.aqua.dse.testgeneration.TestGeneratorImpl lambda$generateTestsBasedOnValuations$0
INFO: Variable: '__int_0'
Wert: 9984
Feb 16, 2025 10:46:52 PM tools.aqua.dse.testgeneration.TestGeneratorImpl lambda$generateTestsBasedOnValuations$0
INFO: Variable: '__int_1'
Wert: 103
Feb 16, 2025 10:46:52 PM tools.aqua.dse.testgeneration.TestGeneratorImpl lambda$generateTestsBasedOnValuations$1
INFO: Valuation mit 2 folgenden Entries:
Feb 16, 2025 10:46:52 PM tools.aqua.dse.testgeneration.TestGeneratorImpl lambda$generateTestsBasedOnValuations$0
INFO: Variable: '__int_0'
Wert: 9984
Feb 16, 2025 10:46:52 PM tools.aqua.dse.testgeneration.TestGeneratorImpl lambda$generateTestsBasedOnValuations$0
INFO: Variable: '__int_1'
Wert: 102
Feb 16, 2025 10:46:52 PM tools.aqua.dse.testgeneration.TestGeneratorImpl lambda$generateTestsBasedOnValuations$1
INFO: Valuation mit 2 folgenden Entries:
Feb 16, 2025 10:46:52 PM tools.aqua.dse.testgeneration.TestGeneratorImpl lambda$generateTestsBasedOnValuations$0
INFO: Variable: '__int_0'
Wert: 9984
Feb 16, 2025 10:46:52 PM tools.aqua.dse.testgeneration.TestGeneratorImpl lambda$generateTestsBasedOnValuations$0
INFO: Variable: '__int_1'
Wert: 101
Feb 16, 2025 10:46:52 PM tools.aqua.dse.testgeneration.TestGeneratorImpl lambda$generateTestsBasedOnValuations$1
INFO: Valuation mit 2 folgenden Entries:
Feb 16, 2025 10:46:52 PM tools.aqua.dse.testgeneration.TestGeneratorImpl lambda$generateTestsBasedOnValuations$0
INFO: Variable: '__int_0'
Wert: 9984
Feb 16, 2025 10:46:52 PM tools.aqua.dse.testgeneration.TestGeneratorImpl lambda$generateTestsBasedOnValuations$0
INFO: Variable: '__int_1'
Wert: 100
Feb 16, 2025 10:46:52 PM tools.aqua.dse.testgeneration.TestGeneratorImpl lambda$generateTestsBasedOnValuations$1
INFO: Valuation mit 2 folgenden Entries:
Feb 16, 2025 10:46:52 PM tools.aqua.dse.testgeneration.TestGeneratorImpl lambda$generateTestsBasedOnValuations$0
INFO: Variable: '__int_0'
Wert: 9984
Feb 16, 2025 10:46:52 PM tools.aqua.dse.testgeneration.TestGeneratorImpl lambda$generateTestsBasedOnValuations$0
INFO: Variable: '__int_1'
Wert: 99
Feb 16, 2025 10:46:52 PM tools.aqua.dse.testgeneration.TestGeneratorImpl lambda$generateTestsBasedOnValuations$1
INFO: Valuation mit 2 folgenden Entries:
Feb 16, 2025 10:46:52 PM tools.aqua.dse.testgeneration.TestGeneratorImpl lambda$generateTestsBasedOnValuations$0
INFO: Variable: '__int_0'
Wert: 9984
Feb 16, 2025 10:46:52 PM tools.aqua.dse.testgeneration.TestGeneratorImpl lambda$generateTestsBasedOnValuations$0
INFO: Variable: '__int_1'
Wert: 98
Feb 16, 2025 10:46:52 PM tools.aqua.dse.testgeneration.TestGeneratorImpl lambda$generateTestsBasedOnValuations$1
INFO: Valuation mit 2 folgenden Entries:
Feb 16, 2025 10:46:52 PM tools.aqua.dse.testgeneration.TestGeneratorImpl lambda$generateTestsBasedOnValuations$0
INFO: Variable: '__int_0'
Wert: 9984
Feb 16, 2025 10:46:52 PM tools.aqua.dse.testgeneration.TestGeneratorImpl lambda$generateTestsBasedOnValuations$0
INFO: Variable: '__int_1'
Wert: 97
Feb 16, 2025 10:46:52 PM tools.aqua.dse.testgeneration.TestGeneratorImpl lambda$generateTestsBasedOnValuations$1
INFO: Valuation mit 2 folgenden Entries:
Feb 16, 2025 10:46:52 PM tools.aqua.dse.testgeneration.TestGeneratorImpl lambda$generateTestsBasedOnValuations$0
INFO: Variable: '__int_0'
Wert: 9984
Feb 16, 2025 10:46:52 PM tools.aqua.dse.testgeneration.TestGeneratorImpl lambda$generateTestsBasedOnValuations$0
INFO: Variable: '__int_1'
Wert: 96
Feb 16, 2025 10:46:52 PM tools.aqua.dse.testgeneration.TestGeneratorImpl lambda$generateTestsBasedOnValuations$1
INFO: Valuation mit 2 folgenden Entries:
Feb 16, 2025 10:46:52 PM tools.aqua.dse.testgeneration.TestGeneratorImpl lambda$generateTestsBasedOnValuations$0
INFO: Variable: '__int_0'
Wert: 9984
Feb 16, 2025 10:46:52 PM tools.aqua.dse.testgeneration.TestGeneratorImpl lambda$generateTestsBasedOnValuations$0
INFO: Variable: '__int_1'
Wert: 95
Feb 16, 2025 10:46:52 PM tools.aqua.dse.testgeneration.TestGeneratorImpl lambda$generateTestsBasedOnValuations$1
INFO: Valuation mit 2 folgenden Entries:
Feb 16, 2025 10:46:52 PM tools.aqua.dse.testgeneration.TestGeneratorImpl lambda$generateTestsBasedOnValuations$0
INFO: Variable: '__int_0'
Wert: 9984
Feb 16, 2025 10:46:52 PM tools.aqua.dse.testgeneration.TestGeneratorImpl lambda$generateTestsBasedOnValuations$0
INFO: Variable: '__int_1'
Wert: 94
Feb 16, 2025 10:46:52 PM tools.aqua.dse.testgeneration.TestGeneratorImpl lambda$generateTestsBasedOnValuations$1
INFO: Valuation mit 2 folgenden Entries:
Feb 16, 2025 10:46:52 PM tools.aqua.dse.testgeneration.TestGeneratorImpl lambda$generateTestsBasedOnValuations$0
INFO: Variable: '__int_0'
Wert: 9984
Feb 16, 2025 10:46:52 PM tools.aqua.dse.testgeneration.TestGeneratorImpl lambda$generateTestsBasedOnValuations$0
INFO: Variable: '__int_1'
Wert: 93
Feb 16, 2025 10:46:52 PM tools.aqua.dse.testgeneration.TestGeneratorImpl lambda$generateTestsBasedOnValuations$1
INFO: Valuation mit 2 folgenden Entries:
Feb 16, 2025 10:46:52 PM tools.aqua.dse.testgeneration.TestGeneratorImpl lambda$generateTestsBasedOnValuations$0
INFO: Variable: '__int_0'
Wert: 9984
Feb 16, 2025 10:46:52 PM tools.aqua.dse.testgeneration.TestGeneratorImpl lambda$generateTestsBasedOnValuations$0
INFO: Variable: '__int_1'
Wert: 92
Feb 16, 2025 10:46:52 PM tools.aqua.dse.testgeneration.TestGeneratorImpl lambda$generateTestsBasedOnValuations$1
INFO: Valuation mit 2 folgenden Entries:
Feb 16, 2025 10:46:52 PM tools.aqua.dse.testgeneration.TestGeneratorImpl lambda$generateTestsBasedOnValuations$0
INFO: Variable: '__int_0'
Wert: 9984
Feb 16, 2025 10:46:52 PM tools.aqua.dse.testgeneration.TestGeneratorImpl lambda$generateTestsBasedOnValuations$0
INFO: Variable: '__int_1'
Wert: 91
Feb 16, 2025 10:46:52 PM tools.aqua.dse.testgeneration.TestGeneratorImpl lambda$generateTestsBasedOnValuations$1
INFO: Valuation mit 2 folgenden Entries:
Feb 16, 2025 10:46:52 PM tools.aqua.dse.testgeneration.TestGeneratorImpl lambda$generateTestsBasedOnValuations$0
INFO: Variable: '__int_0'
Wert: 9984
Feb 16, 2025 10:46:52 PM tools.aqua.dse.testgeneration.TestGeneratorImpl lambda$generateTestsBasedOnValuations$0
INFO: Variable: '__int_1'
Wert: 90
Feb 16, 2025 10:46:52 PM tools.aqua.dse.testgeneration.TestGeneratorImpl lambda$generateTestsBasedOnValuations$1
INFO: Valuation mit 2 folgenden Entries:
Feb 16, 2025 10:46:52 PM tools.aqua.dse.testgeneration.TestGeneratorImpl lambda$generateTestsBasedOnValuations$0
INFO: Variable: '__int_0'
Wert: 9984
Feb 16, 2025 10:46:52 PM tools.aqua.dse.testgeneration.TestGeneratorImpl lambda$generateTestsBasedOnValuations$0
INFO: Variable: '__int_1'
Wert: 89
Feb 16, 2025 10:46:52 PM tools.aqua.dse.testgeneration.TestGeneratorImpl lambda$generateTestsBasedOnValuations$1
INFO: Valuation mit 2 folgenden Entries:
Feb 16, 2025 10:46:52 PM tools.aqua.dse.testgeneration.TestGeneratorImpl lambda$generateTestsBasedOnValuations$0
INFO: Variable: '__int_0'
Wert: 9984
Feb 16, 2025 10:46:52 PM tools.aqua.dse.testgeneration.TestGeneratorImpl lambda$generateTestsBasedOnValuations$0
INFO: Variable: '__int_1'
Wert: 88
Feb 16, 2025 10:46:52 PM tools.aqua.dse.testgeneration.TestGeneratorImpl lambda$generateTestsBasedOnValuations$1
INFO: Valuation mit 2 folgenden Entries:
Feb 16, 2025 10:46:52 PM tools.aqua.dse.testgeneration.TestGeneratorImpl lambda$generateTestsBasedOnValuations$0
INFO: Variable: '__int_0'
Wert: 9984
Feb 16, 2025 10:46:52 PM tools.aqua.dse.testgeneration.TestGeneratorImpl lambda$generateTestsBasedOnValuations$0
INFO: Variable: '__int_1'
Wert: 87
Feb 16, 2025 10:46:52 PM tools.aqua.dse.testgeneration.TestGeneratorImpl lambda$generateTestsBasedOnValuations$1
INFO: Valuation mit 2 folgenden Entries:
Feb 16, 2025 10:46:52 PM tools.aqua.dse.testgeneration.TestGeneratorImpl lambda$generateTestsBasedOnValuations$0
INFO: Variable: '__int_0'
Wert: 9984
Feb 16, 2025 10:46:52 PM tools.aqua.dse.testgeneration.TestGeneratorImpl lambda$generateTestsBasedOnValuations$0
INFO: Variable: '__int_1'
Wert: 86
Feb 16, 2025 10:46:52 PM tools.aqua.dse.testgeneration.TestGeneratorImpl lambda$generateTestsBasedOnValuations$1
INFO: Valuation mit 2 folgenden Entries:
Feb 16, 2025 10:46:52 PM tools.aqua.dse.testgeneration.TestGeneratorImpl lambda$generateTestsBasedOnValuations$0
INFO: Variable: '__int_0'
Wert: 9984
Feb 16, 2025 10:46:52 PM tools.aqua.dse.testgeneration.TestGeneratorImpl lambda$generateTestsBasedOnValuations$0
INFO: Variable: '__int_1'
Wert: 85
Feb 16, 2025 10:46:52 PM tools.aqua.dse.testgeneration.TestGeneratorImpl lambda$generateTestsBasedOnValuations$1
INFO: Valuation mit 2 folgenden Entries:
Feb 16, 2025 10:46:52 PM tools.aqua.dse.testgeneration.TestGeneratorImpl lambda$generateTestsBasedOnValuations$0
INFO: Variable: '__int_0'
Wert: 9984
Feb 16, 2025 10:46:52 PM tools.aqua.dse.testgeneration.TestGeneratorImpl lambda$generateTestsBasedOnValuations$0
INFO: Variable: '__int_1'
Wert: 84
Feb 16, 2025 10:46:52 PM tools.aqua.dse.testgeneration.TestGeneratorImpl lambda$generateTestsBasedOnValuations$1
INFO: Valuation mit 2 folgenden Entries:
Feb 16, 2025 10:46:52 PM tools.aqua.dse.testgeneration.TestGeneratorImpl lambda$generateTestsBasedOnValuations$0
INFO: Variable: '__int_0'
Wert: 9984
Feb 16, 2025 10:46:52 PM tools.aqua.dse.testgeneration.TestGeneratorImpl lambda$generateTestsBasedOnValuations$0
INFO: Variable: '__int_1'
Wert: 83
Feb 16, 2025 10:46:52 PM tools.aqua.dse.testgeneration.TestGeneratorImpl lambda$generateTestsBasedOnValuations$1
INFO: Valuation mit 2 folgenden Entries:
Feb 16, 2025 10:46:52 PM tools.aqua.dse.testgeneration.TestGeneratorImpl lambda$generateTestsBasedOnValuations$0
INFO: Variable: '__int_0'
Wert: 9984
Feb 16, 2025 10:46:52 PM tools.aqua.dse.testgeneration.TestGeneratorImpl lambda$generateTestsBasedOnValuations$0
INFO: Variable: '__int_1'
Wert: 82
Feb 16, 2025 10:46:52 PM tools.aqua.dse.testgeneration.TestGeneratorImpl lambda$generateTestsBasedOnValuations$1
INFO: Valuation mit 2 folgenden Entries:
Feb 16, 2025 10:46:52 PM tools.aqua.dse.testgeneration.TestGeneratorImpl lambda$generateTestsBasedOnValuations$0
INFO: Variable: '__int_0'
Wert: 9984
Feb 16, 2025 10:46:52 PM tools.aqua.dse.testgeneration.TestGeneratorImpl lambda$generateTestsBasedOnValuations$0
INFO: Variable: '__int_1'
Wert: 81
Feb 16, 2025 10:46:52 PM tools.aqua.dse.testgeneration.TestGeneratorImpl lambda$generateTestsBasedOnValuations$1
INFO: Valuation mit 2 folgenden Entries:
Feb 16, 2025 10:46:52 PM tools.aqua.dse.testgeneration.TestGeneratorImpl lambda$generateTestsBasedOnValuations$0
INFO: Variable: '__int_0'
Wert: 9984
Feb 16, 2025 10:46:52 PM tools.aqua.dse.testgeneration.TestGeneratorImpl lambda$generateTestsBasedOnValuations$0
INFO: Variable: '__int_1'
Wert: 80
Feb 16, 2025 10:46:52 PM tools.aqua.dse.testgeneration.TestGeneratorImpl lambda$generateTestsBasedOnValuations$1
INFO: Valuation mit 2 folgenden Entries:
Feb 16, 2025 10:46:52 PM tools.aqua.dse.testgeneration.TestGeneratorImpl lambda$generateTestsBasedOnValuations$0
INFO: Variable: '__int_0'
Wert: 9984
Feb 16, 2025 10:46:52 PM tools.aqua.dse.testgeneration.TestGeneratorImpl lambda$generateTestsBasedOnValuations$0
INFO: Variable: '__int_1'
Wert: 79
Feb 16, 2025 10:46:52 PM tools.aqua.dse.testgeneration.TestGeneratorImpl lambda$generateTestsBasedOnValuations$1
INFO: Valuation mit 2 folgenden Entries:
Feb 16, 2025 10:46:52 PM tools.aqua.dse.testgeneration.TestGeneratorImpl lambda$generateTestsBasedOnValuations$0
INFO: Variable: '__int_0'
Wert: 9984
Feb 16, 2025 10:46:52 PM tools.aqua.dse.testgeneration.TestGeneratorImpl lambda$generateTestsBasedOnValuations$0
INFO: Variable: '__int_1'
Wert: 78
Feb 16, 2025 10:46:52 PM tools.aqua.dse.testgeneration.TestGeneratorImpl lambda$generateTestsBasedOnValuations$1
INFO: Valuation mit 2 folgenden Entries:
Feb 16, 2025 10:46:52 PM tools.aqua.dse.testgeneration.TestGeneratorImpl lambda$generateTestsBasedOnValuations$0
INFO: Variable: '__int_0'
Wert: 9984
Feb 16, 2025 10:46:52 PM tools.aqua.dse.testgeneration.TestGeneratorImpl lambda$generateTestsBasedOnValuations$0
INFO: Variable: '__int_1'
Wert: 77
Feb 16, 2025 10:46:52 PM tools.aqua.dse.testgeneration.TestGeneratorImpl lambda$generateTestsBasedOnValuations$1
INFO: Valuation mit 2 folgenden Entries:
Feb 16, 2025 10:46:52 PM tools.aqua.dse.testgeneration.TestGeneratorImpl lambda$generateTestsBasedOnValuations$0
INFO: Variable: '__int_0'
Wert: 9984
Feb 16, 2025 10:46:52 PM tools.aqua.dse.testgeneration.TestGeneratorImpl lambda$generateTestsBasedOnValuations$0
INFO: Variable: '__int_1'
Wert: 76
Feb 16, 2025 10:46:52 PM tools.aqua.dse.testgeneration.TestGeneratorImpl lambda$generateTestsBasedOnValuations$1
INFO: Valuation mit 2 folgenden Entries:
Feb 16, 2025 10:46:52 PM tools.aqua.dse.testgeneration.TestGeneratorImpl lambda$generateTestsBasedOnValuations$0
INFO: Variable: '__int_0'
Wert: 9984
Feb 16, 2025 10:46:52 PM tools.aqua.dse.testgeneration.TestGeneratorImpl lambda$generateTestsBasedOnValuations$0
INFO: Variable: '__int_1'
Wert: 75
Feb 16, 2025 10:46:52 PM tools.aqua.dse.testgeneration.TestGeneratorImpl lambda$generateTestsBasedOnValuations$1
INFO: Valuation mit 2 folgenden Entries:
Feb 16, 2025 10:46:52 PM tools.aqua.dse.testgeneration.TestGeneratorImpl lambda$generateTestsBasedOnValuations$0
INFO: Variable: '__int_0'
Wert: 9984
Feb 16, 2025 10:46:52 PM tools.aqua.dse.testgeneration.TestGeneratorImpl lambda$generateTestsBasedOnValuations$0
INFO: Variable: '__int_1'
Wert: 74
Feb 16, 2025 10:46:52 PM tools.aqua.dse.testgeneration.TestGeneratorImpl lambda$generateTestsBasedOnValuations$1
INFO: Valuation mit 2 folgenden Entries:
Feb 16, 2025 10:46:52 PM tools.aqua.dse.testgeneration.TestGeneratorImpl lambda$generateTestsBasedOnValuations$0
INFO: Variable: '__int_0'
Wert: 9984
Feb 16, 2025 10:46:52 PM tools.aqua.dse.testgeneration.TestGeneratorImpl lambda$generateTestsBasedOnValuations$0
INFO: Variable: '__int_1'
Wert: 73
Feb 16, 2025 10:46:52 PM tools.aqua.dse.testgeneration.TestGeneratorImpl lambda$generateTestsBasedOnValuations$1
INFO: Valuation mit 2 folgenden Entries:
Feb 16, 2025 10:46:52 PM tools.aqua.dse.testgeneration.TestGeneratorImpl lambda$generateTestsBasedOnValuations$0
INFO: Variable: '__int_0'
Wert: 9984
Feb 16, 2025 10:46:52 PM tools.aqua.dse.testgeneration.TestGeneratorImpl lambda$generateTestsBasedOnValuations$0
INFO: Variable: '__int_1'
Wert: 72
Feb 16, 2025 10:46:52 PM tools.aqua.dse.testgeneration.TestGeneratorImpl lambda$generateTestsBasedOnValuations$1
INFO: Valuation mit 2 folgenden Entries:
Feb 16, 2025 10:46:52 PM tools.aqua.dse.testgeneration.TestGeneratorImpl lambda$generateTestsBasedOnValuations$0
INFO: Variable: '__int_0'
Wert: 9984
Feb 16, 2025 10:46:52 PM tools.aqua.dse.testgeneration.TestGeneratorImpl lambda$generateTestsBasedOnValuations$0
INFO: Variable: '__int_1'
Wert: 71
Feb 16, 2025 10:46:52 PM tools.aqua.dse.testgeneration.TestGeneratorImpl lambda$generateTestsBasedOnValuations$1
INFO: Valuation mit 2 folgenden Entries:
Feb 16, 2025 10:46:52 PM tools.aqua.dse.testgeneration.TestGeneratorImpl lambda$generateTestsBasedOnValuations$0
INFO: Variable: '__int_0'
Wert: 9984
Feb 16, 2025 10:46:52 PM tools.aqua.dse.testgeneration.TestGeneratorImpl lambda$generateTestsBasedOnValuations$0
INFO: Variable: '__int_1'
Wert: 70
Feb 16, 2025 10:46:52 PM tools.aqua.dse.testgeneration.TestGeneratorImpl lambda$generateTestsBasedOnValuations$1
INFO: Valuation mit 2 folgenden Entries:
Feb 16, 2025 10:46:52 PM tools.aqua.dse.testgeneration.TestGeneratorImpl lambda$generateTestsBasedOnValuations$0
INFO: Variable: '__int_0'
Wert: 9984
Feb 16, 2025 10:46:52 PM tools.aqua.dse.testgeneration.TestGeneratorImpl lambda$generateTestsBasedOnValuations$0
INFO: Variable: '__int_1'
Wert: 69
Feb 16, 2025 10:46:52 PM tools.aqua.dse.testgeneration.TestGeneratorImpl lambda$generateTestsBasedOnValuations$1
INFO: Valuation mit 2 folgenden Entries:
Feb 16, 2025 10:46:52 PM tools.aqua.dse.testgeneration.TestGeneratorImpl lambda$generateTestsBasedOnValuations$0
INFO: Variable: '__int_0'
Wert: 9984
Feb 16, 2025 10:46:52 PM tools.aqua.dse.testgeneration.TestGeneratorImpl lambda$generateTestsBasedOnValuations$0
INFO: Variable: '__int_1'
Wert: 68
Feb 16, 2025 10:46:52 PM tools.aqua.dse.testgeneration.TestGeneratorImpl lambda$generateTestsBasedOnValuations$1
INFO: Valuation mit 2 folgenden Entries:
Feb 16, 2025 10:46:52 PM tools.aqua.dse.testgeneration.TestGeneratorImpl lambda$generateTestsBasedOnValuations$0
INFO: Variable: '__int_0'
Wert: 9984
Feb 16, 2025 10:46:52 PM tools.aqua.dse.testgeneration.TestGeneratorImpl lambda$generateTestsBasedOnValuations$0
INFO: Variable: '__int_1'
Wert: 67
Feb 16, 2025 10:46:52 PM tools.aqua.dse.testgeneration.TestGeneratorImpl lambda$generateTestsBasedOnValuations$1
INFO: Valuation mit 2 folgenden Entries:
Feb 16, 2025 10:46:52 PM tools.aqua.dse.testgeneration.TestGeneratorImpl lambda$generateTestsBasedOnValuations$0
INFO: Variable: '__int_0'
Wert: 9984
Feb 16, 2025 10:46:52 PM tools.aqua.dse.testgeneration.TestGeneratorImpl lambda$generateTestsBasedOnValuations$0
INFO: Variable: '__int_1'
Wert: 66
Feb 16, 2025 10:46:52 PM tools.aqua.dse.testgeneration.TestGeneratorImpl lambda$generateTestsBasedOnValuations$1
INFO: Valuation mit 2 folgenden Entries:
Feb 16, 2025 10:46:52 PM tools.aqua.dse.testgeneration.TestGeneratorImpl lambda$generateTestsBasedOnValuations$0
INFO: Variable: '__int_0'
Wert: 9984
Feb 16, 2025 10:46:52 PM tools.aqua.dse.testgeneration.TestGeneratorImpl lambda$generateTestsBasedOnValuations$0
INFO: Variable: '__int_1'
Wert: 65
Feb 16, 2025 10:46:52 PM tools.aqua.dse.testgeneration.TestGeneratorImpl lambda$generateTestsBasedOnValuations$1
INFO: Valuation mit 2 folgenden Entries:
Feb 16, 2025 10:46:52 PM tools.aqua.dse.testgeneration.TestGeneratorImpl lambda$generateTestsBasedOnValuations$0
INFO: Variable: '__int_0'
Wert: 9984
Feb 16, 2025 10:46:52 PM tools.aqua.dse.testgeneration.TestGeneratorImpl lambda$generateTestsBasedOnValuations$0
INFO: Variable: '__int_1'
Wert: 64
Feb 16, 2025 10:46:52 PM tools.aqua.dse.testgeneration.TestGeneratorImpl lambda$generateTestsBasedOnValuations$1
INFO: Valuation mit 2 folgenden Entries:
Feb 16, 2025 10:46:52 PM tools.aqua.dse.testgeneration.TestGeneratorImpl lambda$generateTestsBasedOnValuations$0
INFO: Variable: '__int_0'
Wert: 9984
Feb 16, 2025 10:46:52 PM tools.aqua.dse.testgeneration.TestGeneratorImpl lambda$generateTestsBasedOnValuations$0
INFO: Variable: '__int_1'
Wert: 63
Feb 16, 2025 10:46:52 PM tools.aqua.dse.testgeneration.TestGeneratorImpl lambda$generateTestsBasedOnValuations$1
INFO: Valuation mit 2 folgenden Entries:
Feb 16, 2025 10:46:52 PM tools.aqua.dse.testgeneration.TestGeneratorImpl lambda$generateTestsBasedOnValuations$0
INFO: Variable: '__int_0'
Wert: 9984
Feb 16, 2025 10:46:52 PM tools.aqua.dse.testgeneration.TestGeneratorImpl lambda$generateTestsBasedOnValuations$0
INFO: Variable: '__int_1'
Wert: 62
Feb 16, 2025 10:46:52 PM tools.aqua.dse.testgeneration.TestGeneratorImpl lambda$generateTestsBasedOnValuations$1
INFO: Valuation mit 2 folgenden Entries:
Feb 16, 2025 10:46:52 PM tools.aqua.dse.testgeneration.TestGeneratorImpl lambda$generateTestsBasedOnValuations$0
INFO: Variable: '__int_0'
Wert: 9984
Feb 16, 2025 10:46:52 PM tools.aqua.dse.testgeneration.TestGeneratorImpl lambda$generateTestsBasedOnValuations$0
INFO: Variable: '__int_1'
Wert: 61
Feb 16, 2025 10:46:52 PM tools.aqua.dse.testgeneration.TestGeneratorImpl lambda$generateTestsBasedOnValuations$1
INFO: Valuation mit 2 folgenden Entries:
Feb 16, 2025 10:46:52 PM tools.aqua.dse.testgeneration.TestGeneratorImpl lambda$generateTestsBasedOnValuations$0
INFO: Variable: '__int_0'
Wert: 9984
Feb 16, 2025 10:46:52 PM tools.aqua.dse.testgeneration.TestGeneratorImpl lambda$generateTestsBasedOnValuations$0
INFO: Variable: '__int_1'
Wert: 60
Feb 16, 2025 10:46:52 PM tools.aqua.dse.testgeneration.TestGeneratorImpl lambda$generateTestsBasedOnValuations$1
INFO: Valuation mit 2 folgenden Entries:
Feb 16, 2025 10:46:52 PM tools.aqua.dse.testgeneration.TestGeneratorImpl lambda$generateTestsBasedOnValuations$0
INFO: Variable: '__int_0'
Wert: 9984
Feb 16, 2025 10:46:52 PM tools.aqua.dse.testgeneration.TestGeneratorImpl lambda$generateTestsBasedOnValuations$0
INFO: Variable: '__int_1'
Wert: 59
Feb 16, 2025 10:46:52 PM tools.aqua.dse.testgeneration.TestGeneratorImpl lambda$generateTestsBasedOnValuations$1
INFO: Valuation mit 2 folgenden Entries:
Feb 16, 2025 10:46:52 PM tools.aqua.dse.testgeneration.TestGeneratorImpl lambda$generateTestsBasedOnValuations$0
INFO: Variable: '__int_0'
Wert: 9984
Feb 16, 2025 10:46:52 PM tools.aqua.dse.testgeneration.TestGeneratorImpl lambda$generateTestsBasedOnValuations$0
INFO: Variable: '__int_1'
Wert: 58
Feb 16, 2025 10:46:52 PM tools.aqua.dse.testgeneration.TestGeneratorImpl lambda$generateTestsBasedOnValuations$1
INFO: Valuation mit 2 folgenden Entries:
Feb 16, 2025 10:46:52 PM tools.aqua.dse.testgeneration.TestGeneratorImpl lambda$generateTestsBasedOnValuations$0
INFO: Variable: '__int_0'
Wert: 9984
Feb 16, 2025 10:46:52 PM tools.aqua.dse.testgeneration.TestGeneratorImpl lambda$generateTestsBasedOnValuations$0
INFO: Variable: '__int_1'
Wert: 57
Feb 16, 2025 10:46:52 PM tools.aqua.dse.testgeneration.TestGeneratorImpl lambda$generateTestsBasedOnValuations$1
INFO: Valuation mit 2 folgenden Entries:
Feb 16, 2025 10:46:52 PM tools.aqua.dse.testgeneration.TestGeneratorImpl lambda$generateTestsBasedOnValuations$0
INFO: Variable: '__int_0'
Wert: 9984
Feb 16, 2025 10:46:52 PM tools.aqua.dse.testgeneration.TestGeneratorImpl lambda$generateTestsBasedOnValuations$0
INFO: Variable: '__int_1'
Wert: 56
Feb 16, 2025 10:46:52 PM tools.aqua.dse.testgeneration.TestGeneratorImpl lambda$generateTestsBasedOnValuations$1
INFO: Valuation mit 2 folgenden Entries:
Feb 16, 2025 10:46:52 PM tools.aqua.dse.testgeneration.TestGeneratorImpl lambda$generateTestsBasedOnValuations$0
INFO: Variable: '__int_0'
Wert: 9984
Feb 16, 2025 10:46:52 PM tools.aqua.dse.testgeneration.TestGeneratorImpl lambda$generateTestsBasedOnValuations$0
INFO: Variable: '__int_1'
Wert: 55
Feb 16, 2025 10:46:52 PM tools.aqua.dse.testgeneration.TestGeneratorImpl lambda$generateTestsBasedOnValuations$1
INFO: Valuation mit 2 folgenden Entries:
Feb 16, 2025 10:46:52 PM tools.aqua.dse.testgeneration.TestGeneratorImpl lambda$generateTestsBasedOnValuations$0
INFO: Variable: '__int_0'
Wert: 9984
Feb 16, 2025 10:46:52 PM tools.aqua.dse.testgeneration.TestGeneratorImpl lambda$generateTestsBasedOnValuations$0
INFO: Variable: '__int_1'
Wert: 54
Feb 16, 2025 10:46:52 PM tools.aqua.dse.testgeneration.TestGeneratorImpl lambda$generateTestsBasedOnValuations$1
INFO: Valuation mit 2 folgenden Entries:
Feb 16, 2025 10:46:52 PM tools.aqua.dse.testgeneration.TestGeneratorImpl lambda$generateTestsBasedOnValuations$0
INFO: Variable: '__int_0'
Wert: 9984
Feb 16, 2025 10:46:52 PM tools.aqua.dse.testgeneration.TestGeneratorImpl lambda$generateTestsBasedOnValuations$0
INFO: Variable: '__int_1'
Wert: 53
Feb 16, 2025 10:46:52 PM tools.aqua.dse.testgeneration.TestGeneratorImpl lambda$generateTestsBasedOnValuations$1
INFO: Valuation mit 2 folgenden Entries:
Feb 16, 2025 10:46:52 PM tools.aqua.dse.testgeneration.TestGeneratorImpl lambda$generateTestsBasedOnValuations$0
INFO: Variable: '__int_0'
Wert: 9984
Feb 16, 2025 10:46:52 PM tools.aqua.dse.testgeneration.TestGeneratorImpl lambda$generateTestsBasedOnValuations$0
INFO: Variable: '__int_1'
Wert: 52
Feb 16, 2025 10:46:52 PM tools.aqua.dse.testgeneration.TestGeneratorImpl lambda$generateTestsBasedOnValuations$1
INFO: Valuation mit 2 folgenden Entries:
Feb 16, 2025 10:46:52 PM tools.aqua.dse.testgeneration.TestGeneratorImpl lambda$generateTestsBasedOnValuations$0
INFO: Variable: '__int_0'
Wert: 9984
Feb 16, 2025 10:46:52 PM tools.aqua.dse.testgeneration.TestGeneratorImpl lambda$generateTestsBasedOnValuations$0
INFO: Variable: '__int_1'
Wert: 51
Feb 16, 2025 10:46:52 PM tools.aqua.dse.testgeneration.TestGeneratorImpl lambda$generateTestsBasedOnValuations$1
INFO: Valuation mit 2 folgenden Entries:
Feb 16, 2025 10:46:52 PM tools.aqua.dse.testgeneration.TestGeneratorImpl lambda$generateTestsBasedOnValuations$0
INFO: Variable: '__int_0'
Wert: 9984
Feb 16, 2025 10:46:52 PM tools.aqua.dse.testgeneration.TestGeneratorImpl lambda$generateTestsBasedOnValuations$0
INFO: Variable: '__int_1'
Wert: 50
Feb 16, 2025 10:46:52 PM tools.aqua.dse.testgeneration.TestGeneratorImpl lambda$generateTestsBasedOnValuations$1
INFO: Valuation mit 2 folgenden Entries:
Feb 16, 2025 10:46:52 PM tools.aqua.dse.testgeneration.TestGeneratorImpl lambda$generateTestsBasedOnValuations$0
INFO: Variable: '__int_0'
Wert: 9984
Feb 16, 2025 10:46:52 PM tools.aqua.dse.testgeneration.TestGeneratorImpl lambda$generateTestsBasedOnValuations$0
INFO: Variable: '__int_1'
Wert: 49
Feb 16, 2025 10:46:52 PM tools.aqua.dse.testgeneration.TestGeneratorImpl lambda$generateTestsBasedOnValuations$1
INFO: Valuation mit 2 folgenden Entries:
Feb 16, 2025 10:46:52 PM tools.aqua.dse.testgeneration.TestGeneratorImpl lambda$generateTestsBasedOnValuations$0
INFO: Variable: '__int_0'
Wert: 9984
Feb 16, 2025 10:46:52 PM tools.aqua.dse.testgeneration.TestGeneratorImpl lambda$generateTestsBasedOnValuations$0
INFO: Variable: '__int_1'
Wert: 48
Feb 16, 2025 10:46:52 PM tools.aqua.dse.testgeneration.TestGeneratorImpl lambda$generateTestsBasedOnValuations$1
INFO: Valuation mit 2 folgenden Entries:
Feb 16, 2025 10:46:52 PM tools.aqua.dse.testgeneration.TestGeneratorImpl lambda$generateTestsBasedOnValuations$0
INFO: Variable: '__int_0'
Wert: 9984
Feb 16, 2025 10:46:52 PM tools.aqua.dse.testgeneration.TestGeneratorImpl lambda$generateTestsBasedOnValuations$0
INFO: Variable: '__int_1'
Wert: 47
Feb 16, 2025 10:46:52 PM tools.aqua.dse.testgeneration.TestGeneratorImpl lambda$generateTestsBasedOnValuations$1
INFO: Valuation mit 2 folgenden Entries:
Feb 16, 2025 10:46:52 PM tools.aqua.dse.testgeneration.TestGeneratorImpl lambda$generateTestsBasedOnValuations$0
INFO: Variable: '__int_0'
Wert: 9984
Feb 16, 2025 10:46:52 PM tools.aqua.dse.testgeneration.TestGeneratorImpl lambda$generateTestsBasedOnValuations$0
INFO: Variable: '__int_1'
Wert: 46
Feb 16, 2025 10:46:52 PM tools.aqua.dse.testgeneration.TestGeneratorImpl lambda$generateTestsBasedOnValuations$1
INFO: Valuation mit 2 folgenden Entries:
Feb 16, 2025 10:46:52 PM tools.aqua.dse.testgeneration.TestGeneratorImpl lambda$generateTestsBasedOnValuations$0
INFO: Variable: '__int_0'
Wert: 9984
Feb 16, 2025 10:46:52 PM tools.aqua.dse.testgeneration.TestGeneratorImpl lambda$generateTestsBasedOnValuations$0
INFO: Variable: '__int_1'
Wert: 45
Feb 16, 2025 10:46:52 PM tools.aqua.dse.testgeneration.TestGeneratorImpl lambda$generateTestsBasedOnValuations$1
INFO: Valuation mit 2 folgenden Entries:
Feb 16, 2025 10:46:52 PM tools.aqua.dse.testgeneration.TestGeneratorImpl lambda$generateTestsBasedOnValuations$0
INFO: Variable: '__int_0'
Wert: 9984
Feb 16, 2025 10:46:52 PM tools.aqua.dse.testgeneration.TestGeneratorImpl lambda$generateTestsBasedOnValuations$0
INFO: Variable: '__int_1'
Wert: 44
Feb 16, 2025 10:46:52 PM tools.aqua.dse.testgeneration.TestGeneratorImpl lambda$generateTestsBasedOnValuations$1
INFO: Valuation mit 2 folgenden Entries:
Feb 16, 2025 10:46:52 PM tools.aqua.dse.testgeneration.TestGeneratorImpl lambda$generateTestsBasedOnValuations$0
INFO: Variable: '__int_0'
Wert: 9984
Feb 16, 2025 10:46:52 PM tools.aqua.dse.testgeneration.TestGeneratorImpl lambda$generateTestsBasedOnValuations$0
INFO: Variable: '__int_1'
Wert: 43
Feb 16, 2025 10:46:52 PM tools.aqua.dse.testgeneration.TestGeneratorImpl lambda$generateTestsBasedOnValuations$1
INFO: Valuation mit 2 folgenden Entries:
Feb 16, 2025 10:46:52 PM tools.aqua.dse.testgeneration.TestGeneratorImpl lambda$generateTestsBasedOnValuations$0
INFO: Variable: '__int_0'
Wert: 9984
Feb 16, 2025 10:46:52 PM tools.aqua.dse.testgeneration.TestGeneratorImpl lambda$generateTestsBasedOnValuations$0
INFO: Variable: '__int_1'
Wert: 42
Feb 16, 2025 10:46:52 PM tools.aqua.dse.testgeneration.TestGeneratorImpl lambda$generateTestsBasedOnValuations$1
INFO: Valuation mit 2 folgenden Entries:
Feb 16, 2025 10:46:52 PM tools.aqua.dse.testgeneration.TestGeneratorImpl lambda$generateTestsBasedOnValuations$0
INFO: Variable: '__int_0'
Wert: 9984
Feb 16, 2025 10:46:52 PM tools.aqua.dse.testgeneration.TestGeneratorImpl lambda$generateTestsBasedOnValuations$0
INFO: Variable: '__int_1'
Wert: 41
Feb 16, 2025 10:46:52 PM tools.aqua.dse.testgeneration.TestGeneratorImpl lambda$generateTestsBasedOnValuations$1
INFO: Valuation mit 2 folgenden Entries:
Feb 16, 2025 10:46:52 PM tools.aqua.dse.testgeneration.TestGeneratorImpl lambda$generateTestsBasedOnValuations$0
INFO: Variable: '__int_0'
Wert: 9984
Feb 16, 2025 10:46:52 PM tools.aqua.dse.testgeneration.TestGeneratorImpl lambda$generateTestsBasedOnValuations$0
INFO: Variable: '__int_1'
Wert: 40
Feb 16, 2025 10:46:52 PM tools.aqua.dse.testgeneration.TestGeneratorImpl lambda$generateTestsBasedOnValuations$1
INFO: Valuation mit 2 folgenden Entries:
Feb 16, 2025 10:46:52 PM tools.aqua.dse.testgeneration.TestGeneratorImpl lambda$generateTestsBasedOnValuations$0
INFO: Variable: '__int_0'
Wert: 9984
Feb 16, 2025 10:46:52 PM tools.aqua.dse.testgeneration.TestGeneratorImpl lambda$generateTestsBasedOnValuations$0
INFO: Variable: '__int_1'
Wert: 39
Feb 16, 2025 10:46:52 PM tools.aqua.dse.testgeneration.TestGeneratorImpl lambda$generateTestsBasedOnValuations$1
INFO: Valuation mit 2 folgenden Entries:
Feb 16, 2025 10:46:52 PM tools.aqua.dse.testgeneration.TestGeneratorImpl lambda$generateTestsBasedOnValuations$0
INFO: Variable: '__int_0'
Wert: 9984
Feb 16, 2025 10:46:52 PM tools.aqua.dse.testgeneration.TestGeneratorImpl lambda$generateTestsBasedOnValuations$0
INFO: Variable: '__int_1'
Wert: 38
Feb 16, 2025 10:46:52 PM tools.aqua.dse.testgeneration.TestGeneratorImpl lambda$generateTestsBasedOnValuations$1
INFO: Valuation mit 2 folgenden Entries:
Feb 16, 2025 10:46:52 PM tools.aqua.dse.testgeneration.TestGeneratorImpl lambda$generateTestsBasedOnValuations$0
INFO: Variable: '__int_0'
Wert: 9984
Feb 16, 2025 10:46:52 PM tools.aqua.dse.testgeneration.TestGeneratorImpl lambda$generateTestsBasedOnValuations$0
INFO: Variable: '__int_1'
Wert: 37
Feb 16, 2025 10:46:52 PM tools.aqua.dse.testgeneration.TestGeneratorImpl lambda$generateTestsBasedOnValuations$1
INFO: Valuation mit 2 folgenden Entries:
Feb 16, 2025 10:46:52 PM tools.aqua.dse.testgeneration.TestGeneratorImpl lambda$generateTestsBasedOnValuations$0
INFO: Variable: '__int_0'
Wert: 9984
Feb 16, 2025 10:46:52 PM tools.aqua.dse.testgeneration.TestGeneratorImpl lambda$generateTestsBasedOnValuations$0
INFO: Variable: '__int_1'
Wert: 36
Feb 16, 2025 10:46:52 PM tools.aqua.dse.testgeneration.TestGeneratorImpl lambda$generateTestsBasedOnValuations$1
INFO: Valuation mit 2 folgenden Entries:
Feb 16, 2025 10:46:52 PM tools.aqua.dse.testgeneration.TestGeneratorImpl lambda$generateTestsBasedOnValuations$0
INFO: Variable: '__int_0'
Wert: 9984
Feb 16, 2025 10:46:52 PM tools.aqua.dse.testgeneration.TestGeneratorImpl lambda$generateTestsBasedOnValuations$0
INFO: Variable: '__int_1'
Wert: 35
Feb 16, 2025 10:46:52 PM tools.aqua.dse.testgeneration.TestGeneratorImpl lambda$generateTestsBasedOnValuations$1
INFO: Valuation mit 2 folgenden Entries:
Feb 16, 2025 10:46:52 PM tools.aqua.dse.testgeneration.TestGeneratorImpl lambda$generateTestsBasedOnValuations$0
INFO: Variable: '__int_0'
Wert: 9984
Feb 16, 2025 10:46:52 PM tools.aqua.dse.testgeneration.TestGeneratorImpl lambda$generateTestsBasedOnValuations$0
INFO: Variable: '__int_1'
Wert: 34
Feb 16, 2025 10:46:52 PM tools.aqua.dse.testgeneration.TestGeneratorImpl lambda$generateTestsBasedOnValuations$1
INFO: Valuation mit 2 folgenden Entries:
Feb 16, 2025 10:46:52 PM tools.aqua.dse.testgeneration.TestGeneratorImpl lambda$generateTestsBasedOnValuations$0
INFO: Variable: '__int_0'
Wert: 9984
Feb 16, 2025 10:46:52 PM tools.aqua.dse.testgeneration.TestGeneratorImpl lambda$generateTestsBasedOnValuations$0
INFO: Variable: '__int_1'
Wert: 33
Feb 16, 2025 10:46:52 PM tools.aqua.dse.testgeneration.TestGeneratorImpl lambda$generateTestsBasedOnValuations$1
INFO: Valuation mit 2 folgenden Entries:
Feb 16, 2025 10:46:52 PM tools.aqua.dse.testgeneration.TestGeneratorImpl lambda$generateTestsBasedOnValuations$0
INFO: Variable: '__int_0'
Wert: 9984
Feb 16, 2025 10:46:52 PM tools.aqua.dse.testgeneration.TestGeneratorImpl lambda$generateTestsBasedOnValuations$0
INFO: Variable: '__int_1'
Wert: 32
Feb 16, 2025 10:46:52 PM tools.aqua.dse.testgeneration.TestGeneratorImpl lambda$generateTestsBasedOnValuations$1
INFO: Valuation mit 2 folgenden Entries:
Feb 16, 2025 10:46:52 PM tools.aqua.dse.testgeneration.TestGeneratorImpl lambda$generateTestsBasedOnValuations$0
INFO: Variable: '__int_0'
Wert: 9984
Feb 16, 2025 10:46:52 PM tools.aqua.dse.testgeneration.TestGeneratorImpl lambda$generateTestsBasedOnValuations$0
INFO: Variable: '__int_1'
Wert: 31
Feb 16, 2025 10:46:52 PM tools.aqua.dse.testgeneration.TestGeneratorImpl lambda$generateTestsBasedOnValuations$1
INFO: Valuation mit 2 folgenden Entries:
Feb 16, 2025 10:46:52 PM tools.aqua.dse.testgeneration.TestGeneratorImpl lambda$generateTestsBasedOnValuations$0
INFO: Variable: '__int_0'
Wert: 9984
Feb 16, 2025 10:46:52 PM tools.aqua.dse.testgeneration.TestGeneratorImpl lambda$generateTestsBasedOnValuations$0
INFO: Variable: '__int_1'
Wert: 30
Feb 16, 2025 10:46:52 PM tools.aqua.dse.testgeneration.TestGeneratorImpl lambda$generateTestsBasedOnValuations$1
INFO: Valuation mit 2 folgenden Entries:
Feb 16, 2025 10:46:52 PM tools.aqua.dse.testgeneration.TestGeneratorImpl lambda$generateTestsBasedOnValuations$0
INFO: Variable: '__int_0'
Wert: 9984
Feb 16, 2025 10:46:52 PM tools.aqua.dse.testgeneration.TestGeneratorImpl lambda$generateTestsBasedOnValuations$0
INFO: Variable: '__int_1'
Wert: 29
Feb 16, 2025 10:46:52 PM tools.aqua.dse.testgeneration.TestGeneratorImpl lambda$generateTestsBasedOnValuations$1
INFO: Valuation mit 2 folgenden Entries:
Feb 16, 2025 10:46:52 PM tools.aqua.dse.testgeneration.TestGeneratorImpl lambda$generateTestsBasedOnValuations$0
INFO: Variable: '__int_0'
Wert: 9984
Feb 16, 2025 10:46:52 PM tools.aqua.dse.testgeneration.TestGeneratorImpl lambda$generateTestsBasedOnValuations$0
INFO: Variable: '__int_1'
Wert: 28
Feb 16, 2025 10:46:52 PM tools.aqua.dse.testgeneration.TestGeneratorImpl lambda$generateTestsBasedOnValuations$1
INFO: Valuation mit 2 folgenden Entries:
Feb 16, 2025 10:46:52 PM tools.aqua.dse.testgeneration.TestGeneratorImpl lambda$generateTestsBasedOnValuations$0
INFO: Variable: '__int_0'
Wert: 9984
Feb 16, 2025 10:46:52 PM tools.aqua.dse.testgeneration.TestGeneratorImpl lambda$generateTestsBasedOnValuations$0
INFO: Variable: '__int_1'
Wert: 27
Feb 16, 2025 10:46:52 PM tools.aqua.dse.testgeneration.TestGeneratorImpl lambda$generateTestsBasedOnValuations$1
INFO: Valuation mit 2 folgenden Entries:
Feb 16, 2025 10:46:52 PM tools.aqua.dse.testgeneration.TestGeneratorImpl lambda$generateTestsBasedOnValuations$0
INFO: Variable: '__int_0'
Wert: 9984
Feb 16, 2025 10:46:52 PM tools.aqua.dse.testgeneration.TestGeneratorImpl lambda$generateTestsBasedOnValuations$0
INFO: Variable: '__int_1'
Wert: 26
Feb 16, 2025 10:46:52 PM tools.aqua.dse.testgeneration.TestGeneratorImpl lambda$generateTestsBasedOnValuations$1
INFO: Valuation mit 2 folgenden Entries:
Feb 16, 2025 10:46:52 PM tools.aqua.dse.testgeneration.TestGeneratorImpl lambda$generateTestsBasedOnValuations$0
INFO: Variable: '__int_0'
Wert: 9984
Feb 16, 2025 10:46:52 PM tools.aqua.dse.testgeneration.TestGeneratorImpl lambda$generateTestsBasedOnValuations$0
INFO: Variable: '__int_1'
Wert: 25
Feb 16, 2025 10:46:52 PM tools.aqua.dse.testgeneration.TestGeneratorImpl lambda$generateTestsBasedOnValuations$1
INFO: Valuation mit 2 folgenden Entries:
Feb 16, 2025 10:46:52 PM tools.aqua.dse.testgeneration.TestGeneratorImpl lambda$generateTestsBasedOnValuations$0
INFO: Variable: '__int_0'
Wert: 9984
Feb 16, 2025 10:46:52 PM tools.aqua.dse.testgeneration.TestGeneratorImpl lambda$generateTestsBasedOnValuations$0
INFO: Variable: '__int_1'
Wert: 24
Feb 16, 2025 10:46:52 PM tools.aqua.dse.testgeneration.TestGeneratorImpl lambda$generateTestsBasedOnValuations$1
INFO: Valuation mit 2 folgenden Entries:
Feb 16, 2025 10:46:52 PM tools.aqua.dse.testgeneration.TestGeneratorImpl lambda$generateTestsBasedOnValuations$0
INFO: Variable: '__int_0'
Wert: 9984
Feb 16, 2025 10:46:52 PM tools.aqua.dse.testgeneration.TestGeneratorImpl lambda$generateTestsBasedOnValuations$0
INFO: Variable: '__int_1'
Wert: 23
Feb 16, 2025 10:46:52 PM tools.aqua.dse.testgeneration.TestGeneratorImpl lambda$generateTestsBasedOnValuations$1
INFO: Valuation mit 2 folgenden Entries:
Feb 16, 2025 10:46:52 PM tools.aqua.dse.testgeneration.TestGeneratorImpl lambda$generateTestsBasedOnValuations$0
INFO: Variable: '__int_0'
Wert: 9984
Feb 16, 2025 10:46:52 PM tools.aqua.dse.testgeneration.TestGeneratorImpl lambda$generateTestsBasedOnValuations$0
INFO: Variable: '__int_1'
Wert: 22
Feb 16, 2025 10:46:52 PM tools.aqua.dse.testgeneration.TestGeneratorImpl lambda$generateTestsBasedOnValuations$1
INFO: Valuation mit 2 folgenden Entries:
Feb 16, 2025 10:46:52 PM tools.aqua.dse.testgeneration.TestGeneratorImpl lambda$generateTestsBasedOnValuations$0
INFO: Variable: '__int_0'
Wert: 9984
Feb 16, 2025 10:46:52 PM tools.aqua.dse.testgeneration.TestGeneratorImpl lambda$generateTestsBasedOnValuations$0
INFO: Variable: '__int_1'
Wert: 21
Feb 16, 2025 10:46:52 PM tools.aqua.dse.testgeneration.TestGeneratorImpl lambda$generateTestsBasedOnValuations$1
INFO: Valuation mit 2 folgenden Entries:
Feb 16, 2025 10:46:52 PM tools.aqua.dse.testgeneration.TestGeneratorImpl lambda$generateTestsBasedOnValuations$0
INFO: Variable: '__int_0'
Wert: 9984
Feb 16, 2025 10:46:52 PM tools.aqua.dse.testgeneration.TestGeneratorImpl lambda$generateTestsBasedOnValuations$0
INFO: Variable: '__int_1'
Wert: 20
Feb 16, 2025 10:46:52 PM tools.aqua.dse.testgeneration.TestGeneratorImpl lambda$generateTestsBasedOnValuations$1
INFO: Valuation mit 2 folgenden Entries:
Feb 16, 2025 10:46:52 PM tools.aqua.dse.testgeneration.TestGeneratorImpl lambda$generateTestsBasedOnValuations$0
INFO: Variable: '__int_0'
Wert: 9984
Feb 16, 2025 10:46:52 PM tools.aqua.dse.testgeneration.TestGeneratorImpl lambda$generateTestsBasedOnValuations$0
INFO: Variable: '__int_1'
Wert: 19
Feb 16, 2025 10:46:52 PM tools.aqua.dse.testgeneration.TestGeneratorImpl lambda$generateTestsBasedOnValuations$1
INFO: Valuation mit 2 folgenden Entries:
Feb 16, 2025 10:46:52 PM tools.aqua.dse.testgeneration.TestGeneratorImpl lambda$generateTestsBasedOnValuations$0
INFO: Variable: '__int_0'
Wert: 9984
Feb 16, 2025 10:46:52 PM tools.aqua.dse.testgeneration.TestGeneratorImpl lambda$generateTestsBasedOnValuations$0
INFO: Variable: '__int_1'
Wert: 18
Feb 16, 2025 10:46:52 PM tools.aqua.dse.testgeneration.TestGeneratorImpl lambda$generateTestsBasedOnValuations$1
INFO: Valuation mit 2 folgenden Entries:
Feb 16, 2025 10:46:52 PM tools.aqua.dse.testgeneration.TestGeneratorImpl lambda$generateTestsBasedOnValuations$0
INFO: Variable: '__int_0'
Wert: 9984
Feb 16, 2025 10:46:52 PM tools.aqua.dse.testgeneration.TestGeneratorImpl lambda$generateTestsBasedOnValuations$0
INFO: Variable: '__int_1'
Wert: 17
Feb 16, 2025 10:46:52 PM tools.aqua.dse.testgeneration.TestGeneratorImpl lambda$generateTestsBasedOnValuations$1
INFO: Valuation mit 2 folgenden Entries:
Feb 16, 2025 10:46:52 PM tools.aqua.dse.testgeneration.TestGeneratorImpl lambda$generateTestsBasedOnValuations$0
INFO: Variable: '__int_0'
Wert: 9984
Feb 16, 2025 10:46:52 PM tools.aqua.dse.testgeneration.TestGeneratorImpl lambda$generateTestsBasedOnValuations$0
INFO: Variable: '__int_1'
Wert: 16
Feb 16, 2025 10:46:52 PM tools.aqua.dse.testgeneration.TestGeneratorImpl lambda$generateTestsBasedOnValuations$1
INFO: Valuation mit 2 folgenden Entries:
Feb 16, 2025 10:46:52 PM tools.aqua.dse.testgeneration.TestGeneratorImpl lambda$generateTestsBasedOnValuations$0
INFO: Variable: '__int_0'
Wert: 9984
Feb 16, 2025 10:46:52 PM tools.aqua.dse.testgeneration.TestGeneratorImpl lambda$generateTestsBasedOnValuations$0
INFO: Variable: '__int_1'
Wert: 15
Feb 16, 2025 10:46:52 PM tools.aqua.dse.testgeneration.TestGeneratorImpl lambda$generateTestsBasedOnValuations$1
INFO: Valuation mit 2 folgenden Entries:
Feb 16, 2025 10:46:52 PM tools.aqua.dse.testgeneration.TestGeneratorImpl lambda$generateTestsBasedOnValuations$0
INFO: Variable: '__int_0'
Wert: 9984
Feb 16, 2025 10:46:52 PM tools.aqua.dse.testgeneration.TestGeneratorImpl lambda$generateTestsBasedOnValuations$0
INFO: Variable: '__int_1'
Wert: 14
Feb 16, 2025 10:46:52 PM tools.aqua.dse.testgeneration.TestGeneratorImpl lambda$generateTestsBasedOnValuations$1
INFO: Valuation mit 2 folgenden Entries:
Feb 16, 2025 10:46:52 PM tools.aqua.dse.testgeneration.TestGeneratorImpl lambda$generateTestsBasedOnValuations$0
INFO: Variable: '__int_0'
Wert: 9984
Feb 16, 2025 10:46:52 PM tools.aqua.dse.testgeneration.TestGeneratorImpl lambda$generateTestsBasedOnValuations$0
INFO: Variable: '__int_1'
Wert: 13
Feb 16, 2025 10:46:52 PM tools.aqua.dse.testgeneration.TestGeneratorImpl lambda$generateTestsBasedOnValuations$1
INFO: Valuation mit 2 folgenden Entries:
Feb 16, 2025 10:46:52 PM tools.aqua.dse.testgeneration.TestGeneratorImpl lambda$generateTestsBasedOnValuations$0
INFO: Variable: '__int_0'
Wert: 9984
Feb 16, 2025 10:46:52 PM tools.aqua.dse.testgeneration.TestGeneratorImpl lambda$generateTestsBasedOnValuations$0
INFO: Variable: '__int_1'
Wert: 12
Feb 16, 2025 10:46:52 PM tools.aqua.dse.testgeneration.TestGeneratorImpl lambda$generateTestsBasedOnValuations$1
INFO: Valuation mit 2 folgenden Entries:
Feb 16, 2025 10:46:52 PM tools.aqua.dse.testgeneration.TestGeneratorImpl lambda$generateTestsBasedOnValuations$0
INFO: Variable: '__int_0'
Wert: 9984
Feb 16, 2025 10:46:52 PM tools.aqua.dse.testgeneration.TestGeneratorImpl lambda$generateTestsBasedOnValuations$0
INFO: Variable: '__int_1'
Wert: 11
Feb 16, 2025 10:46:52 PM tools.aqua.dse.testgeneration.TestGeneratorImpl lambda$generateTestsBasedOnValuations$1
INFO: Valuation mit 2 folgenden Entries:
Feb 16, 2025 10:46:52 PM tools.aqua.dse.testgeneration.TestGeneratorImpl lambda$generateTestsBasedOnValuations$0
INFO: Variable: '__int_0'
Wert: 9984
Feb 16, 2025 10:46:52 PM tools.aqua.dse.testgeneration.TestGeneratorImpl lambda$generateTestsBasedOnValuations$0
INFO: Variable: '__int_1'
Wert: 10
Feb 16, 2025 10:46:52 PM tools.aqua.dse.testgeneration.TestGeneratorImpl lambda$generateTestsBasedOnValuations$1
INFO: Valuation mit 2 folgenden Entries:
Feb 16, 2025 10:46:52 PM tools.aqua.dse.testgeneration.TestGeneratorImpl lambda$generateTestsBasedOnValuations$0
INFO: Variable: '__int_0'
Wert: 9984
Feb 16, 2025 10:46:52 PM tools.aqua.dse.testgeneration.TestGeneratorImpl lambda$generateTestsBasedOnValuations$0
INFO: Variable: '__int_1'
Wert: 9
Feb 16, 2025 10:46:52 PM tools.aqua.dse.testgeneration.TestGeneratorImpl lambda$generateTestsBasedOnValuations$1
INFO: Valuation mit 2 folgenden Entries:
Feb 16, 2025 10:46:52 PM tools.aqua.dse.testgeneration.TestGeneratorImpl lambda$generateTestsBasedOnValuations$0
INFO: Variable: '__int_0'
Wert: 9984
Feb 16, 2025 10:46:52 PM tools.aqua.dse.testgeneration.TestGeneratorImpl lambda$generateTestsBasedOnValuations$0
INFO: Variable: '__int_1'
Wert: 8
Feb 16, 2025 10:46:52 PM tools.aqua.dse.testgeneration.TestGeneratorImpl lambda$generateTestsBasedOnValuations$1
INFO: Valuation mit 2 folgenden Entries:
Feb 16, 2025 10:46:52 PM tools.aqua.dse.testgeneration.TestGeneratorImpl lambda$generateTestsBasedOnValuations$0
INFO: Variable: '__int_0'
Wert: 9984
Feb 16, 2025 10:46:52 PM tools.aqua.dse.testgeneration.TestGeneratorImpl lambda$generateTestsBasedOnValuations$0
INFO: Variable: '__int_1'
Wert: 7
Feb 16, 2025 10:46:52 PM tools.aqua.dse.testgeneration.TestGeneratorImpl lambda$generateTestsBasedOnValuations$1
INFO: Valuation mit 2 folgenden Entries:
Feb 16, 2025 10:46:52 PM tools.aqua.dse.testgeneration.TestGeneratorImpl lambda$generateTestsBasedOnValuations$0
INFO: Variable: '__int_0'
Wert: 9984
Feb 16, 2025 10:46:52 PM tools.aqua.dse.testgeneration.TestGeneratorImpl lambda$generateTestsBasedOnValuations$0
INFO: Variable: '__int_1'
Wert: 6
Feb 16, 2025 10:46:52 PM tools.aqua.dse.testgeneration.TestGeneratorImpl lambda$generateTestsBasedOnValuations$1
INFO: Valuation mit 2 folgenden Entries:
Feb 16, 2025 10:46:52 PM tools.aqua.dse.testgeneration.TestGeneratorImpl lambda$generateTestsBasedOnValuations$0
INFO: Variable: '__int_0'
Wert: 9984
Feb 16, 2025 10:46:52 PM tools.aqua.dse.testgeneration.TestGeneratorImpl lambda$generateTestsBasedOnValuations$0
INFO: Variable: '__int_1'
Wert: 5
Feb 16, 2025 10:46:52 PM tools.aqua.dse.testgeneration.TestGeneratorImpl lambda$generateTestsBasedOnValuations$1
INFO: Valuation mit 2 folgenden Entries:
Feb 16, 2025 10:46:52 PM tools.aqua.dse.testgeneration.TestGeneratorImpl lambda$generateTestsBasedOnValuations$0
INFO: Variable: '__int_0'
Wert: 9984
Feb 16, 2025 10:46:52 PM tools.aqua.dse.testgeneration.TestGeneratorImpl lambda$generateTestsBasedOnValuations$0
INFO: Variable: '__int_1'
Wert: 4
Feb 16, 2025 10:46:52 PM tools.aqua.dse.testgeneration.TestGeneratorImpl lambda$generateTestsBasedOnValuations$1
INFO: Valuation mit 2 folgenden Entries:
Feb 16, 2025 10:46:52 PM tools.aqua.dse.testgeneration.TestGeneratorImpl lambda$generateTestsBasedOnValuations$0
INFO: Variable: '__int_0'
Wert: 9984
Feb 16, 2025 10:46:52 PM tools.aqua.dse.testgeneration.TestGeneratorImpl lambda$generateTestsBasedOnValuations$0
INFO: Variable: '__int_1'
Wert: 3
Feb 16, 2025 10:46:52 PM tools.aqua.dse.testgeneration.TestGeneratorImpl lambda$generateTestsBasedOnValuations$1
INFO: Valuation mit 2 folgenden Entries:
Feb 16, 2025 10:46:52 PM tools.aqua.dse.testgeneration.TestGeneratorImpl lambda$generateTestsBasedOnValuations$0
INFO: Variable: '__int_0'
Wert: 9984
Feb 16, 2025 10:46:52 PM tools.aqua.dse.testgeneration.TestGeneratorImpl lambda$generateTestsBasedOnValuations$0
INFO: Variable: '__int_1'
Wert: 2
Feb 16, 2025 10:46:52 PM tools.aqua.dse.testgeneration.TestGeneratorImpl lambda$generateTestsBasedOnValuations$1
INFO: Valuation mit 2 folgenden Entries:
Feb 16, 2025 10:46:52 PM tools.aqua.dse.testgeneration.TestGeneratorImpl lambda$generateTestsBasedOnValuations$0
INFO: Variable: '__int_0'
Wert: 9984
Feb 16, 2025 10:46:52 PM tools.aqua.dse.testgeneration.TestGeneratorImpl lambda$generateTestsBasedOnValuations$0
INFO: Variable: '__int_1'
Wert: 1
Feb 16, 2025 10:46:52 PM tools.aqua.dse.testgeneration.TestGeneratorImpl lambda$generateTestsBasedOnValuations$1
INFO: Valuation mit 2 folgenden Entries:
Feb 16, 2025 10:46:52 PM tools.aqua.dse.testgeneration.TestGeneratorImpl lambda$generateTestsBasedOnValuations$0
INFO: Variable: '__int_0'
Wert: 9984
Feb 16, 2025 10:46:52 PM tools.aqua.dse.testgeneration.TestGeneratorImpl lambda$generateTestsBasedOnValuations$0
INFO: Variable: '__int_1'
Wert: 1073741825
Feb 16, 2025 10:46:52 PM tools.aqua.dse.testgeneration.TestGeneratorImpl lambda$generateTestsBasedOnValuations$1
INFO: Valuation mit 2 folgenden Entries:
Feb 16, 2025 10:46:52 PM tools.aqua.dse.testgeneration.TestGeneratorImpl lambda$generateTestsBasedOnValuations$0
INFO: Variable: '__int_0'
Wert: 9984
Feb 16, 2025 10:46:52 PM tools.aqua.dse.testgeneration.TestGeneratorImpl lambda$generateTestsBasedOnValuations$0
INFO: Variable: '__int_1'
Wert: -2147483648
Feb 16, 2025 10:46:52 PM tools.aqua.dse.testgeneration.TestGeneratorImpl lambda$generateTestsBasedOnValuations$1
INFO: Valuation mit 1 folgenden Entries:
Feb 16, 2025 10:46:52 PM tools.aqua.dse.testgeneration.TestGeneratorImpl lambda$generateTestsBasedOnValuations$0
INFO: Variable: '__int_0'
Wert: 1073751808
Feb 16, 2025 10:46:52 PM tools.aqua.dse.testgeneration.TestGeneratorImpl lambda$generateTestsBasedOnValuations$1
INFO: Valuation mit 1 folgenden Entries:
Feb 16, 2025 10:46:52 PM tools.aqua.dse.testgeneration.TestGeneratorImpl lambda$generateTestsBasedOnValuations$0
INFO: Variable: '__int_0'
Wert: -2147483648
Feb 16, 2025 10:46:52 PM tools.aqua.dse.testgeneration.FileWriterImpl saveTestClass
INFO: Base directory for saving test class: /mnt/c/PrivateProjects/BA_24/gdart-fork
Feb 16, 2025 10:46:52 PM tools.aqua.dse.testgeneration.FileWriterImpl saveTestClass
INFO: Successfully saved file: /mnt/c/PrivateProjects/BA_24/gdart-fork/coverage-report/src/test/java/Addition01Test.java
