Random seed: 42918663456369475
./executor.sh          -cp /tmp/tmp.cSb3oU5WfL:./verifier-stub/target/verifier-stub-1.0.jar -Dconcolic.execution=true -Ddse.witness=false -Ddse.b64encode=true -Dtaint.flow=OFF Double2Long
Decision{condition=(fp.geq '__double_0' 0.0), branches=2, branchId=1, assumption=false}
Decision{condition=(if ((fp.isNaN (fp.div (RNE RoundingMode) '__double_0' 10.0))) then (0) else (if ((fp.isNegative (fp.div (RNE RoundingMode) '__double_0' 10.0))) then (if ((fp.lt (fp.div (RNE RoundingMode) '__double_0' 10.0) ((_ to_fp  11 53) (RTZ RoundingMode) -9223372036854775808))) then (-9223372036854775808) else (((_ to_sbv  64) (RTZ RoundingMode) (fp.div (RNE RoundingMode) '__double_0' 10.0)))) else (if ((fp.gt (fp.div (RNE RoundingMode) '__double_0' 10.0) ((_ to_fp  11 53) (RTZ RoundingMode) 9223372036854775807))) then (9223372036854775807) else (((_ to_sbv  64) (RTZ RoundingMode) (fp.div (RNE RoundingMode) '__double_0' 10.0))))) bvslt 100), branches=2, branchId=0, assumption=false}
Decision{condition=(if ((fp.isNaN (fp.div (RNE RoundingMode) '__double_0' 10.0))) then (0) else (if ((fp.isNegative (fp.div (RNE RoundingMode) '__double_0' 10.0))) then (if ((fp.lt (fp.div (RNE RoundingMode) '__double_0' 10.0) ((_ to_fp  11 53) (RTZ RoundingMode) -9223372036854775808))) then (-9223372036854775808) else (((_ to_sbv  64) (RTZ RoundingMode) (fp.div (RNE RoundingMode) '__double_0' 10.0)))) else (if ((fp.gt (fp.div (RNE RoundingMode) '__double_0' 10.0) ((_ to_fp  11 53) (RTZ RoundingMode) 9223372036854775807))) then (9223372036854775807) else (((_ to_sbv  64) (RTZ RoundingMode) (fp.div (RNE RoundingMode) '__double_0' 10.0))))) bvsgt -100), branches=2, branchId=1, assumption=false}
OK: 
./executor.sh        -Dconcolic.doubles=[b64]MS4zOTcyNjYyODMwNzA2MzcyRTIzMg==  -cp /tmp/tmp.cSb3oU5WfL:./verifier-stub/target/verifier-stub-1.0.jar -Dconcolic.execution=true -Ddse.witness=false -Ddse.b64encode=true -Dtaint.flow=OFF Double2Long
Decision{condition=(fp.geq '__double_0' 0.0), branches=2, branchId=1, assumption=false}
Decision{condition=(if ((fp.isNaN (fp.div (RNE RoundingMode) '__double_0' 10.0))) then (0) else (if ((fp.isNegative (fp.div (RNE RoundingMode) '__double_0' 10.0))) then (if ((fp.lt (fp.div (RNE RoundingMode) '__double_0' 10.0) ((_ to_fp  11 53) (RTZ RoundingMode) -9223372036854775808))) then (-9223372036854775808) else (((_ to_sbv  64) (RTZ RoundingMode) (fp.div (RNE RoundingMode) '__double_0' 10.0)))) else (if ((fp.gt (fp.div (RNE RoundingMode) '__double_0' 10.0) ((_ to_fp  11 53) (RTZ RoundingMode) 9223372036854775807))) then (9223372036854775807) else (((_ to_sbv  64) (RTZ RoundingMode) (fp.div (RNE RoundingMode) '__double_0' 10.0))))) bvsge 100), branches=2, branchId=1, assumption=false}
ERROR: java/lang/AssertionError
./executor.sh        -Dconcolic.doubles=[b64]TmFO  -cp /tmp/tmp.cSb3oU5WfL:./verifier-stub/target/verifier-stub-1.0.jar -Dconcolic.execution=true -Ddse.witness=false -Ddse.b64encode=true -Dtaint.flow=OFF Double2Long
Decision{condition=(fp.geq '__double_0' 0.0), branches=2, branchId=1, assumption=false}
Decision{condition=(if ((fp.isNaN (fp.div (RNE RoundingMode) '__double_0' 10.0))) then (0) else (if ((fp.isNegative (fp.div (RNE RoundingMode) '__double_0' 10.0))) then (if ((fp.lt (fp.div (RNE RoundingMode) '__double_0' 10.0) ((_ to_fp  11 53) (RTZ RoundingMode) -9223372036854775808))) then (-9223372036854775808) else (((_ to_sbv  64) (RTZ RoundingMode) (fp.div (RNE RoundingMode) '__double_0' 10.0)))) else (if ((fp.gt (fp.div (RNE RoundingMode) '__double_0' 10.0) ((_ to_fp  11 53) (RTZ RoundingMode) 9223372036854775807))) then (9223372036854775807) else (((_ to_sbv  64) (RTZ RoundingMode) (fp.div (RNE RoundingMode) '__double_0' 10.0))))) bvslt 100), branches=2, branchId=0, assumption=false}
Decision{condition=(if ((fp.isNaN (fp.div (RNE RoundingMode) '__double_0' 10.0))) then (0) else (if ((fp.isNegative (fp.div (RNE RoundingMode) '__double_0' 10.0))) then (if ((fp.lt (fp.div (RNE RoundingMode) '__double_0' 10.0) ((_ to_fp  11 53) (RTZ RoundingMode) -9223372036854775808))) then (-9223372036854775808) else (((_ to_sbv  64) (RTZ RoundingMode) (fp.div (RNE RoundingMode) '__double_0' 10.0)))) else (if ((fp.gt (fp.div (RNE RoundingMode) '__double_0' 10.0) ((_ to_fp  11 53) (RTZ RoundingMode) 9223372036854775807))) then (9223372036854775807) else (((_ to_sbv  64) (RTZ RoundingMode) (fp.div (RNE RoundingMode) '__double_0' 10.0))))) bvsgt -100), branches=2, branchId=1, assumption=false}
OK: 
Config.isCoverageReport: trueTRYING TO WRITE FILE: /mnt/c/PrivateProjects/BA_24/gdart-fork/coverage-report/src/test/java/Double2LongTest.java
Successfully saved file: /mnt/c/PrivateProjects/BA_24/gdart-fork/coverage-report/src/test/java/Double2LongTest.java

+ 0 : !(fp.geq '__double_0' 0.0)
  + DIVERGED[complete path:true] . __double_0:=NaN
+ 1 : (fp.geq '__double_0' 0.0)
  + 0 : (if ((fp.isNaN (fp.div (RNE RoundingMode) '__double_0' 10.0))) then (0) else (if ((fp.isNegative (fp.div (RNE RoundingMode) '__double_0' 10.0))) then (if ((fp.lt (fp.div (RNE RoundingMode) '__double_0' 10.0) ((_ to_fp  11 53) (RTZ RoundingMode) -9223372036854775808))) then (-9223372036854775808) else (((_ to_sbv  64) (RTZ RoundingMode) (fp.div (RNE RoundingMode) '__double_0' 10.0)))) else (if ((fp.gt (fp.div (RNE RoundingMode) '__double_0' 10.0) ((_ to_fp  11 53) (RTZ RoundingMode) 9223372036854775807))) then (9223372036854775807) else (((_ to_sbv  64) (RTZ RoundingMode) (fp.div (RNE RoundingMode) '__double_0' 10.0))))) bvslt 100)
    + 0 : !(if ((fp.isNaN (fp.div (RNE RoundingMode) '__double_0' 10.0))) then (0) else (if ((fp.isNegative (fp.div (RNE RoundingMode) '__double_0' 10.0))) then (if ((fp.lt (fp.div (RNE RoundingMode) '__double_0' 10.0) ((_ to_fp  11 53) (RTZ RoundingMode) -9223372036854775808))) then (-9223372036854775808) else (((_ to_sbv  64) (RTZ RoundingMode) (fp.div (RNE RoundingMode) '__double_0' 10.0)))) else (if ((fp.gt (fp.div (RNE RoundingMode) '__double_0' 10.0) ((_ to_fp  11 53) (RTZ RoundingMode) 9223372036854775807))) then (9223372036854775807) else (((_ to_sbv  64) (RTZ RoundingMode) (fp.div (RNE RoundingMode) '__double_0' 10.0))))) bvsgt -100)
      + UNSAT
    + 1 : (if ((fp.isNaN (fp.div (RNE RoundingMode) '__double_0' 10.0))) then (0) else (if ((fp.isNegative (fp.div (RNE RoundingMode) '__double_0' 10.0))) then (if ((fp.lt (fp.div (RNE RoundingMode) '__double_0' 10.0) ((_ to_fp  11 53) (RTZ RoundingMode) -9223372036854775808))) then (-9223372036854775808) else (((_ to_sbv  64) (RTZ RoundingMode) (fp.div (RNE RoundingMode) '__double_0' 10.0)))) else (if ((fp.gt (fp.div (RNE RoundingMode) '__double_0' 10.0) ((_ to_fp  11 53) (RTZ RoundingMode) 9223372036854775807))) then (9223372036854775807) else (((_ to_sbv  64) (RTZ RoundingMode) (fp.div (RNE RoundingMode) '__double_0' 10.0))))) bvsgt -100)
      + OK[complete path:true] . 
  + 1 : (if ((fp.isNaN (fp.div (RNE RoundingMode) '__double_0' 10.0))) then (0) else (if ((fp.isNegative (fp.div (RNE RoundingMode) '__double_0' 10.0))) then (if ((fp.lt (fp.div (RNE RoundingMode) '__double_0' 10.0) ((_ to_fp  11 53) (RTZ RoundingMode) -9223372036854775808))) then (-9223372036854775808) else (((_ to_sbv  64) (RTZ RoundingMode) (fp.div (RNE RoundingMode) '__double_0' 10.0)))) else (if ((fp.gt (fp.div (RNE RoundingMode) '__double_0' 10.0) ((_ to_fp  11 53) (RTZ RoundingMode) 9223372036854775807))) then (9223372036854775807) else (((_ to_sbv  64) (RTZ RoundingMode) (fp.div (RNE RoundingMode) '__double_0' 10.0))))) bvsge 100)
    + ERROR[complete path:true] . __double_0:=1.3972662830706372E232 . java/lang/AssertionError

Flows recorded for 3 paths. Using 3 (1.0) paths for information flow analysis.
[END OF OUTPUT]
