Random seed: -7212306482498986239
./executor.sh          -cp /tmp/tmp.8Pcyo1TRVU:./verifier-stub/target/verifier-stub-1.0.jar -Dconcolic.execution=true -Ddse.witness=false -Ddse.b64encode=true -Dtaint.flow=OFF BoundCheck30
Decision{condition=(30 bvsgt '__int_0'), branches=2, branchId=1, assumption=false}
OK: 
./executor.sh     -Dconcolic.ints=[b64]MjE0NzQ4MzY0NA==     -cp /tmp/tmp.8Pcyo1TRVU:./verifier-stub/target/verifier-stub-1.0.jar -Dconcolic.execution=true -Ddse.witness=false -Ddse.b64encode=true -Dtaint.flow=OFF BoundCheck30
Decision{condition=(30 bvsle '__int_0'), branches=2, branchId=0, assumption=false}
Decision{condition=(30 bvslt '__int_0'), branches=2, branchId=0, assumption=false}
OK: 
./executor.sh     -Dconcolic.ints=[b64]MzA=     -cp /tmp/tmp.8Pcyo1TRVU:./verifier-stub/target/verifier-stub-1.0.jar -Dconcolic.execution=true -Ddse.witness=false -Ddse.b64encode=true -Dtaint.flow=OFF BoundCheck30
Decision{condition=(30 bvsle '__int_0'), branches=2, branchId=0, assumption=false}
Decision{condition=(30 bvsge '__int_0'), branches=2, branchId=1, assumption=false}
Decision{condition=('__int_0' != 0), branches=2, branchId=1, assumption=false}
Decision{condition=!('__int_0' bvsle 0), branches=2, branchId=0, assumption=false}
Decision{condition=(('__int_0' bvsub 1) != 0), branches=2, branchId=1, assumption=false}
Decision{condition=!(('__int_0' bvsub 1) bvsle 0), branches=2, branchId=0, assumption=false}
Decision{condition=((('__int_0' bvsub 1) bvsub 1) != 0), branches=2, branchId=1, assumption=false}
Decision{condition=!((('__int_0' bvsub 1) bvsub 1) bvsle 0), branches=2, branchId=0, assumption=false}
Decision{condition=(((('__int_0' bvsub 1) bvsub 1) bvsub 1) != 0), branches=2, branchId=1, assumption=false}
Decision{condition=!(((('__int_0' bvsub 1) bvsub 1) bvsub 1) bvsle 0), branches=2, branchId=0, assumption=false}
Decision{condition=((((('__int_0' bvsub 1) bvsub 1) bvsub 1) bvsub 1) != 0), branches=2, branchId=1, assumption=false}
Decision{condition=!((((('__int_0' bvsub 1) bvsub 1) bvsub 1) bvsub 1) bvsle 0), branches=2, branchId=0, assumption=false}
Decision{condition=(((((('__int_0' bvsub 1) bvsub 1) bvsub 1) bvsub 1) bvsub 1) != 0), branches=2, branchId=1, assumption=false}
Decision{condition=!(((((('__int_0' bvsub 1) bvsub 1) bvsub 1) bvsub 1) bvsub 1) bvsle 0), branches=2, branchId=0, assumption=false}
Decision{condition=((((((('__int_0' bvsub 1) bvsub 1) bvsub 1) bvsub 1) bvsub 1) bvsub 1) != 0), branches=2, branchId=1, assumption=false}
Decision{condition=!((((((('__int_0' bvsub 1) bvsub 1) bvsub 1) bvsub 1) bvsub 1) bvsub 1) bvsle 0), branches=2, branchId=0, assumption=false}
Decision{condition=(((((((('__int_0' bvsub 1) bvsub 1) bvsub 1) bvsub 1) bvsub 1) bvsub 1) bvsub 1) != 0), branches=2, branchId=1, assumption=false}
Decision{condition=!(((((((('__int_0' bvsub 1) bvsub 1) bvsub 1) bvsub 1) bvsub 1) bvsub 1) bvsub 1) bvsle 0), branches=2, branchId=0, assumption=false}
Decision{condition=((((((((('__int_0' bvsub 1) bvsub 1) bvsub 1) bvsub 1) bvsub 1) bvsub 1) bvsub 1) bvsub 1) != 0), branches=2, branchId=1, assumption=false}
Decision{condition=!((((((((('__int_0' bvsub 1) bvsub 1) bvsub 1) bvsub 1) bvsub 1) bvsub 1) bvsub 1) bvsub 1) bvsle 0), branches=2, branchId=0, assumption=false}
Decision{condition=(((((((((('__int_0' bvsub 1) bvsub 1) bvsub 1) bvsub 1) bvsub 1) bvsub 1) bvsub 1) bvsub 1) bvsub 1) != 0), branches=2, branchId=1, assumption=false}
Decision{condition=!(((((((((('__int_0' bvsub 1) bvsub 1) bvsub 1) bvsub 1) bvsub 1) bvsub 1) bvsub 1) bvsub 1) bvsub 1) bvsle 0), branches=2, branchId=0, assumption=false}
Decision{condition=((((((((((('__int_0' bvsub 1) bvsub 1) bvsub 1) bvsub 1) bvsub 1) bvsub 1) bvsub 1) bvsub 1) bvsub 1) bvsub 1) != 0), branches=2, branchId=1, assumption=false}
Decision{condition=!((((((((((('__int_0' bvsub 1) bvsub 1) bvsub 1) bvsub 1) bvsub 1) bvsub 1) bvsub 1) bvsub 1) bvsub 1) bvsub 1) bvsle 0), branches=2, branchId=0, assumption=false}
Decision{condition=(((((((((((('__int_0' bvsub 1) bvsub 1) bvsub 1) bvsub 1) bvsub 1) bvsub 1) bvsub 1) bvsub 1) bvsub 1) bvsub 1) bvsub 1) != 0), branches=2, branchId=1, assumption=false}
Decision{condition=!(((((((((((('__int_0' bvsub 1) bvsub 1) bvsub 1) bvsub 1) bvsub 1) bvsub 1) bvsub 1) bvsub 1) bvsub 1) bvsub 1) bvsub 1) bvsle 0), branches=2, branchId=0, assumption=false}
Decision{condition=((((((((((((('__int_0' bvsub 1) bvsub 1) bvsub 1) bvsub 1) bvsub 1) bvsub 1) bvsub 1) bvsub 1) bvsub 1) bvsub 1) bvsub 1) bvsub 1) != 0), branches=2, branchId=1, assumption=false}
Decision{condition=!((((((((((((('__int_0' bvsub 1) bvsub 1) bvsub 1) bvsub 1) bvsub 1) bvsub 1) bvsub 1) bvsub 1) bvsub 1) bvsub 1) bvsub 1) bvsub 1) bvsle 0), branches=2, branchId=0, assumption=false}
Decision{condition=(((((((((((((('__int_0' bvsub 1) bvsub 1) bvsub 1) bvsub 1) bvsub 1) bvsub 1) bvsub 1) bvsub 1) bvsub 1) bvsub 1) bvsub 1) bvsub 1) bvsub 1) != 0), branches=2, branchId=1, assumption=false}
Decision{condition=!(((((((((((((('__int_0' bvsub 1) bvsub 1) bvsub 1) bvsub 1) bvsub 1) bvsub 1) bvsub 1) bvsub 1) bvsub 1) bvsub 1) bvsub 1) bvsub 1) bvsub 1) bvsle 0), branches=2, branchId=0, assumption=false}
Decision{condition=((((((((((((((('__int_0' bvsub 1) bvsub 1) bvsub 1) bvsub 1) bvsub 1) bvsub 1) bvsub 1) bvsub 1) bvsub 1) bvsub 1) bvsub 1) bvsub 1) bvsub 1) bvsub 1) != 0), branches=2, branchId=1, assumption=false}
Decision{condition=!((((((((((((((('__int_0' bvsub 1) bvsub 1) bvsub 1) bvsub 1) bvsub 1) bvsub 1) bvsub 1) bvsub 1) bvsub 1) bvsub 1) bvsub 1) bvsub 1) bvsub 1) bvsub 1) bvsle 0), branches=2, branchId=0, assumption=false}
Decision{condition=(((((((((((((((('__int_0' bvsub 1) bvsub 1) bvsub 1) bvsub 1) bvsub 1) bvsub 1) bvsub 1) bvsub 1) bvsub 1) bvsub 1) bvsub 1) bvsub 1) bvsub 1) bvsub 1) bvsub 1) != 0), branches=2, branchId=1, assumption=false}
Decision{condition=!(((((((((((((((('__int_0' bvsub 1) bvsub 1) bvsub 1) bvsub 1) bvsub 1) bvsub 1) bvsub 1) bvsub 1) bvsub 1) bvsub 1) bvsub 1) bvsub 1) bvsub 1) bvsub 1) bvsub 1) bvsle 0), branches=2, branchId=0, assumption=false}
Decision{condition=((((((((((((((((('__int_0' bvsub 1) bvsub 1) bvsub 1) bvsub 1) bvsub 1) bvsub 1) bvsub 1) bvsub 1) bvsub 1) bvsub 1) bvsub 1) bvsub 1) bvsub 1) bvsub 1) bvsub 1) bvsub 1) != 0), branches=2, branchId=1, assumption=false}
Decision{condition=!((((((((((((((((('__int_0' bvsub 1) bvsub 1) bvsub 1) bvsub 1) bvsub 1) bvsub 1) bvsub 1) bvsub 1) bvsub 1) bvsub 1) bvsub 1) bvsub 1) bvsub 1) bvsub 1) bvsub 1) bvsub 1) bvsle 0), branches=2, branchId=0, assumption=false}
Decision{condition=(((((((((((((((((('__int_0' bvsub 1) bvsub 1) bvsub 1) bvsub 1) bvsub 1) bvsub 1) bvsub 1) bvsub 1) bvsub 1) bvsub 1) bvsub 1) bvsub 1) bvsub 1) bvsub 1) bvsub 1) bvsub 1) bvsub 1) != 0), branches=2, branchId=1, assumption=false}
Decision{condition=!(((((((((((((((((('__int_0' bvsub 1) bvsub 1) bvsub 1) bvsub 1) bvsub 1) bvsub 1) bvsub 1) bvsub 1) bvsub 1) bvsub 1) bvsub 1) bvsub 1) bvsub 1) bvsub 1) bvsub 1) bvsub 1) bvsub 1) bvsle 0), branches=2, branchId=0, assumption=false}
Decision{condition=((((((((((((((((((('__int_0' bvsub 1) bvsub 1) bvsub 1) bvsub 1) bvsub 1) bvsub 1) bvsub 1) bvsub 1) bvsub 1) bvsub 1) bvsub 1) bvsub 1) bvsub 1) bvsub 1) bvsub 1) bvsub 1) bvsub 1) bvsub 1) != 0), branches=2, branchId=1, assumption=false}
Decision{condition=!((((((((((((((((((('__int_0' bvsub 1) bvsub 1) bvsub 1) bvsub 1) bvsub 1) bvsub 1) bvsub 1) bvsub 1) bvsub 1) bvsub 1) bvsub 1) bvsub 1) bvsub 1) bvsub 1) bvsub 1) bvsub 1) bvsub 1) bvsub 1) bvsle 0), branches=2, branchId=0, assumption=false}
Decision{condition=(((((((((((((((((((('__int_0' bvsub 1) bvsub 1) bvsub 1) bvsub 1) bvsub 1) bvsub 1) bvsub 1) bvsub 1) bvsub 1) bvsub 1) bvsub 1) bvsub 1) bvsub 1) bvsub 1) bvsub 1) bvsub 1) bvsub 1) bvsub 1) bvsub 1) != 0), branches=2, branchId=1, assumption=false}
Decision{condition=!(((((((((((((((((((('__int_0' bvsub 1) bvsub 1) bvsub 1) bvsub 1) bvsub 1) bvsub 1) bvsub 1) bvsub 1) bvsub 1) bvsub 1) bvsub 1) bvsub 1) bvsub 1) bvsub 1) bvsub 1) bvsub 1) bvsub 1) bvsub 1) bvsub 1) bvsle 0), branches=2, branchId=0, assumption=false}
Decision{condition=((((((((((((((((((((('__int_0' bvsub 1) bvsub 1) bvsub 1) bvsub 1) bvsub 1) bvsub 1) bvsub 1) bvsub 1) bvsub 1) bvsub 1) bvsub 1) bvsub 1) bvsub 1) bvsub 1) bvsub 1) bvsub 1) bvsub 1) bvsub 1) bvsub 1) bvsub 1) != 0), branches=2, branchId=1, assumption=false}
Decision{condition=!((((((((((((((((((((('__int_0' bvsub 1) bvsub 1) bvsub 1) bvsub 1) bvsub 1) bvsub 1) bvsub 1) bvsub 1) bvsub 1) bvsub 1) bvsub 1) bvsub 1) bvsub 1) bvsub 1) bvsub 1) bvsub 1) bvsub 1) bvsub 1) bvsub 1) bvsub 1) bvsle 0), branches=2, branchId=0, assumption=false}
Decision{condition=(((((((((((((((((((((('__int_0' bvsub 1) bvsub 1) bvsub 1) bvsub 1) bvsub 1) bvsub 1) bvsub 1) bvsub 1) bvsub 1) bvsub 1) bvsub 1) bvsub 1) bvsub 1) bvsub 1) bvsub 1) bvsub 1) bvsub 1) bvsub 1) bvsub 1) bvsub 1) bvsub 1) != 0), branches=2, branchId=1, assumption=false}
Decision{condition=!(((((((((((((((((((((('__int_0' bvsub 1) bvsub 1) bvsub 1) bvsub 1) bvsub 1) bvsub 1) bvsub 1) bvsub 1) bvsub 1) bvsub 1) bvsub 1) bvsub 1) bvsub 1) bvsub 1) bvsub 1) bvsub 1) bvsub 1) bvsub 1) bvsub 1) bvsub 1) bvsub 1) bvsle 0), branches=2, branchId=0, assumption=false}
Decision{condition=((((((((((((((((((((((('__int_0' bvsub 1) bvsub 1) bvsub 1) bvsub 1) bvsub 1) bvsub 1) bvsub 1) bvsub 1) bvsub 1) bvsub 1) bvsub 1) bvsub 1) bvsub 1) bvsub 1) bvsub 1) bvsub 1) bvsub 1) bvsub 1) bvsub 1) bvsub 1) bvsub 1) bvsub 1) != 0), branches=2, branchId=1, assumption=false}
Decision{condition=!((((((((((((((((((((((('__int_0' bvsub 1) bvsub 1) bvsub 1) bvsub 1) bvsub 1) bvsub 1) bvsub 1) bvsub 1) bvsub 1) bvsub 1) bvsub 1) bvsub 1) bvsub 1) bvsub 1) bvsub 1) bvsub 1) bvsub 1) bvsub 1) bvsub 1) bvsub 1) bvsub 1) bvsub 1) bvsle 0), branches=2, branchId=0, assumption=false}
Decision{condition=(((((((((((((((((((((((('__int_0' bvsub 1) bvsub 1) bvsub 1) bvsub 1) bvsub 1) bvsub 1) bvsub 1) bvsub 1) bvsub 1) bvsub 1) bvsub 1) bvsub 1) bvsub 1) bvsub 1) bvsub 1) bvsub 1) bvsub 1) bvsub 1) bvsub 1) bvsub 1) bvsub 1) bvsub 1) bvsub 1) != 0), branches=2, branchId=1, assumption=false}
Decision{condition=!(((((((((((((((((((((((('__int_0' bvsub 1) bvsub 1) bvsub 1) bvsub 1) bvsub 1) bvsub 1) bvsub 1) bvsub 1) bvsub 1) bvsub 1) bvsub 1) bvsub 1) bvsub 1) bvsub 1) bvsub 1) bvsub 1) bvsub 1) bvsub 1) bvsub 1) bvsub 1) bvsub 1) bvsub 1) bvsub 1) bvsle 0), branches=2, branchId=0, assumption=false}
Decision{condition=((((((((((((((((((((((((('__int_0' bvsub 1) bvsub 1) bvsub 1) bvsub 1) bvsub 1) bvsub 1) bvsub 1) bvsub 1) bvsub 1) bvsub 1) bvsub 1) bvsub 1) bvsub 1) bvsub 1) bvsub 1) bvsub 1) bvsub 1) bvsub 1) bvsub 1) bvsub 1) bvsub 1) bvsub 1) bvsub 1) bvsub 1) != 0), branches=2, branchId=1, assumption=false}
Decision{condition=!((((((((((((((((((((((((('__int_0' bvsub 1) bvsub 1) bvsub 1) bvsub 1) bvsub 1) bvsub 1) bvsub 1) bvsub 1) bvsub 1) bvsub 1) bvsub 1) bvsub 1) bvsub 1) bvsub 1) bvsub 1) bvsub 1) bvsub 1) bvsub 1) bvsub 1) bvsub 1) bvsub 1) bvsub 1) bvsub 1) bvsub 1) bvsle 0), branches=2, branchId=0, assumption=false}
Decision{condition=(((((((((((((((((((((((((('__int_0' bvsub 1) bvsub 1) bvsub 1) bvsub 1) bvsub 1) bvsub 1) bvsub 1) bvsub 1) bvsub 1) bvsub 1) bvsub 1) bvsub 1) bvsub 1) bvsub 1) bvsub 1) bvsub 1) bvsub 1) bvsub 1) bvsub 1) bvsub 1) bvsub 1) bvsub 1) bvsub 1) bvsub 1) bvsub 1) != 0), branches=2, branchId=1, assumption=false}
Decision{condition=!(((((((((((((((((((((((((('__int_0' bvsub 1) bvsub 1) bvsub 1) bvsub 1) bvsub 1) bvsub 1) bvsub 1) bvsub 1) bvsub 1) bvsub 1) bvsub 1) bvsub 1) bvsub 1) bvsub 1) bvsub 1) bvsub 1) bvsub 1) bvsub 1) bvsub 1) bvsub 1) bvsub 1) bvsub 1) bvsub 1) bvsub 1) bvsub 1) bvsle 0), branches=2, branchId=0, assumption=false}
Decision{condition=((((((((((((((((((((((((((('__int_0' bvsub 1) bvsub 1) bvsub 1) bvsub 1) bvsub 1) bvsub 1) bvsub 1) bvsub 1) bvsub 1) bvsub 1) bvsub 1) bvsub 1) bvsub 1) bvsub 1) bvsub 1) bvsub 1) bvsub 1) bvsub 1) bvsub 1) bvsub 1) bvsub 1) bvsub 1) bvsub 1) bvsub 1) bvsub 1) bvsub 1) != 0), branches=2, branchId=1, assumption=false}
Decision{condition=!((((((((((((((((((((((((((('__int_0' bvsub 1) bvsub 1) bvsub 1) bvsub 1) bvsub 1) bvsub 1) bvsub 1) bvsub 1) bvsub 1) bvsub 1) bvsub 1) bvsub 1) bvsub 1) bvsub 1) bvsub 1) bvsub 1) bvsub 1) bvsub 1) bvsub 1) bvsub 1) bvsub 1) bvsub 1) bvsub 1) bvsub 1) bvsub 1) bvsub 1) bvsle 0), branches=2, branchId=0, assumption=false}
Decision{condition=(((((((((((((((((((((((((((('__int_0' bvsub 1) bvsub 1) bvsub 1) bvsub 1) bvsub 1) bvsub 1) bvsub 1) bvsub 1) bvsub 1) bvsub 1) bvsub 1) bvsub 1) bvsub 1) bvsub 1) bvsub 1) bvsub 1) bvsub 1) bvsub 1) bvsub 1) bvsub 1) bvsub 1) bvsub 1) bvsub 1) bvsub 1) bvsub 1) bvsub 1) bvsub 1) != 0), branches=2, branchId=1, assumption=false}
Decision{condition=!(((((((((((((((((((((((((((('__int_0' bvsub 1) bvsub 1) bvsub 1) bvsub 1) bvsub 1) bvsub 1) bvsub 1) bvsub 1) bvsub 1) bvsub 1) bvsub 1) bvsub 1) bvsub 1) bvsub 1) bvsub 1) bvsub 1) bvsub 1) bvsub 1) bvsub 1) bvsub 1) bvsub 1) bvsub 1) bvsub 1) bvsub 1) bvsub 1) bvsub 1) bvsub 1) bvsle 0), branches=2, branchId=0, assumption=false}
Decision{condition=((((((((((((((((((((((((((((('__int_0' bvsub 1) bvsub 1) bvsub 1) bvsub 1) bvsub 1) bvsub 1) bvsub 1) bvsub 1) bvsub 1) bvsub 1) bvsub 1) bvsub 1) bvsub 1) bvsub 1) bvsub 1) bvsub 1) bvsub 1) bvsub 1) bvsub 1) bvsub 1) bvsub 1) bvsub 1) bvsub 1) bvsub 1) bvsub 1) bvsub 1) bvsub 1) bvsub 1) != 0), branches=2, branchId=1, assumption=false}
Decision{condition=!((((((((((((((((((((((((((((('__int_0' bvsub 1) bvsub 1) bvsub 1) bvsub 1) bvsub 1) bvsub 1) bvsub 1) bvsub 1) bvsub 1) bvsub 1) bvsub 1) bvsub 1) bvsub 1) bvsub 1) bvsub 1) bvsub 1) bvsub 1) bvsub 1) bvsub 1) bvsub 1) bvsub 1) bvsub 1) bvsub 1) bvsub 1) bvsub 1) bvsub 1) bvsub 1) bvsub 1) bvsle 0), branches=2, branchId=0, assumption=false}
Decision{condition=(((((((((((((((((((((((((((((('__int_0' bvsub 1) bvsub 1) bvsub 1) bvsub 1) bvsub 1) bvsub 1) bvsub 1) bvsub 1) bvsub 1) bvsub 1) bvsub 1) bvsub 1) bvsub 1) bvsub 1) bvsub 1) bvsub 1) bvsub 1) bvsub 1) bvsub 1) bvsub 1) bvsub 1) bvsub 1) bvsub 1) bvsub 1) bvsub 1) bvsub 1) bvsub 1) bvsub 1) bvsub 1) != 0), branches=2, branchId=1, assumption=false}
Decision{condition=!(((((((((((((((((((((((((((((('__int_0' bvsub 1) bvsub 1) bvsub 1) bvsub 1) bvsub 1) bvsub 1) bvsub 1) bvsub 1) bvsub 1) bvsub 1) bvsub 1) bvsub 1) bvsub 1) bvsub 1) bvsub 1) bvsub 1) bvsub 1) bvsub 1) bvsub 1) bvsub 1) bvsub 1) bvsub 1) bvsub 1) bvsub 1) bvsub 1) bvsub 1) bvsub 1) bvsub 1) bvsub 1) bvsle 0), branches=2, branchId=0, assumption=false}
Decision{condition=!((((((((((((((((((((((((((((((('__int_0' bvsub 1) bvsub 1) bvsub 1) bvsub 1) bvsub 1) bvsub 1) bvsub 1) bvsub 1) bvsub 1) bvsub 1) bvsub 1) bvsub 1) bvsub 1) bvsub 1) bvsub 1) bvsub 1) bvsub 1) bvsub 1) bvsub 1) bvsub 1) bvsub 1) bvsub 1) bvsub 1) bvsub 1) bvsub 1) bvsub 1) bvsub 1) bvsub 1) bvsub 1) bvsub 1) != 0), branches=2, branchId=0, assumption=false}
Decision{condition=(((((((((((((((((((((((((((((('__int_0' bvsub 1) bvsub 1) bvsub 1) bvsub 1) bvsub 1) bvsub 1) bvsub 1) bvsub 1) bvsub 1) bvsub 1) bvsub 1) bvsub 1) bvsub 1) bvsub 1) bvsub 1) bvsub 1) bvsub 1) bvsub 1) bvsub 1) bvsub 1) bvsub 1) bvsub 1) bvsub 1) bvsub 1) bvsub 1) bvsub 1) bvsub 1) bvsub 1) bvsub 1) bvsge 0), branches=2, branchId=1, assumption=false}
Decision{condition=((((((((((((((((((((((((((((('__int_0' bvsub 1) bvsub 1) bvsub 1) bvsub 1) bvsub 1) bvsub 1) bvsub 1) bvsub 1) bvsub 1) bvsub 1) bvsub 1) bvsub 1) bvsub 1) bvsub 1) bvsub 1) bvsub 1) bvsub 1) bvsub 1) bvsub 1) bvsub 1) bvsub 1) bvsub 1) bvsub 1) bvsub 1) bvsub 1) bvsub 1) bvsub 1) bvsub 1) bvsge 0), branches=2, branchId=1, assumption=false}
Decision{condition=(((((((((((((((((((((((((((('__int_0' bvsub 1) bvsub 1) bvsub 1) bvsub 1) bvsub 1) bvsub 1) bvsub 1) bvsub 1) bvsub 1) bvsub 1) bvsub 1) bvsub 1) bvsub 1) bvsub 1) bvsub 1) bvsub 1) bvsub 1) bvsub 1) bvsub 1) bvsub 1) bvsub 1) bvsub 1) bvsub 1) bvsub 1) bvsub 1) bvsub 1) bvsub 1) bvsge 0), branches=2, branchId=1, assumption=false}
Decision{condition=((((((((((((((((((((((((((('__int_0' bvsub 1) bvsub 1) bvsub 1) bvsub 1) bvsub 1) bvsub 1) bvsub 1) bvsub 1) bvsub 1) bvsub 1) bvsub 1) bvsub 1) bvsub 1) bvsub 1) bvsub 1) bvsub 1) bvsub 1) bvsub 1) bvsub 1) bvsub 1) bvsub 1) bvsub 1) bvsub 1) bvsub 1) bvsub 1) bvsub 1) bvsge 0), branches=2, branchId=1, assumption=false}
Decision{condition=(((((((((((((((((((((((((('__int_0' bvsub 1) bvsub 1) bvsub 1) bvsub 1) bvsub 1) bvsub 1) bvsub 1) bvsub 1) bvsub 1) bvsub 1) bvsub 1) bvsub 1) bvsub 1) bvsub 1) bvsub 1) bvsub 1) bvsub 1) bvsub 1) bvsub 1) bvsub 1) bvsub 1) bvsub 1) bvsub 1) bvsub 1) bvsub 1) bvsge 0), branches=2, branchId=1, assumption=false}
Decision{condition=((((((((((((((((((((((((('__int_0' bvsub 1) bvsub 1) bvsub 1) bvsub 1) bvsub 1) bvsub 1) bvsub 1) bvsub 1) bvsub 1) bvsub 1) bvsub 1) bvsub 1) bvsub 1) bvsub 1) bvsub 1) bvsub 1) bvsub 1) bvsub 1) bvsub 1) bvsub 1) bvsub 1) bvsub 1) bvsub 1) bvsub 1) bvsge 0), branches=2, branchId=1, assumption=false}
Decision{condition=(((((((((((((((((((((((('__int_0' bvsub 1) bvsub 1) bvsub 1) bvsub 1) bvsub 1) bvsub 1) bvsub 1) bvsub 1) bvsub 1) bvsub 1) bvsub 1) bvsub 1) bvsub 1) bvsub 1) bvsub 1) bvsub 1) bvsub 1) bvsub 1) bvsub 1) bvsub 1) bvsub 1) bvsub 1) bvsub 1) bvsge 0), branches=2, branchId=1, assumption=false}
Decision{condition=((((((((((((((((((((((('__int_0' bvsub 1) bvsub 1) bvsub 1) bvsub 1) bvsub 1) bvsub 1) bvsub 1) bvsub 1) bvsub 1) bvsub 1) bvsub 1) bvsub 1) bvsub 1) bvsub 1) bvsub 1) bvsub 1) bvsub 1) bvsub 1) bvsub 1) bvsub 1) bvsub 1) bvsub 1) bvsge 0), branches=2, branchId=1, assumption=false}
Decision{condition=(((((((((((((((((((((('__int_0' bvsub 1) bvsub 1) bvsub 1) bvsub 1) bvsub 1) bvsub 1) bvsub 1) bvsub 1) bvsub 1) bvsub 1) bvsub 1) bvsub 1) bvsub 1) bvsub 1) bvsub 1) bvsub 1) bvsub 1) bvsub 1) bvsub 1) bvsub 1) bvsub 1) bvsge 0), branches=2, branchId=1, assumption=false}
Decision{condition=((((((((((((((((((((('__int_0' bvsub 1) bvsub 1) bvsub 1) bvsub 1) bvsub 1) bvsub 1) bvsub 1) bvsub 1) bvsub 1) bvsub 1) bvsub 1) bvsub 1) bvsub 1) bvsub 1) bvsub 1) bvsub 1) bvsub 1) bvsub 1) bvsub 1) bvsub 1) bvsge 0), branches=2, branchId=1, assumption=false}
Decision{condition=(((((((((((((((((((('__int_0' bvsub 1) bvsub 1) bvsub 1) bvsub 1) bvsub 1) bvsub 1) bvsub 1) bvsub 1) bvsub 1) bvsub 1) bvsub 1) bvsub 1) bvsub 1) bvsub 1) bvsub 1) bvsub 1) bvsub 1) bvsub 1) bvsub 1) bvsge 0), branches=2, branchId=1, assumption=false}
Decision{condition=((((((((((((((((((('__int_0' bvsub 1) bvsub 1) bvsub 1) bvsub 1) bvsub 1) bvsub 1) bvsub 1) bvsub 1) bvsub 1) bvsub 1) bvsub 1) bvsub 1) bvsub 1) bvsub 1) bvsub 1) bvsub 1) bvsub 1) bvsub 1) bvsge 0), branches=2, branchId=1, assumption=false}
Decision{condition=(((((((((((((((((('__int_0' bvsub 1) bvsub 1) bvsub 1) bvsub 1) bvsub 1) bvsub 1) bvsub 1) bvsub 1) bvsub 1) bvsub 1) bvsub 1) bvsub 1) bvsub 1) bvsub 1) bvsub 1) bvsub 1) bvsub 1) bvsge 0), branches=2, branchId=1, assumption=false}
Decision{condition=((((((((((((((((('__int_0' bvsub 1) bvsub 1) bvsub 1) bvsub 1) bvsub 1) bvsub 1) bvsub 1) bvsub 1) bvsub 1) bvsub 1) bvsub 1) bvsub 1) bvsub 1) bvsub 1) bvsub 1) bvsub 1) bvsge 0), branches=2, branchId=1, assumption=false}
Decision{condition=(((((((((((((((('__int_0' bvsub 1) bvsub 1) bvsub 1) bvsub 1) bvsub 1) bvsub 1) bvsub 1) bvsub 1) bvsub 1) bvsub 1) bvsub 1) bvsub 1) bvsub 1) bvsub 1) bvsub 1) bvsge 0), branches=2, branchId=1, assumption=false}
Decision{condition=((((((((((((((('__int_0' bvsub 1) bvsub 1) bvsub 1) bvsub 1) bvsub 1) bvsub 1) bvsub 1) bvsub 1) bvsub 1) bvsub 1) bvsub 1) bvsub 1) bvsub 1) bvsub 1) bvsge 0), branches=2, branchId=1, assumption=false}
Decision{condition=(((((((((((((('__int_0' bvsub 1) bvsub 1) bvsub 1) bvsub 1) bvsub 1) bvsub 1) bvsub 1) bvsub 1) bvsub 1) bvsub 1) bvsub 1) bvsub 1) bvsub 1) bvsge 0), branches=2, branchId=1, assumption=false}
Decision{condition=((((((((((((('__int_0' bvsub 1) bvsub 1) bvsub 1) bvsub 1) bvsub 1) bvsub 1) bvsub 1) bvsub 1) bvsub 1) bvsub 1) bvsub 1) bvsub 1) bvsge 0), branches=2, branchId=1, assumption=false}
Decision{condition=(((((((((((('__int_0' bvsub 1) bvsub 1) bvsub 1) bvsub 1) bvsub 1) bvsub 1) bvsub 1) bvsub 1) bvsub 1) bvsub 1) bvsub 1) bvsge 0), branches=2, branchId=1, assumption=false}
Decision{condition=((((((((((('__int_0' bvsub 1) bvsub 1) bvsub 1) bvsub 1) bvsub 1) bvsub 1) bvsub 1) bvsub 1) bvsub 1) bvsub 1) bvsge 0), branches=2, branchId=1, assumption=false}
Decision{condition=(((((((((('__int_0' bvsub 1) bvsub 1) bvsub 1) bvsub 1) bvsub 1) bvsub 1) bvsub 1) bvsub 1) bvsub 1) bvsge 0), branches=2, branchId=1, assumption=false}
Decision{condition=((((((((('__int_0' bvsub 1) bvsub 1) bvsub 1) bvsub 1) bvsub 1) bvsub 1) bvsub 1) bvsub 1) bvsge 0), branches=2, branchId=1, assumption=false}
Decision{condition=(((((((('__int_0' bvsub 1) bvsub 1) bvsub 1) bvsub 1) bvsub 1) bvsub 1) bvsub 1) bvsge 0), branches=2, branchId=1, assumption=false}
Decision{condition=((((((('__int_0' bvsub 1) bvsub 1) bvsub 1) bvsub 1) bvsub 1) bvsub 1) bvsge 0), branches=2, branchId=1, assumption=false}
Decision{condition=(((((('__int_0' bvsub 1) bvsub 1) bvsub 1) bvsub 1) bvsub 1) bvsge 0), branches=2, branchId=1, assumption=false}
Decision{condition=((((('__int_0' bvsub 1) bvsub 1) bvsub 1) bvsub 1) bvsge 0), branches=2, branchId=1, assumption=false}
Decision{condition=(((('__int_0' bvsub 1) bvsub 1) bvsub 1) bvsge 0), branches=2, branchId=1, assumption=false}
Decision{condition=((('__int_0' bvsub 1) bvsub 1) bvsge 0), branches=2, branchId=1, assumption=false}
Decision{condition=(('__int_0' bvsub 1) bvsge 0), branches=2, branchId=1, assumption=false}
Decision{condition=('__int_0' bvsge 0), branches=2, branchId=1, assumption=false}
ERROR: java/lang/AssertionError
Config.isCoverageReport: trueTRYING TO WRITE FILE: /mnt/c/PrivateProjects/BA_24/gdart-fork/coverage-report/src/test/java/BoundCheck30Test.java
Successfully saved file: /mnt/c/PrivateProjects/BA_24/gdart-fork/coverage-report/src/test/java/BoundCheck30Test.java

+ 0 : (30 bvsle '__int_0')
  + 0 : (30 bvslt '__int_0')
    + OK[complete path:true] . __int_0:=2147483644
  + 1 : (30 bvsge '__int_0')
    + 0 : !('__int_0' != 0)
      + UNSAT
    + 1 : ('__int_0' != 0)
      + 0 : !('__int_0' bvsle 0)
        + 0 : !(('__int_0' bvsub 1) != 0)
          + UNSAT
        + 1 : (('__int_0' bvsub 1) != 0)
          + 0 : !(('__int_0' bvsub 1) bvsle 0)
            + 0 : !((('__int_0' bvsub 1) bvsub 1) != 0)
              + UNSAT
            + 1 : ((('__int_0' bvsub 1) bvsub 1) != 0)
              + 0 : !((('__int_0' bvsub 1) bvsub 1) bvsle 0)
                + 0 : !(((('__int_0' bvsub 1) bvsub 1) bvsub 1) != 0)
                  + UNSAT
                + 1 : (((('__int_0' bvsub 1) bvsub 1) bvsub 1) != 0)
                  + 0 : !(((('__int_0' bvsub 1) bvsub 1) bvsub 1) bvsle 0)
                    + 0 : !((((('__int_0' bvsub 1) bvsub 1) bvsub 1) bvsub 1) != 0)
                      + UNSAT
                    + 1 : ((((('__int_0' bvsub 1) bvsub 1) bvsub 1) bvsub 1) != 0)
                      + 0 : !((((('__int_0' bvsub 1) bvsub 1) bvsub 1) bvsub 1) bvsle 0)
                        + 0 : !(((((('__int_0' bvsub 1) bvsub 1) bvsub 1) bvsub 1) bvsub 1) != 0)
                          + UNSAT
                        + 1 : (((((('__int_0' bvsub 1) bvsub 1) bvsub 1) bvsub 1) bvsub 1) != 0)
                          + 0 : !(((((('__int_0' bvsub 1) bvsub 1) bvsub 1) bvsub 1) bvsub 1) bvsle 0)
                            + 0 : !((((((('__int_0' bvsub 1) bvsub 1) bvsub 1) bvsub 1) bvsub 1) bvsub 1) != 0)
                              + UNSAT
                            + 1 : ((((((('__int_0' bvsub 1) bvsub 1) bvsub 1) bvsub 1) bvsub 1) bvsub 1) != 0)
                              + 0 : !((((((('__int_0' bvsub 1) bvsub 1) bvsub 1) bvsub 1) bvsub 1) bvsub 1) bvsle 0)
                                + 0 : !(((((((('__int_0' bvsub 1) bvsub 1) bvsub 1) bvsub 1) bvsub 1) bvsub 1) bvsub 1) != 0)
                                  + UNSAT
                                + 1 : (((((((('__int_0' bvsub 1) bvsub 1) bvsub 1) bvsub 1) bvsub 1) bvsub 1) bvsub 1) != 0)
                                  + 0 : !(((((((('__int_0' bvsub 1) bvsub 1) bvsub 1) bvsub 1) bvsub 1) bvsub 1) bvsub 1) bvsle 0)
                                    + 0 : !((((((((('__int_0' bvsub 1) bvsub 1) bvsub 1) bvsub 1) bvsub 1) bvsub 1) bvsub 1) bvsub 1) != 0)
                                      + UNSAT
                                    + 1 : ((((((((('__int_0' bvsub 1) bvsub 1) bvsub 1) bvsub 1) bvsub 1) bvsub 1) bvsub 1) bvsub 1) != 0)
                                      + 0 : !((((((((('__int_0' bvsub 1) bvsub 1) bvsub 1) bvsub 1) bvsub 1) bvsub 1) bvsub 1) bvsub 1) bvsle 0)
                                        + 0 : !(((((((((('__int_0' bvsub 1) bvsub 1) bvsub 1) bvsub 1) bvsub 1) bvsub 1) bvsub 1) bvsub 1) bvsub 1) != 0)
                                          + UNSAT
                                        + 1 : (((((((((('__int_0' bvsub 1) bvsub 1) bvsub 1) bvsub 1) bvsub 1) bvsub 1) bvsub 1) bvsub 1) bvsub 1) != 0)
                                          + 0 : !(((((((((('__int_0' bvsub 1) bvsub 1) bvsub 1) bvsub 1) bvsub 1) bvsub 1) bvsub 1) bvsub 1) bvsub 1) bvsle 0)
                                            + 0 : !((((((((((('__int_0' bvsub 1) bvsub 1) bvsub 1) bvsub 1) bvsub 1) bvsub 1) bvsub 1) bvsub 1) bvsub 1) bvsub 1) != 0)
                                              + UNSAT
                                            + 1 : ((((((((((('__int_0' bvsub 1) bvsub 1) bvsub 1) bvsub 1) bvsub 1) bvsub 1) bvsub 1) bvsub 1) bvsub 1) bvsub 1) != 0)
                                              + 0 : !((((((((((('__int_0' bvsub 1) bvsub 1) bvsub 1) bvsub 1) bvsub 1) bvsub 1) bvsub 1) bvsub 1) bvsub 1) bvsub 1) bvsle 0)
                                                + 0 : !(((((((((((('__int_0' bvsub 1) bvsub 1) bvsub 1) bvsub 1) bvsub 1) bvsub 1) bvsub 1) bvsub 1) bvsub 1) bvsub 1) bvsub 1) != 0)
                                                  + UNSAT
                                                + 1 : (((((((((((('__int_0' bvsub 1) bvsub 1) bvsub 1) bvsub 1) bvsub 1) bvsub 1) bvsub 1) bvsub 1) bvsub 1) bvsub 1) bvsub 1) != 0)
                                                  + 0 : !(((((((((((('__int_0' bvsub 1) bvsub 1) bvsub 1) bvsub 1) bvsub 1) bvsub 1) bvsub 1) bvsub 1) bvsub 1) bvsub 1) bvsub 1) bvsle 0)
                                                    + 0 : !((((((((((((('__int_0' bvsub 1) bvsub 1) bvsub 1) bvsub 1) bvsub 1) bvsub 1) bvsub 1) bvsub 1) bvsub 1) bvsub 1) bvsub 1) bvsub 1) != 0)
                                                      + UNSAT
                                                    + 1 : ((((((((((((('__int_0' bvsub 1) bvsub 1) bvsub 1) bvsub 1) bvsub 1) bvsub 1) bvsub 1) bvsub 1) bvsub 1) bvsub 1) bvsub 1) bvsub 1) != 0)
                                                      + 0 : !((((((((((((('__int_0' bvsub 1) bvsub 1) bvsub 1) bvsub 1) bvsub 1) bvsub 1) bvsub 1) bvsub 1) bvsub 1) bvsub 1) bvsub 1) bvsub 1) bvsle 0)
                                                        + 0 : !(((((((((((((('__int_0' bvsub 1) bvsub 1) bvsub 1) bvsub 1) bvsub 1) bvsub 1) bvsub 1) bvsub 1) bvsub 1) bvsub 1) bvsub 1) bvsub 1) bvsub 1) != 0)
                                                          + UNSAT
                                                        + 1 : (((((((((((((('__int_0' bvsub 1) bvsub 1) bvsub 1) bvsub 1) bvsub 1) bvsub 1) bvsub 1) bvsub 1) bvsub 1) bvsub 1) bvsub 1) bvsub 1) bvsub 1) != 0)
                                                          + 0 : !(((((((((((((('__int_0' bvsub 1) bvsub 1) bvsub 1) bvsub 1) bvsub 1) bvsub 1) bvsub 1) bvsub 1) bvsub 1) bvsub 1) bvsub 1) bvsub 1) bvsub 1) bvsle 0)
                                                            + 0 : !((((((((((((((('__int_0' bvsub 1) bvsub 1) bvsub 1) bvsub 1) bvsub 1) bvsub 1) bvsub 1) bvsub 1) bvsub 1) bvsub 1) bvsub 1) bvsub 1) bvsub 1) bvsub 1) != 0)
                                                              + UNSAT
                                                            + 1 : ((((((((((((((('__int_0' bvsub 1) bvsub 1) bvsub 1) bvsub 1) bvsub 1) bvsub 1) bvsub 1) bvsub 1) bvsub 1) bvsub 1) bvsub 1) bvsub 1) bvsub 1) bvsub 1) != 0)
                                                              + 0 : !((((((((((((((('__int_0' bvsub 1) bvsub 1) bvsub 1) bvsub 1) bvsub 1) bvsub 1) bvsub 1) bvsub 1) bvsub 1) bvsub 1) bvsub 1) bvsub 1) bvsub 1) bvsub 1) bvsle 0)
                                                                + 0 : !(((((((((((((((('__int_0' bvsub 1) bvsub 1) bvsub 1) bvsub 1) bvsub 1) bvsub 1) bvsub 1) bvsub 1) bvsub 1) bvsub 1) bvsub 1) bvsub 1) bvsub 1) bvsub 1) bvsub 1) != 0)
                                                                  + UNSAT
                                                                + 1 : (((((((((((((((('__int_0' bvsub 1) bvsub 1) bvsub 1) bvsub 1) bvsub 1) bvsub 1) bvsub 1) bvsub 1) bvsub 1) bvsub 1) bvsub 1) bvsub 1) bvsub 1) bvsub 1) bvsub 1) != 0)
                                                                  + 0 : !(((((((((((((((('__int_0' bvsub 1) bvsub 1) bvsub 1) bvsub 1) bvsub 1) bvsub 1) bvsub 1) bvsub 1) bvsub 1) bvsub 1) bvsub 1) bvsub 1) bvsub 1) bvsub 1) bvsub 1) bvsle 0)
                                                                    + 0 : !((((((((((((((((('__int_0' bvsub 1) bvsub 1) bvsub 1) bvsub 1) bvsub 1) bvsub 1) bvsub 1) bvsub 1) bvsub 1) bvsub 1) bvsub 1) bvsub 1) bvsub 1) bvsub 1) bvsub 1) bvsub 1) != 0)
                                                                      + UNSAT
                                                                    + 1 : ((((((((((((((((('__int_0' bvsub 1) bvsub 1) bvsub 1) bvsub 1) bvsub 1) bvsub 1) bvsub 1) bvsub 1) bvsub 1) bvsub 1) bvsub 1) bvsub 1) bvsub 1) bvsub 1) bvsub 1) bvsub 1) != 0)
                                                                      + 0 : !((((((((((((((((('__int_0' bvsub 1) bvsub 1) bvsub 1) bvsub 1) bvsub 1) bvsub 1) bvsub 1) bvsub 1) bvsub 1) bvsub 1) bvsub 1) bvsub 1) bvsub 1) bvsub 1) bvsub 1) bvsub 1) bvsle 0)
                                                                        + 0 : !(((((((((((((((((('__int_0' bvsub 1) bvsub 1) bvsub 1) bvsub 1) bvsub 1) bvsub 1) bvsub 1) bvsub 1) bvsub 1) bvsub 1) bvsub 1) bvsub 1) bvsub 1) bvsub 1) bvsub 1) bvsub 1) bvsub 1) != 0)
                                                                          + UNSAT
                                                                        + 1 : (((((((((((((((((('__int_0' bvsub 1) bvsub 1) bvsub 1) bvsub 1) bvsub 1) bvsub 1) bvsub 1) bvsub 1) bvsub 1) bvsub 1) bvsub 1) bvsub 1) bvsub 1) bvsub 1) bvsub 1) bvsub 1) bvsub 1) != 0)
                                                                          + 0 : !(((((((((((((((((('__int_0' bvsub 1) bvsub 1) bvsub 1) bvsub 1) bvsub 1) bvsub 1) bvsub 1) bvsub 1) bvsub 1) bvsub 1) bvsub 1) bvsub 1) bvsub 1) bvsub 1) bvsub 1) bvsub 1) bvsub 1) bvsle 0)
                                                                            + 0 : !((((((((((((((((((('__int_0' bvsub 1) bvsub 1) bvsub 1) bvsub 1) bvsub 1) bvsub 1) bvsub 1) bvsub 1) bvsub 1) bvsub 1) bvsub 1) bvsub 1) bvsub 1) bvsub 1) bvsub 1) bvsub 1) bvsub 1) bvsub 1) != 0)
                                                                              + UNSAT
                                                                            + 1 : ((((((((((((((((((('__int_0' bvsub 1) bvsub 1) bvsub 1) bvsub 1) bvsub 1) bvsub 1) bvsub 1) bvsub 1) bvsub 1) bvsub 1) bvsub 1) bvsub 1) bvsub 1) bvsub 1) bvsub 1) bvsub 1) bvsub 1) bvsub 1) != 0)
                                                                              + 0 : !((((((((((((((((((('__int_0' bvsub 1) bvsub 1) bvsub 1) bvsub 1) bvsub 1) bvsub 1) bvsub 1) bvsub 1) bvsub 1) bvsub 1) bvsub 1) bvsub 1) bvsub 1) bvsub 1) bvsub 1) bvsub 1) bvsub 1) bvsub 1) bvsle 0)
                                                                                + 0 : !(((((((((((((((((((('__int_0' bvsub 1) bvsub 1) bvsub 1) bvsub 1) bvsub 1) bvsub 1) bvsub 1) bvsub 1) bvsub 1) bvsub 1) bvsub 1) bvsub 1) bvsub 1) bvsub 1) bvsub 1) bvsub 1) bvsub 1) bvsub 1) bvsub 1) != 0)
                                                                                  + UNSAT
                                                                                + 1 : (((((((((((((((((((('__int_0' bvsub 1) bvsub 1) bvsub 1) bvsub 1) bvsub 1) bvsub 1) bvsub 1) bvsub 1) bvsub 1) bvsub 1) bvsub 1) bvsub 1) bvsub 1) bvsub 1) bvsub 1) bvsub 1) bvsub 1) bvsub 1) bvsub 1) != 0)
                                                                                  + 0 : !(((((((((((((((((((('__int_0' bvsub 1) bvsub 1) bvsub 1) bvsub 1) bvsub 1) bvsub 1) bvsub 1) bvsub 1) bvsub 1) bvsub 1) bvsub 1) bvsub 1) bvsub 1) bvsub 1) bvsub 1) bvsub 1) bvsub 1) bvsub 1) bvsub 1) bvsle 0)
                                                                                    + 0 : !((((((((((((((((((((('__int_0' bvsub 1) bvsub 1) bvsub 1) bvsub 1) bvsub 1) bvsub 1) bvsub 1) bvsub 1) bvsub 1) bvsub 1) bvsub 1) bvsub 1) bvsub 1) bvsub 1) bvsub 1) bvsub 1) bvsub 1) bvsub 1) bvsub 1) bvsub 1) != 0)
                                                                                      + UNSAT
                                                                                    + 1 : ((((((((((((((((((((('__int_0' bvsub 1) bvsub 1) bvsub 1) bvsub 1) bvsub 1) bvsub 1) bvsub 1) bvsub 1) bvsub 1) bvsub 1) bvsub 1) bvsub 1) bvsub 1) bvsub 1) bvsub 1) bvsub 1) bvsub 1) bvsub 1) bvsub 1) bvsub 1) != 0)
                                                                                      + 0 : !((((((((((((((((((((('__int_0' bvsub 1) bvsub 1) bvsub 1) bvsub 1) bvsub 1) bvsub 1) bvsub 1) bvsub 1) bvsub 1) bvsub 1) bvsub 1) bvsub 1) bvsub 1) bvsub 1) bvsub 1) bvsub 1) bvsub 1) bvsub 1) bvsub 1) bvsub 1) bvsle 0)
                                                                                        + 0 : !(((((((((((((((((((((('__int_0' bvsub 1) bvsub 1) bvsub 1) bvsub 1) bvsub 1) bvsub 1) bvsub 1) bvsub 1) bvsub 1) bvsub 1) bvsub 1) bvsub 1) bvsub 1) bvsub 1) bvsub 1) bvsub 1) bvsub 1) bvsub 1) bvsub 1) bvsub 1) bvsub 1) != 0)
                                                                                          + UNSAT
                                                                                        + 1 : (((((((((((((((((((((('__int_0' bvsub 1) bvsub 1) bvsub 1) bvsub 1) bvsub 1) bvsub 1) bvsub 1) bvsub 1) bvsub 1) bvsub 1) bvsub 1) bvsub 1) bvsub 1) bvsub 1) bvsub 1) bvsub 1) bvsub 1) bvsub 1) bvsub 1) bvsub 1) bvsub 1) != 0)
                                                                                          + 0 : !(((((((((((((((((((((('__int_0' bvsub 1) bvsub 1) bvsub 1) bvsub 1) bvsub 1) bvsub 1) bvsub 1) bvsub 1) bvsub 1) bvsub 1) bvsub 1) bvsub 1) bvsub 1) bvsub 1) bvsub 1) bvsub 1) bvsub 1) bvsub 1) bvsub 1) bvsub 1) bvsub 1) bvsle 0)
                                                                                            + 0 : !((((((((((((((((((((((('__int_0' bvsub 1) bvsub 1) bvsub 1) bvsub 1) bvsub 1) bvsub 1) bvsub 1) bvsub 1) bvsub 1) bvsub 1) bvsub 1) bvsub 1) bvsub 1) bvsub 1) bvsub 1) bvsub 1) bvsub 1) bvsub 1) bvsub 1) bvsub 1) bvsub 1) bvsub 1) != 0)
                                                                                              + UNSAT
                                                                                            + 1 : ((((((((((((((((((((((('__int_0' bvsub 1) bvsub 1) bvsub 1) bvsub 1) bvsub 1) bvsub 1) bvsub 1) bvsub 1) bvsub 1) bvsub 1) bvsub 1) bvsub 1) bvsub 1) bvsub 1) bvsub 1) bvsub 1) bvsub 1) bvsub 1) bvsub 1) bvsub 1) bvsub 1) bvsub 1) != 0)
                                                                                              + 0 : !((((((((((((((((((((((('__int_0' bvsub 1) bvsub 1) bvsub 1) bvsub 1) bvsub 1) bvsub 1) bvsub 1) bvsub 1) bvsub 1) bvsub 1) bvsub 1) bvsub 1) bvsub 1) bvsub 1) bvsub 1) bvsub 1) bvsub 1) bvsub 1) bvsub 1) bvsub 1) bvsub 1) bvsub 1) bvsle 0)
                                                                                                + 0 : !(((((((((((((((((((((((('__int_0' bvsub 1) bvsub 1) bvsub 1) bvsub 1) bvsub 1) bvsub 1) bvsub 1) bvsub 1) bvsub 1) bvsub 1) bvsub 1) bvsub 1) bvsub 1) bvsub 1) bvsub 1) bvsub 1) bvsub 1) bvsub 1) bvsub 1) bvsub 1) bvsub 1) bvsub 1) bvsub 1) != 0)
                                                                                                  + UNSAT
                                                                                                + 1 : (((((((((((((((((((((((('__int_0' bvsub 1) bvsub 1) bvsub 1) bvsub 1) bvsub 1) bvsub 1) bvsub 1) bvsub 1) bvsub 1) bvsub 1) bvsub 1) bvsub 1) bvsub 1) bvsub 1) bvsub 1) bvsub 1) bvsub 1) bvsub 1) bvsub 1) bvsub 1) bvsub 1) bvsub 1) bvsub 1) != 0)
                                                                                                  + 0 : !(((((((((((((((((((((((('__int_0' bvsub 1) bvsub 1) bvsub 1) bvsub 1) bvsub 1) bvsub 1) bvsub 1) bvsub 1) bvsub 1) bvsub 1) bvsub 1) bvsub 1) bvsub 1) bvsub 1) bvsub 1) bvsub 1) bvsub 1) bvsub 1) bvsub 1) bvsub 1) bvsub 1) bvsub 1) bvsub 1) bvsle 0)
                                                                                                    + 0 : !((((((((((((((((((((((((('__int_0' bvsub 1) bvsub 1) bvsub 1) bvsub 1) bvsub 1) bvsub 1) bvsub 1) bvsub 1) bvsub 1) bvsub 1) bvsub 1) bvsub 1) bvsub 1) bvsub 1) bvsub 1) bvsub 1) bvsub 1) bvsub 1) bvsub 1) bvsub 1) bvsub 1) bvsub 1) bvsub 1) bvsub 1) != 0)
                                                                                                      + UNSAT
                                                                                                    + 1 : ((((((((((((((((((((((((('__int_0' bvsub 1) bvsub 1) bvsub 1) bvsub 1) bvsub 1) bvsub 1) bvsub 1) bvsub 1) bvsub 1) bvsub 1) bvsub 1) bvsub 1) bvsub 1) bvsub 1) bvsub 1) bvsub 1) bvsub 1) bvsub 1) bvsub 1) bvsub 1) bvsub 1) bvsub 1) bvsub 1) bvsub 1) != 0)
                                                                                                      + 0 : !((((((((((((((((((((((((('__int_0' bvsub 1) bvsub 1) bvsub 1) bvsub 1) bvsub 1) bvsub 1) bvsub 1) bvsub 1) bvsub 1) bvsub 1) bvsub 1) bvsub 1) bvsub 1) bvsub 1) bvsub 1) bvsub 1) bvsub 1) bvsub 1) bvsub 1) bvsub 1) bvsub 1) bvsub 1) bvsub 1) bvsub 1) bvsle 0)
                                                                                                        + 0 : !(((((((((((((((((((((((((('__int_0' bvsub 1) bvsub 1) bvsub 1) bvsub 1) bvsub 1) bvsub 1) bvsub 1) bvsub 1) bvsub 1) bvsub 1) bvsub 1) bvsub 1) bvsub 1) bvsub 1) bvsub 1) bvsub 1) bvsub 1) bvsub 1) bvsub 1) bvsub 1) bvsub 1) bvsub 1) bvsub 1) bvsub 1) bvsub 1) != 0)
                                                                                                          + UNSAT
                                                                                                        + 1 : (((((((((((((((((((((((((('__int_0' bvsub 1) bvsub 1) bvsub 1) bvsub 1) bvsub 1) bvsub 1) bvsub 1) bvsub 1) bvsub 1) bvsub 1) bvsub 1) bvsub 1) bvsub 1) bvsub 1) bvsub 1) bvsub 1) bvsub 1) bvsub 1) bvsub 1) bvsub 1) bvsub 1) bvsub 1) bvsub 1) bvsub 1) bvsub 1) != 0)
                                                                                                          + 0 : !(((((((((((((((((((((((((('__int_0' bvsub 1) bvsub 1) bvsub 1) bvsub 1) bvsub 1) bvsub 1) bvsub 1) bvsub 1) bvsub 1) bvsub 1) bvsub 1) bvsub 1) bvsub 1) bvsub 1) bvsub 1) bvsub 1) bvsub 1) bvsub 1) bvsub 1) bvsub 1) bvsub 1) bvsub 1) bvsub 1) bvsub 1) bvsub 1) bvsle 0)
                                                                                                            + 0 : !((((((((((((((((((((((((((('__int_0' bvsub 1) bvsub 1) bvsub 1) bvsub 1) bvsub 1) bvsub 1) bvsub 1) bvsub 1) bvsub 1) bvsub 1) bvsub 1) bvsub 1) bvsub 1) bvsub 1) bvsub 1) bvsub 1) bvsub 1) bvsub 1) bvsub 1) bvsub 1) bvsub 1) bvsub 1) bvsub 1) bvsub 1) bvsub 1) bvsub 1) != 0)
                                                                                                              + UNSAT
                                                                                                            + 1 : ((((((((((((((((((((((((((('__int_0' bvsub 1) bvsub 1) bvsub 1) bvsub 1) bvsub 1) bvsub 1) bvsub 1) bvsub 1) bvsub 1) bvsub 1) bvsub 1) bvsub 1) bvsub 1) bvsub 1) bvsub 1) bvsub 1) bvsub 1) bvsub 1) bvsub 1) bvsub 1) bvsub 1) bvsub 1) bvsub 1) bvsub 1) bvsub 1) bvsub 1) != 0)
                                                                                                              + 0 : !((((((((((((((((((((((((((('__int_0' bvsub 1) bvsub 1) bvsub 1) bvsub 1) bvsub 1) bvsub 1) bvsub 1) bvsub 1) bvsub 1) bvsub 1) bvsub 1) bvsub 1) bvsub 1) bvsub 1) bvsub 1) bvsub 1) bvsub 1) bvsub 1) bvsub 1) bvsub 1) bvsub 1) bvsub 1) bvsub 1) bvsub 1) bvsub 1) bvsub 1) bvsle 0)
                                                                                                                + 0 : !(((((((((((((((((((((((((((('__int_0' bvsub 1) bvsub 1) bvsub 1) bvsub 1) bvsub 1) bvsub 1) bvsub 1) bvsub 1) bvsub 1) bvsub 1) bvsub 1) bvsub 1) bvsub 1) bvsub 1) bvsub 1) bvsub 1) bvsub 1) bvsub 1) bvsub 1) bvsub 1) bvsub 1) bvsub 1) bvsub 1) bvsub 1) bvsub 1) bvsub 1) bvsub 1) != 0)
                                                                                                                  + UNSAT
                                                                                                                + 1 : (((((((((((((((((((((((((((('__int_0' bvsub 1) bvsub 1) bvsub 1) bvsub 1) bvsub 1) bvsub 1) bvsub 1) bvsub 1) bvsub 1) bvsub 1) bvsub 1) bvsub 1) bvsub 1) bvsub 1) bvsub 1) bvsub 1) bvsub 1) bvsub 1) bvsub 1) bvsub 1) bvsub 1) bvsub 1) bvsub 1) bvsub 1) bvsub 1) bvsub 1) bvsub 1) != 0)
                                                                                                                  + 0 : !(((((((((((((((((((((((((((('__int_0' bvsub 1) bvsub 1) bvsub 1) bvsub 1) bvsub 1) bvsub 1) bvsub 1) bvsub 1) bvsub 1) bvsub 1) bvsub 1) bvsub 1) bvsub 1) bvsub 1) bvsub 1) bvsub 1) bvsub 1) bvsub 1) bvsub 1) bvsub 1) bvsub 1) bvsub 1) bvsub 1) bvsub 1) bvsub 1) bvsub 1) bvsub 1) bvsle 0)
                                                                                                                    + 0 : !((((((((((((((((((((((((((((('__int_0' bvsub 1) bvsub 1) bvsub 1) bvsub 1) bvsub 1) bvsub 1) bvsub 1) bvsub 1) bvsub 1) bvsub 1) bvsub 1) bvsub 1) bvsub 1) bvsub 1) bvsub 1) bvsub 1) bvsub 1) bvsub 1) bvsub 1) bvsub 1) bvsub 1) bvsub 1) bvsub 1) bvsub 1) bvsub 1) bvsub 1) bvsub 1) bvsub 1) != 0)
                                                                                                                      + UNSAT
                                                                                                                    + 1 : ((((((((((((((((((((((((((((('__int_0' bvsub 1) bvsub 1) bvsub 1) bvsub 1) bvsub 1) bvsub 1) bvsub 1) bvsub 1) bvsub 1) bvsub 1) bvsub 1) bvsub 1) bvsub 1) bvsub 1) bvsub 1) bvsub 1) bvsub 1) bvsub 1) bvsub 1) bvsub 1) bvsub 1) bvsub 1) bvsub 1) bvsub 1) bvsub 1) bvsub 1) bvsub 1) bvsub 1) != 0)
                                                                                                                      + 0 : !((((((((((((((((((((((((((((('__int_0' bvsub 1) bvsub 1) bvsub 1) bvsub 1) bvsub 1) bvsub 1) bvsub 1) bvsub 1) bvsub 1) bvsub 1) bvsub 1) bvsub 1) bvsub 1) bvsub 1) bvsub 1) bvsub 1) bvsub 1) bvsub 1) bvsub 1) bvsub 1) bvsub 1) bvsub 1) bvsub 1) bvsub 1) bvsub 1) bvsub 1) bvsub 1) bvsub 1) bvsle 0)
                                                                                                                        + 0 : !(((((((((((((((((((((((((((((('__int_0' bvsub 1) bvsub 1) bvsub 1) bvsub 1) bvsub 1) bvsub 1) bvsub 1) bvsub 1) bvsub 1) bvsub 1) bvsub 1) bvsub 1) bvsub 1) bvsub 1) bvsub 1) bvsub 1) bvsub 1) bvsub 1) bvsub 1) bvsub 1) bvsub 1) bvsub 1) bvsub 1) bvsub 1) bvsub 1) bvsub 1) bvsub 1) bvsub 1) bvsub 1) != 0)
                                                                                                                          + UNSAT
                                                                                                                        + 1 : (((((((((((((((((((((((((((((('__int_0' bvsub 1) bvsub 1) bvsub 1) bvsub 1) bvsub 1) bvsub 1) bvsub 1) bvsub 1) bvsub 1) bvsub 1) bvsub 1) bvsub 1) bvsub 1) bvsub 1) bvsub 1) bvsub 1) bvsub 1) bvsub 1) bvsub 1) bvsub 1) bvsub 1) bvsub 1) bvsub 1) bvsub 1) bvsub 1) bvsub 1) bvsub 1) bvsub 1) bvsub 1) != 0)
                                                                                                                          + 0 : !(((((((((((((((((((((((((((((('__int_0' bvsub 1) bvsub 1) bvsub 1) bvsub 1) bvsub 1) bvsub 1) bvsub 1) bvsub 1) bvsub 1) bvsub 1) bvsub 1) bvsub 1) bvsub 1) bvsub 1) bvsub 1) bvsub 1) bvsub 1) bvsub 1) bvsub 1) bvsub 1) bvsub 1) bvsub 1) bvsub 1) bvsub 1) bvsub 1) bvsub 1) bvsub 1) bvsub 1) bvsub 1) bvsle 0)
                                                                                                                            + 0 : !((((((((((((((((((((((((((((((('__int_0' bvsub 1) bvsub 1) bvsub 1) bvsub 1) bvsub 1) bvsub 1) bvsub 1) bvsub 1) bvsub 1) bvsub 1) bvsub 1) bvsub 1) bvsub 1) bvsub 1) bvsub 1) bvsub 1) bvsub 1) bvsub 1) bvsub 1) bvsub 1) bvsub 1) bvsub 1) bvsub 1) bvsub 1) bvsub 1) bvsub 1) bvsub 1) bvsub 1) bvsub 1) bvsub 1) != 0)
                                                                                                                              + 0 : !(((((((((((((((((((((((((((((('__int_0' bvsub 1) bvsub 1) bvsub 1) bvsub 1) bvsub 1) bvsub 1) bvsub 1) bvsub 1) bvsub 1) bvsub 1) bvsub 1) bvsub 1) bvsub 1) bvsub 1) bvsub 1) bvsub 1) bvsub 1) bvsub 1) bvsub 1) bvsub 1) bvsub 1) bvsub 1) bvsub 1) bvsub 1) bvsub 1) bvsub 1) bvsub 1) bvsub 1) bvsub 1) bvsge 0)
                                                                                                                                + UNSAT
                                                                                                                              + 1 : (((((((((((((((((((((((((((((('__int_0' bvsub 1) bvsub 1) bvsub 1) bvsub 1) bvsub 1) bvsub 1) bvsub 1) bvsub 1) bvsub 1) bvsub 1) bvsub 1) bvsub 1) bvsub 1) bvsub 1) bvsub 1) bvsub 1) bvsub 1) bvsub 1) bvsub 1) bvsub 1) bvsub 1) bvsub 1) bvsub 1) bvsub 1) bvsub 1) bvsub 1) bvsub 1) bvsub 1) bvsub 1) bvsge 0)
                                                                                                                                + 0 : !((((((((((((((((((((((((((((('__int_0' bvsub 1) bvsub 1) bvsub 1) bvsub 1) bvsub 1) bvsub 1) bvsub 1) bvsub 1) bvsub 1) bvsub 1) bvsub 1) bvsub 1) bvsub 1) bvsub 1) bvsub 1) bvsub 1) bvsub 1) bvsub 1) bvsub 1) bvsub 1) bvsub 1) bvsub 1) bvsub 1) bvsub 1) bvsub 1) bvsub 1) bvsub 1) bvsub 1) bvsge 0)
                                                                                                                                  + UNSAT
                                                                                                                                + 1 : ((((((((((((((((((((((((((((('__int_0' bvsub 1) bvsub 1) bvsub 1) bvsub 1) bvsub 1) bvsub 1) bvsub 1) bvsub 1) bvsub 1) bvsub 1) bvsub 1) bvsub 1) bvsub 1) bvsub 1) bvsub 1) bvsub 1) bvsub 1) bvsub 1) bvsub 1) bvsub 1) bvsub 1) bvsub 1) bvsub 1) bvsub 1) bvsub 1) bvsub 1) bvsub 1) bvsub 1) bvsge 0)
                                                                                                                                  + 0 : !(((((((((((((((((((((((((((('__int_0' bvsub 1) bvsub 1) bvsub 1) bvsub 1) bvsub 1) bvsub 1) bvsub 1) bvsub 1) bvsub 1) bvsub 1) bvsub 1) bvsub 1) bvsub 1) bvsub 1) bvsub 1) bvsub 1) bvsub 1) bvsub 1) bvsub 1) bvsub 1) bvsub 1) bvsub 1) bvsub 1) bvsub 1) bvsub 1) bvsub 1) bvsub 1) bvsge 0)
                                                                                                                                    + UNSAT
                                                                                                                                  + 1 : (((((((((((((((((((((((((((('__int_0' bvsub 1) bvsub 1) bvsub 1) bvsub 1) bvsub 1) bvsub 1) bvsub 1) bvsub 1) bvsub 1) bvsub 1) bvsub 1) bvsub 1) bvsub 1) bvsub 1) bvsub 1) bvsub 1) bvsub 1) bvsub 1) bvsub 1) bvsub 1) bvsub 1) bvsub 1) bvsub 1) bvsub 1) bvsub 1) bvsub 1) bvsub 1) bvsge 0)
                                                                                                                                    + 0 : !((((((((((((((((((((((((((('__int_0' bvsub 1) bvsub 1) bvsub 1) bvsub 1) bvsub 1) bvsub 1) bvsub 1) bvsub 1) bvsub 1) bvsub 1) bvsub 1) bvsub 1) bvsub 1) bvsub 1) bvsub 1) bvsub 1) bvsub 1) bvsub 1) bvsub 1) bvsub 1) bvsub 1) bvsub 1) bvsub 1) bvsub 1) bvsub 1) bvsub 1) bvsge 0)
                                                                                                                                      + UNSAT
                                                                                                                                    + 1 : ((((((((((((((((((((((((((('__int_0' bvsub 1) bvsub 1) bvsub 1) bvsub 1) bvsub 1) bvsub 1) bvsub 1) bvsub 1) bvsub 1) bvsub 1) bvsub 1) bvsub 1) bvsub 1) bvsub 1) bvsub 1) bvsub 1) bvsub 1) bvsub 1) bvsub 1) bvsub 1) bvsub 1) bvsub 1) bvsub 1) bvsub 1) bvsub 1) bvsub 1) bvsge 0)
                                                                                                                                      + 0 : !(((((((((((((((((((((((((('__int_0' bvsub 1) bvsub 1) bvsub 1) bvsub 1) bvsub 1) bvsub 1) bvsub 1) bvsub 1) bvsub 1) bvsub 1) bvsub 1) bvsub 1) bvsub 1) bvsub 1) bvsub 1) bvsub 1) bvsub 1) bvsub 1) bvsub 1) bvsub 1) bvsub 1) bvsub 1) bvsub 1) bvsub 1) bvsub 1) bvsge 0)
                                                                                                                                        + UNSAT
                                                                                                                                      + 1 : (((((((((((((((((((((((((('__int_0' bvsub 1) bvsub 1) bvsub 1) bvsub 1) bvsub 1) bvsub 1) bvsub 1) bvsub 1) bvsub 1) bvsub 1) bvsub 1) bvsub 1) bvsub 1) bvsub 1) bvsub 1) bvsub 1) bvsub 1) bvsub 1) bvsub 1) bvsub 1) bvsub 1) bvsub 1) bvsub 1) bvsub 1) bvsub 1) bvsge 0)
                                                                                                                                        + 0 : !((((((((((((((((((((((((('__int_0' bvsub 1) bvsub 1) bvsub 1) bvsub 1) bvsub 1) bvsub 1) bvsub 1) bvsub 1) bvsub 1) bvsub 1) bvsub 1) bvsub 1) bvsub 1) bvsub 1) bvsub 1) bvsub 1) bvsub 1) bvsub 1) bvsub 1) bvsub 1) bvsub 1) bvsub 1) bvsub 1) bvsub 1) bvsge 0)
                                                                                                                                          + UNSAT
                                                                                                                                        + 1 : ((((((((((((((((((((((((('__int_0' bvsub 1) bvsub 1) bvsub 1) bvsub 1) bvsub 1) bvsub 1) bvsub 1) bvsub 1) bvsub 1) bvsub 1) bvsub 1) bvsub 1) bvsub 1) bvsub 1) bvsub 1) bvsub 1) bvsub 1) bvsub 1) bvsub 1) bvsub 1) bvsub 1) bvsub 1) bvsub 1) bvsub 1) bvsge 0)
                                                                                                                                          + 0 : !(((((((((((((((((((((((('__int_0' bvsub 1) bvsub 1) bvsub 1) bvsub 1) bvsub 1) bvsub 1) bvsub 1) bvsub 1) bvsub 1) bvsub 1) bvsub 1) bvsub 1) bvsub 1) bvsub 1) bvsub 1) bvsub 1) bvsub 1) bvsub 1) bvsub 1) bvsub 1) bvsub 1) bvsub 1) bvsub 1) bvsge 0)
                                                                                                                                            + UNSAT
                                                                                                                                          + 1 : (((((((((((((((((((((((('__int_0' bvsub 1) bvsub 1) bvsub 1) bvsub 1) bvsub 1) bvsub 1) bvsub 1) bvsub 1) bvsub 1) bvsub 1) bvsub 1) bvsub 1) bvsub 1) bvsub 1) bvsub 1) bvsub 1) bvsub 1) bvsub 1) bvsub 1) bvsub 1) bvsub 1) bvsub 1) bvsub 1) bvsge 0)
                                                                                                                                            + 0 : !((((((((((((((((((((((('__int_0' bvsub 1) bvsub 1) bvsub 1) bvsub 1) bvsub 1) bvsub 1) bvsub 1) bvsub 1) bvsub 1) bvsub 1) bvsub 1) bvsub 1) bvsub 1) bvsub 1) bvsub 1) bvsub 1) bvsub 1) bvsub 1) bvsub 1) bvsub 1) bvsub 1) bvsub 1) bvsge 0)
                                                                                                                                              + UNSAT
                                                                                                                                            + 1 : ((((((((((((((((((((((('__int_0' bvsub 1) bvsub 1) bvsub 1) bvsub 1) bvsub 1) bvsub 1) bvsub 1) bvsub 1) bvsub 1) bvsub 1) bvsub 1) bvsub 1) bvsub 1) bvsub 1) bvsub 1) bvsub 1) bvsub 1) bvsub 1) bvsub 1) bvsub 1) bvsub 1) bvsub 1) bvsge 0)
                                                                                                                                              + 0 : !(((((((((((((((((((((('__int_0' bvsub 1) bvsub 1) bvsub 1) bvsub 1) bvsub 1) bvsub 1) bvsub 1) bvsub 1) bvsub 1) bvsub 1) bvsub 1) bvsub 1) bvsub 1) bvsub 1) bvsub 1) bvsub 1) bvsub 1) bvsub 1) bvsub 1) bvsub 1) bvsub 1) bvsge 0)
                                                                                                                                                + UNSAT
                                                                                                                                              + 1 : (((((((((((((((((((((('__int_0' bvsub 1) bvsub 1) bvsub 1) bvsub 1) bvsub 1) bvsub 1) bvsub 1) bvsub 1) bvsub 1) bvsub 1) bvsub 1) bvsub 1) bvsub 1) bvsub 1) bvsub 1) bvsub 1) bvsub 1) bvsub 1) bvsub 1) bvsub 1) bvsub 1) bvsge 0)
                                                                                                                                                + 0 : !((((((((((((((((((((('__int_0' bvsub 1) bvsub 1) bvsub 1) bvsub 1) bvsub 1) bvsub 1) bvsub 1) bvsub 1) bvsub 1) bvsub 1) bvsub 1) bvsub 1) bvsub 1) bvsub 1) bvsub 1) bvsub 1) bvsub 1) bvsub 1) bvsub 1) bvsub 1) bvsge 0)
                                                                                                                                                  + UNSAT
                                                                                                                                                + 1 : ((((((((((((((((((((('__int_0' bvsub 1) bvsub 1) bvsub 1) bvsub 1) bvsub 1) bvsub 1) bvsub 1) bvsub 1) bvsub 1) bvsub 1) bvsub 1) bvsub 1) bvsub 1) bvsub 1) bvsub 1) bvsub 1) bvsub 1) bvsub 1) bvsub 1) bvsub 1) bvsge 0)
                                                                                                                                                  + 0 : !(((((((((((((((((((('__int_0' bvsub 1) bvsub 1) bvsub 1) bvsub 1) bvsub 1) bvsub 1) bvsub 1) bvsub 1) bvsub 1) bvsub 1) bvsub 1) bvsub 1) bvsub 1) bvsub 1) bvsub 1) bvsub 1) bvsub 1) bvsub 1) bvsub 1) bvsge 0)
                                                                                                                                                    + UNSAT
                                                                                                                                                  + 1 : (((((((((((((((((((('__int_0' bvsub 1) bvsub 1) bvsub 1) bvsub 1) bvsub 1) bvsub 1) bvsub 1) bvsub 1) bvsub 1) bvsub 1) bvsub 1) bvsub 1) bvsub 1) bvsub 1) bvsub 1) bvsub 1) bvsub 1) bvsub 1) bvsub 1) bvsge 0)
                                                                                                                                                    + 0 : !((((((((((((((((((('__int_0' bvsub 1) bvsub 1) bvsub 1) bvsub 1) bvsub 1) bvsub 1) bvsub 1) bvsub 1) bvsub 1) bvsub 1) bvsub 1) bvsub 1) bvsub 1) bvsub 1) bvsub 1) bvsub 1) bvsub 1) bvsub 1) bvsge 0)
                                                                                                                                                      + UNSAT
                                                                                                                                                    + 1 : ((((((((((((((((((('__int_0' bvsub 1) bvsub 1) bvsub 1) bvsub 1) bvsub 1) bvsub 1) bvsub 1) bvsub 1) bvsub 1) bvsub 1) bvsub 1) bvsub 1) bvsub 1) bvsub 1) bvsub 1) bvsub 1) bvsub 1) bvsub 1) bvsge 0)
                                                                                                                                                      + 0 : !(((((((((((((((((('__int_0' bvsub 1) bvsub 1) bvsub 1) bvsub 1) bvsub 1) bvsub 1) bvsub 1) bvsub 1) bvsub 1) bvsub 1) bvsub 1) bvsub 1) bvsub 1) bvsub 1) bvsub 1) bvsub 1) bvsub 1) bvsge 0)
                                                                                                                                                        + UNSAT
                                                                                                                                                      + 1 : (((((((((((((((((('__int_0' bvsub 1) bvsub 1) bvsub 1) bvsub 1) bvsub 1) bvsub 1) bvsub 1) bvsub 1) bvsub 1) bvsub 1) bvsub 1) bvsub 1) bvsub 1) bvsub 1) bvsub 1) bvsub 1) bvsub 1) bvsge 0)
                                                                                                                                                        + 0 : !((((((((((((((((('__int_0' bvsub 1) bvsub 1) bvsub 1) bvsub 1) bvsub 1) bvsub 1) bvsub 1) bvsub 1) bvsub 1) bvsub 1) bvsub 1) bvsub 1) bvsub 1) bvsub 1) bvsub 1) bvsub 1) bvsge 0)
                                                                                                                                                          + UNSAT
                                                                                                                                                        + 1 : ((((((((((((((((('__int_0' bvsub 1) bvsub 1) bvsub 1) bvsub 1) bvsub 1) bvsub 1) bvsub 1) bvsub 1) bvsub 1) bvsub 1) bvsub 1) bvsub 1) bvsub 1) bvsub 1) bvsub 1) bvsub 1) bvsge 0)
                                                                                                                                                          + 0 : !(((((((((((((((('__int_0' bvsub 1) bvsub 1) bvsub 1) bvsub 1) bvsub 1) bvsub 1) bvsub 1) bvsub 1) bvsub 1) bvsub 1) bvsub 1) bvsub 1) bvsub 1) bvsub 1) bvsub 1) bvsge 0)
                                                                                                                                                            + UNSAT
                                                                                                                                                          + 1 : (((((((((((((((('__int_0' bvsub 1) bvsub 1) bvsub 1) bvsub 1) bvsub 1) bvsub 1) bvsub 1) bvsub 1) bvsub 1) bvsub 1) bvsub 1) bvsub 1) bvsub 1) bvsub 1) bvsub 1) bvsge 0)
                                                                                                                                                            + 0 : !((((((((((((((('__int_0' bvsub 1) bvsub 1) bvsub 1) bvsub 1) bvsub 1) bvsub 1) bvsub 1) bvsub 1) bvsub 1) bvsub 1) bvsub 1) bvsub 1) bvsub 1) bvsub 1) bvsge 0)
                                                                                                                                                              + UNSAT
                                                                                                                                                            + 1 : ((((((((((((((('__int_0' bvsub 1) bvsub 1) bvsub 1) bvsub 1) bvsub 1) bvsub 1) bvsub 1) bvsub 1) bvsub 1) bvsub 1) bvsub 1) bvsub 1) bvsub 1) bvsub 1) bvsge 0)
                                                                                                                                                              + 0 : !(((((((((((((('__int_0' bvsub 1) bvsub 1) bvsub 1) bvsub 1) bvsub 1) bvsub 1) bvsub 1) bvsub 1) bvsub 1) bvsub 1) bvsub 1) bvsub 1) bvsub 1) bvsge 0)
                                                                                                                                                                + UNSAT
                                                                                                                                                              + 1 : (((((((((((((('__int_0' bvsub 1) bvsub 1) bvsub 1) bvsub 1) bvsub 1) bvsub 1) bvsub 1) bvsub 1) bvsub 1) bvsub 1) bvsub 1) bvsub 1) bvsub 1) bvsge 0)
                                                                                                                                                                + 0 : !((((((((((((('__int_0' bvsub 1) bvsub 1) bvsub 1) bvsub 1) bvsub 1) bvsub 1) bvsub 1) bvsub 1) bvsub 1) bvsub 1) bvsub 1) bvsub 1) bvsge 0)
                                                                                                                                                                  + UNSAT
                                                                                                                                                                + 1 : ((((((((((((('__int_0' bvsub 1) bvsub 1) bvsub 1) bvsub 1) bvsub 1) bvsub 1) bvsub 1) bvsub 1) bvsub 1) bvsub 1) bvsub 1) bvsub 1) bvsge 0)
                                                                                                                                                                  + 0 : !(((((((((((('__int_0' bvsub 1) bvsub 1) bvsub 1) bvsub 1) bvsub 1) bvsub 1) bvsub 1) bvsub 1) bvsub 1) bvsub 1) bvsub 1) bvsge 0)
                                                                                                                                                                    + UNSAT
                                                                                                                                                                  + 1 : (((((((((((('__int_0' bvsub 1) bvsub 1) bvsub 1) bvsub 1) bvsub 1) bvsub 1) bvsub 1) bvsub 1) bvsub 1) bvsub 1) bvsub 1) bvsge 0)
                                                                                                                                                                    + 0 : !((((((((((('__int_0' bvsub 1) bvsub 1) bvsub 1) bvsub 1) bvsub 1) bvsub 1) bvsub 1) bvsub 1) bvsub 1) bvsub 1) bvsge 0)
                                                                                                                                                                      + UNSAT
                                                                                                                                                                    + 1 : ((((((((((('__int_0' bvsub 1) bvsub 1) bvsub 1) bvsub 1) bvsub 1) bvsub 1) bvsub 1) bvsub 1) bvsub 1) bvsub 1) bvsge 0)
                                                                                                                                                                      + 0 : !(((((((((('__int_0' bvsub 1) bvsub 1) bvsub 1) bvsub 1) bvsub 1) bvsub 1) bvsub 1) bvsub 1) bvsub 1) bvsge 0)
                                                                                                                                                                        + UNSAT
                                                                                                                                                                      + 1 : (((((((((('__int_0' bvsub 1) bvsub 1) bvsub 1) bvsub 1) bvsub 1) bvsub 1) bvsub 1) bvsub 1) bvsub 1) bvsge 0)
                                                                                                                                                                        + 0 : !((((((((('__int_0' bvsub 1) bvsub 1) bvsub 1) bvsub 1) bvsub 1) bvsub 1) bvsub 1) bvsub 1) bvsge 0)
                                                                                                                                                                          + UNSAT
                                                                                                                                                                        + 1 : ((((((((('__int_0' bvsub 1) bvsub 1) bvsub 1) bvsub 1) bvsub 1) bvsub 1) bvsub 1) bvsub 1) bvsge 0)
                                                                                                                                                                          + 0 : !(((((((('__int_0' bvsub 1) bvsub 1) bvsub 1) bvsub 1) bvsub 1) bvsub 1) bvsub 1) bvsge 0)
                                                                                                                                                                            + UNSAT
                                                                                                                                                                          + 1 : (((((((('__int_0' bvsub 1) bvsub 1) bvsub 1) bvsub 1) bvsub 1) bvsub 1) bvsub 1) bvsge 0)
                                                                                                                                                                            + 0 : !((((((('__int_0' bvsub 1) bvsub 1) bvsub 1) bvsub 1) bvsub 1) bvsub 1) bvsge 0)
                                                                                                                                                                              + UNSAT
                                                                                                                                                                            + 1 : ((((((('__int_0' bvsub 1) bvsub 1) bvsub 1) bvsub 1) bvsub 1) bvsub 1) bvsge 0)
                                                                                                                                                                              + 0 : !(((((('__int_0' bvsub 1) bvsub 1) bvsub 1) bvsub 1) bvsub 1) bvsge 0)
                                                                                                                                                                                + UNSAT
                                                                                                                                                                              + 1 : (((((('__int_0' bvsub 1) bvsub 1) bvsub 1) bvsub 1) bvsub 1) bvsge 0)
                                                                                                                                                                                + 0 : !((((('__int_0' bvsub 1) bvsub 1) bvsub 1) bvsub 1) bvsge 0)
                                                                                                                                                                                  + UNSAT
                                                                                                                                                                                + 1 : ((((('__int_0' bvsub 1) bvsub 1) bvsub 1) bvsub 1) bvsge 0)
                                                                                                                                                                                  + 0 : !(((('__int_0' bvsub 1) bvsub 1) bvsub 1) bvsge 0)
                                                                                                                                                                                    + UNSAT
                                                                                                                                                                                  + 1 : (((('__int_0' bvsub 1) bvsub 1) bvsub 1) bvsge 0)
                                                                                                                                                                                    + 0 : !((('__int_0' bvsub 1) bvsub 1) bvsge 0)
                                                                                                                                                                                      + UNSAT
                                                                                                                                                                                    + 1 : ((('__int_0' bvsub 1) bvsub 1) bvsge 0)
                                                                                                                                                                                      + 0 : !(('__int_0' bvsub 1) bvsge 0)
                                                                                                                                                                                        + UNSAT
                                                                                                                                                                                      + 1 : (('__int_0' bvsub 1) bvsge 0)
                                                                                                                                                                                        + 0 : !('__int_0' bvsge 0)
                                                                                                                                                                                          + UNSAT
                                                                                                                                                                                        + 1 : ('__int_0' bvsge 0)
                                                                                                                                                                                          + ERROR[complete path:true] . __int_0:=30 . java/lang/AssertionError
                                                                                                                            + 1 : !!((((((((((((((((((((((((((((((('__int_0' bvsub 1) bvsub 1) bvsub 1) bvsub 1) bvsub 1) bvsub 1) bvsub 1) bvsub 1) bvsub 1) bvsub 1) bvsub 1) bvsub 1) bvsub 1) bvsub 1) bvsub 1) bvsub 1) bvsub 1) bvsub 1) bvsub 1) bvsub 1) bvsub 1) bvsub 1) bvsub 1) bvsub 1) bvsub 1) bvsub 1) bvsub 1) bvsub 1) bvsub 1) bvsub 1) != 0)
                                                                                                                              + UNSAT
                                                                                                                          + 1 : !!(((((((((((((((((((((((((((((('__int_0' bvsub 1) bvsub 1) bvsub 1) bvsub 1) bvsub 1) bvsub 1) bvsub 1) bvsub 1) bvsub 1) bvsub 1) bvsub 1) bvsub 1) bvsub 1) bvsub 1) bvsub 1) bvsub 1) bvsub 1) bvsub 1) bvsub 1) bvsub 1) bvsub 1) bvsub 1) bvsub 1) bvsub 1) bvsub 1) bvsub 1) bvsub 1) bvsub 1) bvsub 1) bvsle 0)
                                                                                                                            + UNSAT
                                                                                                                      + 1 : !!((((((((((((((((((((((((((((('__int_0' bvsub 1) bvsub 1) bvsub 1) bvsub 1) bvsub 1) bvsub 1) bvsub 1) bvsub 1) bvsub 1) bvsub 1) bvsub 1) bvsub 1) bvsub 1) bvsub 1) bvsub 1) bvsub 1) bvsub 1) bvsub 1) bvsub 1) bvsub 1) bvsub 1) bvsub 1) bvsub 1) bvsub 1) bvsub 1) bvsub 1) bvsub 1) bvsub 1) bvsle 0)
                                                                                                                        + UNSAT
                                                                                                                  + 1 : !!(((((((((((((((((((((((((((('__int_0' bvsub 1) bvsub 1) bvsub 1) bvsub 1) bvsub 1) bvsub 1) bvsub 1) bvsub 1) bvsub 1) bvsub 1) bvsub 1) bvsub 1) bvsub 1) bvsub 1) bvsub 1) bvsub 1) bvsub 1) bvsub 1) bvsub 1) bvsub 1) bvsub 1) bvsub 1) bvsub 1) bvsub 1) bvsub 1) bvsub 1) bvsub 1) bvsle 0)
                                                                                                                    + UNSAT
                                                                                                              + 1 : !!((((((((((((((((((((((((((('__int_0' bvsub 1) bvsub 1) bvsub 1) bvsub 1) bvsub 1) bvsub 1) bvsub 1) bvsub 1) bvsub 1) bvsub 1) bvsub 1) bvsub 1) bvsub 1) bvsub 1) bvsub 1) bvsub 1) bvsub 1) bvsub 1) bvsub 1) bvsub 1) bvsub 1) bvsub 1) bvsub 1) bvsub 1) bvsub 1) bvsub 1) bvsle 0)
                                                                                                                + UNSAT
                                                                                                          + 1 : !!(((((((((((((((((((((((((('__int_0' bvsub 1) bvsub 1) bvsub 1) bvsub 1) bvsub 1) bvsub 1) bvsub 1) bvsub 1) bvsub 1) bvsub 1) bvsub 1) bvsub 1) bvsub 1) bvsub 1) bvsub 1) bvsub 1) bvsub 1) bvsub 1) bvsub 1) bvsub 1) bvsub 1) bvsub 1) bvsub 1) bvsub 1) bvsub 1) bvsle 0)
                                                                                                            + UNSAT
                                                                                                      + 1 : !!((((((((((((((((((((((((('__int_0' bvsub 1) bvsub 1) bvsub 1) bvsub 1) bvsub 1) bvsub 1) bvsub 1) bvsub 1) bvsub 1) bvsub 1) bvsub 1) bvsub 1) bvsub 1) bvsub 1) bvsub 1) bvsub 1) bvsub 1) bvsub 1) bvsub 1) bvsub 1) bvsub 1) bvsub 1) bvsub 1) bvsub 1) bvsle 0)
                                                                                                        + UNSAT
                                                                                                  + 1 : !!(((((((((((((((((((((((('__int_0' bvsub 1) bvsub 1) bvsub 1) bvsub 1) bvsub 1) bvsub 1) bvsub 1) bvsub 1) bvsub 1) bvsub 1) bvsub 1) bvsub 1) bvsub 1) bvsub 1) bvsub 1) bvsub 1) bvsub 1) bvsub 1) bvsub 1) bvsub 1) bvsub 1) bvsub 1) bvsub 1) bvsle 0)
                                                                                                    + UNSAT
                                                                                              + 1 : !!((((((((((((((((((((((('__int_0' bvsub 1) bvsub 1) bvsub 1) bvsub 1) bvsub 1) bvsub 1) bvsub 1) bvsub 1) bvsub 1) bvsub 1) bvsub 1) bvsub 1) bvsub 1) bvsub 1) bvsub 1) bvsub 1) bvsub 1) bvsub 1) bvsub 1) bvsub 1) bvsub 1) bvsub 1) bvsle 0)
                                                                                                + UNSAT
                                                                                          + 1 : !!(((((((((((((((((((((('__int_0' bvsub 1) bvsub 1) bvsub 1) bvsub 1) bvsub 1) bvsub 1) bvsub 1) bvsub 1) bvsub 1) bvsub 1) bvsub 1) bvsub 1) bvsub 1) bvsub 1) bvsub 1) bvsub 1) bvsub 1) bvsub 1) bvsub 1) bvsub 1) bvsub 1) bvsle 0)
                                                                                            + UNSAT
                                                                                      + 1 : !!((((((((((((((((((((('__int_0' bvsub 1) bvsub 1) bvsub 1) bvsub 1) bvsub 1) bvsub 1) bvsub 1) bvsub 1) bvsub 1) bvsub 1) bvsub 1) bvsub 1) bvsub 1) bvsub 1) bvsub 1) bvsub 1) bvsub 1) bvsub 1) bvsub 1) bvsub 1) bvsle 0)
                                                                                        + UNSAT
                                                                                  + 1 : !!(((((((((((((((((((('__int_0' bvsub 1) bvsub 1) bvsub 1) bvsub 1) bvsub 1) bvsub 1) bvsub 1) bvsub 1) bvsub 1) bvsub 1) bvsub 1) bvsub 1) bvsub 1) bvsub 1) bvsub 1) bvsub 1) bvsub 1) bvsub 1) bvsub 1) bvsle 0)
                                                                                    + UNSAT
                                                                              + 1 : !!((((((((((((((((((('__int_0' bvsub 1) bvsub 1) bvsub 1) bvsub 1) bvsub 1) bvsub 1) bvsub 1) bvsub 1) bvsub 1) bvsub 1) bvsub 1) bvsub 1) bvsub 1) bvsub 1) bvsub 1) bvsub 1) bvsub 1) bvsub 1) bvsle 0)
                                                                                + UNSAT
                                                                          + 1 : !!(((((((((((((((((('__int_0' bvsub 1) bvsub 1) bvsub 1) bvsub 1) bvsub 1) bvsub 1) bvsub 1) bvsub 1) bvsub 1) bvsub 1) bvsub 1) bvsub 1) bvsub 1) bvsub 1) bvsub 1) bvsub 1) bvsub 1) bvsle 0)
                                                                            + UNSAT
                                                                      + 1 : !!((((((((((((((((('__int_0' bvsub 1) bvsub 1) bvsub 1) bvsub 1) bvsub 1) bvsub 1) bvsub 1) bvsub 1) bvsub 1) bvsub 1) bvsub 1) bvsub 1) bvsub 1) bvsub 1) bvsub 1) bvsub 1) bvsle 0)
                                                                        + UNSAT
                                                                  + 1 : !!(((((((((((((((('__int_0' bvsub 1) bvsub 1) bvsub 1) bvsub 1) bvsub 1) bvsub 1) bvsub 1) bvsub 1) bvsub 1) bvsub 1) bvsub 1) bvsub 1) bvsub 1) bvsub 1) bvsub 1) bvsle 0)
                                                                    + UNSAT
                                                              + 1 : !!((((((((((((((('__int_0' bvsub 1) bvsub 1) bvsub 1) bvsub 1) bvsub 1) bvsub 1) bvsub 1) bvsub 1) bvsub 1) bvsub 1) bvsub 1) bvsub 1) bvsub 1) bvsub 1) bvsle 0)
                                                                + UNSAT
                                                          + 1 : !!(((((((((((((('__int_0' bvsub 1) bvsub 1) bvsub 1) bvsub 1) bvsub 1) bvsub 1) bvsub 1) bvsub 1) bvsub 1) bvsub 1) bvsub 1) bvsub 1) bvsub 1) bvsle 0)
                                                            + UNSAT
                                                      + 1 : !!((((((((((((('__int_0' bvsub 1) bvsub 1) bvsub 1) bvsub 1) bvsub 1) bvsub 1) bvsub 1) bvsub 1) bvsub 1) bvsub 1) bvsub 1) bvsub 1) bvsle 0)
                                                        + UNSAT
                                                  + 1 : !!(((((((((((('__int_0' bvsub 1) bvsub 1) bvsub 1) bvsub 1) bvsub 1) bvsub 1) bvsub 1) bvsub 1) bvsub 1) bvsub 1) bvsub 1) bvsle 0)
                                                    + UNSAT
                                              + 1 : !!((((((((((('__int_0' bvsub 1) bvsub 1) bvsub 1) bvsub 1) bvsub 1) bvsub 1) bvsub 1) bvsub 1) bvsub 1) bvsub 1) bvsle 0)
                                                + UNSAT
                                          + 1 : !!(((((((((('__int_0' bvsub 1) bvsub 1) bvsub 1) bvsub 1) bvsub 1) bvsub 1) bvsub 1) bvsub 1) bvsub 1) bvsle 0)
                                            + UNSAT
                                      + 1 : !!((((((((('__int_0' bvsub 1) bvsub 1) bvsub 1) bvsub 1) bvsub 1) bvsub 1) bvsub 1) bvsub 1) bvsle 0)
                                        + UNSAT
                                  + 1 : !!(((((((('__int_0' bvsub 1) bvsub 1) bvsub 1) bvsub 1) bvsub 1) bvsub 1) bvsub 1) bvsle 0)
                                    + UNSAT
                              + 1 : !!((((((('__int_0' bvsub 1) bvsub 1) bvsub 1) bvsub 1) bvsub 1) bvsub 1) bvsle 0)
                                + UNSAT
                          + 1 : !!(((((('__int_0' bvsub 1) bvsub 1) bvsub 1) bvsub 1) bvsub 1) bvsle 0)
                            + UNSAT
                      + 1 : !!((((('__int_0' bvsub 1) bvsub 1) bvsub 1) bvsub 1) bvsle 0)
                        + UNSAT
                  + 1 : !!(((('__int_0' bvsub 1) bvsub 1) bvsub 1) bvsle 0)
                    + UNSAT
              + 1 : !!((('__int_0' bvsub 1) bvsub 1) bvsle 0)
                + UNSAT
          + 1 : !!(('__int_0' bvsub 1) bvsle 0)
            + UNSAT
      + 1 : !!('__int_0' bvsle 0)
        + UNSAT
+ 1 : (30 bvsgt '__int_0')
  + OK[complete path:true] . 

Flows recorded for 3 paths. Using 3 (1.0) paths for information flow analysis.
[END OF OUTPUT]
