Random seed: 3159614845178970971
./executor.sh          -cp /tmp/tmp.aEO3jKH6C9:./verifier-stub/target/verifier-stub-1.0.jar -Dconcolic.execution=true -Ddse.witness=false -Ddse.b64encode=true -Dtaint.flow=OFF Shifting
Decision{condition=!('__int_0' bvslt 0), branches=2, branchId=0, assumption=false}
Decision{condition=(100 bvsge '__int_0'), branches=2, branchId=1, assumption=false}
Decision{condition=((1 << ((_ sign_extend 32) ('__int_0' & 63))) bvsle 2147483647), branches=2, branchId=1, assumption=false}
OK: 
./executor.sh     -Dconcolic.ints=[b64]OTU=     -cp /tmp/tmp.aEO3jKH6C9:./verifier-stub/target/verifier-stub-1.0.jar -Dconcolic.execution=true -Ddse.witness=false -Ddse.b64encode=true -Dtaint.flow=OFF Shifting
Decision{condition=!('__int_0' bvslt 0), branches=2, branchId=0, assumption=false}
Decision{condition=(100 bvsge '__int_0'), branches=2, branchId=1, assumption=false}
Decision{condition=((1 << ((_ sign_extend 32) ('__int_0' & 63))) bvsgt 2147483647), branches=2, branchId=0, assumption=false}
ERROR: java/lang/AssertionError
./executor.sh     -Dconcolic.ints=[b64]MTA3Mzc0MTkxOQ==     -cp /tmp/tmp.aEO3jKH6C9:./verifier-stub/target/verifier-stub-1.0.jar -Dconcolic.execution=true -Ddse.witness=false -Ddse.b64encode=true -Dtaint.flow=OFF Shifting
Decision{condition=!('__int_0' bvslt 0), branches=2, branchId=0, assumption=false}
Decision{condition=(100 bvslt '__int_0'), branches=2, branchId=0, assumption=false}
OK: 
./executor.sh     -Dconcolic.ints=[b64]LTIxNDc0ODM2NDg=     -cp /tmp/tmp.aEO3jKH6C9:./verifier-stub/target/verifier-stub-1.0.jar -Dconcolic.execution=true -Ddse.witness=false -Ddse.b64encode=true -Dtaint.flow=OFF Shifting
Decision{condition=('__int_0' bvslt 0), branches=2, branchId=1, assumption=false}
OK: 
Config.isCoverageReport: trueTRYING TO WRITE FILE: /mnt/c/PrivateProjects/BA_24/gdart-fork/coverage-report/src/test/java/ShiftingTest.java
Successfully saved file: /mnt/c/PrivateProjects/BA_24/gdart-fork/coverage-report/src/test/java/ShiftingTest.java

+ 0 : !('__int_0' bvslt 0)
  + 0 : (100 bvslt '__int_0')
    + OK[complete path:true] . __int_0:=1073741919
  + 1 : (100 bvsge '__int_0')
    + 0 : ((1 << ((_ sign_extend 32) ('__int_0' & 63))) bvsgt 2147483647)
      + ERROR[complete path:true] . __int_0:=95 . java/lang/AssertionError
    + 1 : ((1 << ((_ sign_extend 32) ('__int_0' & 63))) bvsle 2147483647)
      + OK[complete path:true] . 
+ 1 : ('__int_0' bvslt 0)
  + OK[complete path:true] . __int_0:=-2147483648

Flows recorded for 4 paths. Using 4 (1.0) paths for information flow analysis.
[END OF OUTPUT]
