Random seed: -3880575748652623406
./executor.sh          -cp /tmp/tmp.jKA5uG33QA:./verifier-stub/target/verifier-stub-1.0.jar -Dconcolic.execution=true -Ddse.witness=false -Ddse.b64encode=true -Dtaint.flow=OFF IntegerCases
Decision{condition=(-2147483648 != '__int_0'), branches=2, branchId=1, assumption=false}
Decision{condition=(2147483647 != '__int_0'), branches=2, branchId=1, assumption=false}
Decision{condition=!('__int_0' != 0), branches=2, branchId=0, assumption=false}
OK: 
./executor.sh     -Dconcolic.ints=[b64]LTE=     -cp /tmp/tmp.jKA5uG33QA:./verifier-stub/target/verifier-stub-1.0.jar -Dconcolic.execution=true -Ddse.witness=false -Ddse.b64encode=true -Dtaint.flow=OFF IntegerCases
Decision{condition=(-2147483648 != '__int_0'), branches=2, branchId=1, assumption=false}
Decision{condition=(2147483647 != '__int_0'), branches=2, branchId=1, assumption=false}
Decision{condition=('__int_0' != 0), branches=2, branchId=1, assumption=false}
OK: 
./executor.sh     -Dconcolic.ints=[b64]MjE0NzQ4MzY0Nw==     -cp /tmp/tmp.jKA5uG33QA:./verifier-stub/target/verifier-stub-1.0.jar -Dconcolic.execution=true -Ddse.witness=false -Ddse.b64encode=true -Dtaint.flow=OFF IntegerCases
Decision{condition=(-2147483648 != '__int_0'), branches=2, branchId=1, assumption=false}
Decision{condition=(2147483647 == '__int_0'), branches=2, branchId=0, assumption=false}
OK: 
./executor.sh     -Dconcolic.ints=[b64]LTIxNDc0ODM2NDg=     -cp /tmp/tmp.jKA5uG33QA:./verifier-stub/target/verifier-stub-1.0.jar -Dconcolic.execution=true -Ddse.witness=false -Ddse.b64encode=true -Dtaint.flow=OFF IntegerCases
Decision{condition=(-2147483648 == '__int_0'), branches=2, branchId=0, assumption=false}
OK: 
Config.isCoverageReport: trueTRYING TO WRITE FILE: /mnt/c/PrivateProjects/BA_24/gdart-fork/coverage-report/src/test/java/IntegerCasesTest.java
Successfully saved file: /mnt/c/PrivateProjects/BA_24/gdart-fork/coverage-report/src/test/java/IntegerCasesTest.java

+ 0 : (-2147483648 == '__int_0')
  + OK[complete path:true] . __int_0:=-2147483648
+ 1 : (-2147483648 != '__int_0')
  + 0 : (2147483647 == '__int_0')
    + OK[complete path:true] . __int_0:=2147483647
  + 1 : (2147483647 != '__int_0')
    + 0 : !('__int_0' != 0)
      + OK[complete path:true] . 
    + 1 : ('__int_0' != 0)
      + OK[complete path:true] . __int_0:=-1

Flows recorded for 4 paths. Using 4 (1.0) paths for information flow analysis.
[END OF OUTPUT]
